000 (10903354.019.000) 06/21 17:34:55 Job submitted from host: <188.185.121.235:9618?addrs=188.185.121.235-9618+[2001-1458-d00-49--100-36e]-9618&alias=bigbird22.cern.ch&noUDP&sock=schedd_5086_26c4>
...
040 (10903354.019.000) 06/21 17:37:03 Started transferring input files
	Transferring to host: <188.185.198.39:9618?addrs=188.185.198.39-9618+[2001-1458-303-25--100-23]-9618&alias=b9p15p8654.cern.ch&noUDP&sock=slot1_26_5242_368e_21146>
...
040 (10903354.019.000) 06/21 17:37:03 Finished transferring input files
...
001 (10903354.019.000) 06/21 17:37:04 Job executing on host: <188.185.198.39:9618?addrs=188.185.198.39-9618+[2001-1458-303-25--100-23]-9618&alias=b9p15p8654.cern.ch&noUDP&sock=startd_4059_b701>
	SlotName: slot1_26@b9p15p8654.cern.ch
	CondorScratchDir = "/pool/condor/dir_2475806"
	Cpus = 1
	Disk = 13073
	GPUs = 0
	Memory = 3000
...
006 (10903354.019.000) 06/21 17:37:13 Image size of job updated: 17720
	18  -  MemoryUsage of job (MB)
	17720  -  ResidentSetSize of job (KB)
...
006 (10903354.019.000) 06/21 17:40:52 Image size of job updated: 104604
	103  -  MemoryUsage of job (MB)
	104604  -  ResidentSetSize of job (KB)
...
040 (10903354.019.000) 06/21 17:40:52 Started transferring output files
...
040 (10903354.019.000) 06/21 17:40:52 Finished transferring output files
...
005 (10903354.019.000) 06/21 17:40:52 Job terminated.
	(1) Normal termination (return value 1)
		Usr 0 00:00:07, Sys 0 00:00:03  -  Run Remote Usage
		Usr 0 00:00:00, Sys 0 00:00:00  -  Run Local Usage
		Usr 0 00:00:07, Sys 0 00:00:03  -  Total Remote Usage
		Usr 0 00:00:00, Sys 0 00:00:00  -  Total Local Usage
	2255  -  Run Bytes Sent By Job
	9642270  -  Run Bytes Received By Job
	2255  -  Total Bytes Sent By Job
	9642270  -  Total Bytes Received By Job
	Partitionable Resources :    Usage  Request Allocated 
	   Cpus                 :        0        1         1 
	   Disk (KB)            :     9444    10000     13073 
	   GPUs                 :                           0 
	   Memory (MB)          :      103     3000      3000 
	   TimeExecute (s)      :      228                    
	   TimeSlotBusy (s)     :      230                    

	Job terminated of its own accord at 2025-06-21T15:40:52Z with exit-code 1.
...
