000 (10903358.024.000) 06/21 17:42:46 Job submitted from host: <188.185.121.235:9618?addrs=188.185.121.235-9618+[2001-1458-d00-49--100-36e]-9618&alias=bigbird22.cern.ch&noUDP&sock=schedd_5086_26c4>
...
040 (10903358.024.000) 06/21 17:43:37 Started transferring input files
	Transferring to host: <188.185.207.150:9618?addrs=188.185.207.150-9618+[2001-1458-303-e--100-13]-9618&alias=b9p08p4939.cern.ch&noUDP&sock=slot1_18_2246369_ed2d_5019>
...
040 (10903358.024.000) 06/21 17:43:37 Finished transferring input files
...
001 (10903358.024.000) 06/21 17:43:38 Job executing on host: <188.185.207.150:9618?addrs=188.185.207.150-9618+[2001-1458-303-e--100-13]-9618&alias=b9p08p4939.cern.ch&noUDP&sock=startd_2246331_cd7c>
	SlotName: slot1_18@b9p08p4939.cern.ch
	CondorScratchDir = "/pool/condor/dir_3829670"
	Cpus = 1
	Disk = 12815
	GPUs = 0
	Memory = 3000
...
006 (10903358.024.000) 06/21 17:43:52 Image size of job updated: 42716
	42  -  MemoryUsage of job (MB)
	42716  -  ResidentSetSize of job (KB)
...
006 (10903358.024.000) 06/21 17:43:56 Image size of job updated: 82468
	42  -  MemoryUsage of job (MB)
	42716  -  ResidentSetSize of job (KB)
...
040 (10903358.024.000) 06/21 17:43:56 Started transferring output files
...
040 (10903358.024.000) 06/21 17:43:56 Finished transferring output files
...
005 (10903358.024.000) 06/21 17:43:56 Job terminated.
	(1) Normal termination (return value 1)
		Usr 0 00:00:05, Sys 0 00:00:04  -  Run Remote Usage
		Usr 0 00:00:00, Sys 0 00:00:00  -  Run Local Usage
		Usr 0 00:00:05, Sys 0 00:00:04  -  Total Remote Usage
		Usr 0 00:00:00, Sys 0 00:00:00  -  Total Local Usage
	2317  -  Run Bytes Sent By Job
	9642281  -  Run Bytes Received By Job
	2317  -  Total Bytes Sent By Job
	9642281  -  Total Bytes Received By Job
	Partitionable Resources :    Usage  Request Allocated 
	   Cpus                 :        0        1         1 
	   Disk (KB)            :     9477    10000     12815 
	   GPUs                 :                           0 
	   Memory (MB)          :       42     3000      3000 
	   TimeExecute (s)      :       18                    
	   TimeSlotBusy (s)     :       20                    

	Job terminated of its own accord at 2025-06-21T15:43:56Z with exit-code 1.
...
