000 (10903356.074.000) 06/21 17:42:10 Job submitted from host: <188.185.121.235:9618?addrs=188.185.121.235-9618+[2001-1458-d00-49--100-36e]-9618&alias=bigbird22.cern.ch&noUDP&sock=schedd_5086_26c4>
...
040 (10903356.074.000) 06/21 17:43:22 Started transferring input files
	Transferring to host: <188.185.198.39:9618?addrs=188.185.198.39-9618+[2001-1458-303-25--100-23]-9618&alias=b9p15p8654.cern.ch&noUDP&sock=slot1_26_5242_368e_21152>
...
040 (10903356.074.000) 06/21 17:43:22 Finished transferring input files
...
001 (10903356.074.000) 06/21 17:43:23 Job executing on host: <188.185.198.39:9618?addrs=188.185.198.39-9618+[2001-1458-303-25--100-23]-9618&alias=b9p15p8654.cern.ch&noUDP&sock=startd_4059_b701>
	SlotName: slot1_26@b9p15p8654.cern.ch
	CondorScratchDir = "/pool/condor/dir_2501349"
	Cpus = 1
	Disk = 13076
	GPUs = 0
	Memory = 3000
...
006 (10903356.074.000) 06/21 17:43:30 Image size of job updated: 4912
	5  -  MemoryUsage of job (MB)
	4912  -  ResidentSetSize of job (KB)
...
040 (10903356.074.000) 06/21 17:43:30 Started transferring output files
...
040 (10903356.074.000) 06/21 17:43:30 Finished transferring output files
...
005 (10903356.074.000) 06/21 17:43:30 Job terminated.
	(1) Normal termination (return value 1)
		Usr 0 00:00:06, Sys 0 00:00:02  -  Run Remote Usage
		Usr 0 00:00:00, Sys 0 00:00:00  -  Run Local Usage
		Usr 0 00:00:06, Sys 0 00:00:02  -  Total Remote Usage
		Usr 0 00:00:00, Sys 0 00:00:00  -  Total Local Usage
	2317  -  Run Bytes Sent By Job
	9642281  -  Run Bytes Received By Job
	2317  -  Total Bytes Sent By Job
	9642281  -  Total Bytes Received By Job
	Partitionable Resources :    Usage  Request Allocated 
	   Cpus                 :        0        1         1 
	   Disk (KB)            :     9444    10000     13076 
	   GPUs                 :                           0 
	   Memory (MB)          :        5     3000      3000 
	   TimeExecute (s)      :        7                    
	   TimeSlotBusy (s)     :        8                    

	Job terminated of its own accord at 2025-06-21T15:43:30Z with exit-code 1.
...
