000 (10903354.051.000) 06/21 17:34:55 Job submitted from host: <188.185.121.235:9618?addrs=188.185.121.235-9618+[2001-1458-d00-49--100-36e]-9618&alias=bigbird22.cern.ch&noUDP&sock=schedd_5086_26c4>
...
040 (10903354.051.000) 06/21 17:37:14 Started transferring input files
	Transferring to host: <188.185.192.96:9618?addrs=188.185.192.96-9618+[2001-1458-303-1f--100-5c]-9618&alias=b9p13p7489.cern.ch&noUDP&sock=slot1_3_8696_de5b_22469>
...
040 (10903354.051.000) 06/21 17:37:14 Finished transferring input files
...
001 (10903354.051.000) 06/21 17:37:15 Job executing on host: <188.185.192.96:9618?addrs=188.185.192.96-9618+[2001-1458-303-1f--100-5c]-9618&alias=b9p13p7489.cern.ch&noUDP&sock=startd_8208_9571>
	SlotName: slot1_3@b9p13p7489.cern.ch
	CondorScratchDir = "/pool/condor/dir_3387711"
	Cpus = 1
	Disk = 13014
	GPUs = 0
	Memory = 3000
...
006 (10903354.051.000) 06/21 17:37:24 Image size of job updated: 20384
	20  -  MemoryUsage of job (MB)
	20384  -  ResidentSetSize of job (KB)
...
006 (10903354.051.000) 06/21 17:40:33 Image size of job updated: 98096
	96  -  MemoryUsage of job (MB)
	98096  -  ResidentSetSize of job (KB)
...
040 (10903354.051.000) 06/21 17:40:33 Started transferring output files
...
040 (10903354.051.000) 06/21 17:40:33 Finished transferring output files
...
005 (10903354.051.000) 06/21 17:40:33 Job terminated.
	(1) Normal termination (return value 1)
		Usr 0 00:00:08, Sys 0 00:00:03  -  Run Remote Usage
		Usr 0 00:00:00, Sys 0 00:00:00  -  Run Local Usage
		Usr 0 00:00:08, Sys 0 00:00:03  -  Total Remote Usage
		Usr 0 00:00:00, Sys 0 00:00:00  -  Total Local Usage
	2255  -  Run Bytes Sent By Job
	9642270  -  Run Bytes Received By Job
	2255  -  Total Bytes Sent By Job
	9642270  -  Total Bytes Received By Job
	Partitionable Resources :    Usage  Request Allocated 
	   Cpus                 :     0.04        1         1 
	   Disk (KB)            :  9445       10000     13014 
	   GPUs                 :                           0 
	   Memory (MB)          :    96        3000      3000 
	   TimeExecute (s)      :   198                       
	   TimeSlotBusy (s)     :   200                       

	Job terminated of its own accord at 2025-06-21T15:40:33Z with exit-code 1.
...
