000 (10903354.039.000) 06/21 17:34:55 Job submitted from host: <188.185.121.235:9618?addrs=188.185.121.235-9618+[2001-1458-d00-49--100-36e]-9618&alias=bigbird22.cern.ch&noUDP&sock=schedd_5086_26c4>
...
040 (10903354.039.000) 06/21 17:37:10 Started transferring input files
	Transferring to host: <188.185.214.41:9618?addrs=188.185.214.41-9618+[2001-1458-303-1c--100-25]-9618&alias=b9p29p3727.cern.ch&noUDP&sock=slot1_24_8386_720e_22933>
...
040 (10903354.039.000) 06/21 17:37:10 Finished transferring input files
...
001 (10903354.039.000) 06/21 17:37:11 Job executing on host: <188.185.214.41:9618?addrs=188.185.214.41-9618+[2001-1458-303-1c--100-25]-9618&alias=b9p29p3727.cern.ch&noUDP&sock=startd_8239_d8e1>
	SlotName: slot1_24@b9p29p3727.cern.ch
	CondorScratchDir = "/pool/condor/dir_3183160"
	Cpus = 1
	Disk = 13001
	GPUs = 0
	Memory = 3000
...
006 (10903354.039.000) 06/21 17:37:20 Image size of job updated: 52708
	52  -  MemoryUsage of job (MB)
	52708  -  ResidentSetSize of job (KB)
...
006 (10903354.039.000) 06/21 17:37:27 Image size of job updated: 102368
	100  -  MemoryUsage of job (MB)
	102368  -  ResidentSetSize of job (KB)
...
040 (10903354.039.000) 06/21 17:37:27 Started transferring output files
...
040 (10903354.039.000) 06/21 17:37:27 Finished transferring output files
...
005 (10903354.039.000) 06/21 17:37:27 Job terminated.
	(1) Normal termination (return value 1)
		Usr 0 00:00:06, Sys 0 00:00:04  -  Run Remote Usage
		Usr 0 00:00:00, Sys 0 00:00:00  -  Run Local Usage
		Usr 0 00:00:06, Sys 0 00:00:04  -  Total Remote Usage
		Usr 0 00:00:00, Sys 0 00:00:00  -  Total Local Usage
	2255  -  Run Bytes Sent By Job
	9642270  -  Run Bytes Received By Job
	2255  -  Total Bytes Sent By Job
	9642270  -  Total Bytes Received By Job
	Partitionable Resources :    Usage  Request Allocated 
	   Cpus                 :        0        1         1 
	   Disk (KB)            :     9444    10000     13001 
	   GPUs                 :                           0 
	   Memory (MB)          :      100     3000      3000 
	   TimeExecute (s)      :       16                    
	   TimeSlotBusy (s)     :       18                    

	Job terminated of its own accord at 2025-06-21T15:37:27Z with exit-code 1.
...
