000 (10903354.009.000) 06/21 17:34:55 Job submitted from host: <188.185.121.235:9618?addrs=188.185.121.235-9618+[2001-1458-d00-49--100-36e]-9618&alias=bigbird22.cern.ch&noUDP&sock=schedd_5086_26c4>
...
040 (10903354.009.000) 06/21 17:37:00 Started transferring input files
	Transferring to host: <188.185.211.187:9618?addrs=188.185.211.187-9618+[2001-1458-303-17--100-37]-9618&alias=b9p24p5995.cern.ch&noUDP&sock=slot1_13_7547_4b4c_21917>
...
040 (10903354.009.000) 06/21 17:37:00 Finished transferring input files
...
001 (10903354.009.000) 06/21 17:37:01 Job executing on host: <188.185.211.187:9618?addrs=188.185.211.187-9618+[2001-1458-303-17--100-37]-9618&alias=b9p24p5995.cern.ch&noUDP&sock=startd_6460_99e5>
	SlotName: slot1_13@b9p24p5995.cern.ch
	CondorScratchDir = "/pool/condor/dir_496612"
	Cpus = 1
	Disk = 13079
	GPUs = 0
	Memory = 3000
...
006 (10903354.009.000) 06/21 17:37:10 Image size of job updated: 55804
	55  -  MemoryUsage of job (MB)
	55804  -  ResidentSetSize of job (KB)
...
006 (10903354.009.000) 06/21 17:37:20 Image size of job updated: 100980
	99  -  MemoryUsage of job (MB)
	100980  -  ResidentSetSize of job (KB)
...
040 (10903354.009.000) 06/21 17:37:20 Started transferring output files
...
040 (10903354.009.000) 06/21 17:37:20 Finished transferring output files
...
005 (10903354.009.000) 06/21 17:37:20 Job terminated.
	(1) Normal termination (return value 1)
		Usr 0 00:00:06, Sys 0 00:00:04  -  Run Remote Usage
		Usr 0 00:00:00, Sys 0 00:00:00  -  Run Local Usage
		Usr 0 00:00:06, Sys 0 00:00:04  -  Total Remote Usage
		Usr 0 00:00:00, Sys 0 00:00:00  -  Total Local Usage
	2255  -  Run Bytes Sent By Job
	9642270  -  Run Bytes Received By Job
	2255  -  Total Bytes Sent By Job
	9642270  -  Total Bytes Received By Job
	Partitionable Resources :    Usage  Request Allocated 
	   Cpus                 :        0        1         1 
	   Disk (KB)            :     9444    10000     13079 
	   GPUs                 :                           0 
	   Memory (MB)          :       99     3000      3000 
	   TimeExecute (s)      :       19                    
	   TimeSlotBusy (s)     :       21                    

	Job terminated of its own accord at 2025-06-21T15:37:20Z with exit-code 1.
...
