000 (10903354.002.000) 06/21 17:34:55 Job submitted from host: <188.185.121.235:9618?addrs=188.185.121.235-9618+[2001-1458-d00-49--100-36e]-9618&alias=bigbird22.cern.ch&noUDP&sock=schedd_5086_26c4>
...
040 (10903354.002.000) 06/21 17:36:58 Started transferring input files
	Transferring to host: <188.185.210.88:9618?addrs=188.185.210.88-9618+[2001-1458-303-1--100-54]-9618&alias=b9p21p0205.cern.ch&noUDP&sock=slot1_15_8402_b80f_19768>
...
040 (10903354.002.000) 06/21 17:36:58 Finished transferring input files
...
001 (10903354.002.000) 06/21 17:36:59 Job executing on host: <188.185.210.88:9618?addrs=188.185.210.88-9618+[2001-1458-303-1--100-54]-9618&alias=b9p21p0205.cern.ch&noUDP&sock=startd_8334_0260>
	SlotName: slot1_15@b9p21p0205.cern.ch
	CondorScratchDir = "/pool/condor/dir_3432263"
	Cpus = 1
	Disk = 13019
	GPUs = 0
	Memory = 3000
...
006 (10903354.002.000) 06/21 17:37:08 Image size of job updated: 18012
	18  -  MemoryUsage of job (MB)
	18012  -  ResidentSetSize of job (KB)
...
006 (10903354.002.000) 06/21 17:40:11 Image size of job updated: 101080
	99  -  MemoryUsage of job (MB)
	101080  -  ResidentSetSize of job (KB)
...
040 (10903354.002.000) 06/21 17:40:11 Started transferring output files
...
040 (10903354.002.000) 06/21 17:40:11 Finished transferring output files
...
005 (10903354.002.000) 06/21 17:40:11 Job terminated.
	(1) Normal termination (return value 1)
		Usr 0 00:00:06, Sys 0 00:00:04  -  Run Remote Usage
		Usr 0 00:00:00, Sys 0 00:00:00  -  Run Local Usage
		Usr 0 00:00:06, Sys 0 00:00:04  -  Total Remote Usage
		Usr 0 00:00:00, Sys 0 00:00:00  -  Total Local Usage
	2255  -  Run Bytes Sent By Job
	9642270  -  Run Bytes Received By Job
	2255  -  Total Bytes Sent By Job
	9642270  -  Total Bytes Received By Job
	Partitionable Resources :    Usage  Request Allocated 
	   Cpus                 :     0.05        1         1 
	   Disk (KB)            :  9444       10000     13019 
	   GPUs                 :                           0 
	   Memory (MB)          :    99        3000      3000 
	   TimeExecute (s)      :   192                       
	   TimeSlotBusy (s)     :   194                       

	Job terminated of its own accord at 2025-06-21T15:40:11Z with exit-code 1.
...
