000 (10903356.054.000) 06/21 17:42:10 Job submitted from host: <188.185.121.235:9618?addrs=188.185.121.235-9618+[2001-1458-d00-49--100-36e]-9618&alias=bigbird22.cern.ch&noUDP&sock=schedd_5086_26c4>
...
040 (10903356.054.000) 06/21 17:43:46 Started transferring input files
	Transferring to host: <188.185.192.50:9618?addrs=188.185.192.50-9618+[2001-1458-303-1f--100-2e]-9618&alias=b9p13p1639.cern.ch&noUDP&sock=slot1_35_8805_ab3f_22380>
...
040 (10903356.054.000) 06/21 17:43:46 Finished transferring input files
...
001 (10903356.054.000) 06/21 17:43:47 Job executing on host: <188.185.192.50:9618?addrs=188.185.192.50-9618+[2001-1458-303-1f--100-2e]-9618&alias=b9p13p1639.cern.ch&noUDP&sock=startd_8718_66be>
	SlotName: slot1_35@b9p13p1639.cern.ch
	CondorScratchDir = "/pool/condor/dir_1679198"
	Cpus = 1
	Disk = 13134
	GPUs = 0
	Memory = 3000
...
006 (10903356.054.000) 06/21 17:44:01 Image size of job updated: 59340
	58  -  MemoryUsage of job (MB)
	59340  -  ResidentSetSize of job (KB)
...
006 (10903356.054.000) 06/21 17:44:02 Image size of job updated: 59372
	58  -  MemoryUsage of job (MB)
	59372  -  ResidentSetSize of job (KB)
...
040 (10903356.054.000) 06/21 17:44:02 Started transferring output files
...
040 (10903356.054.000) 06/21 17:44:02 Finished transferring output files
...
005 (10903356.054.000) 06/21 17:44:02 Job terminated.
	(1) Normal termination (return value 1)
		Usr 0 00:00:08, Sys 0 00:00:03  -  Run Remote Usage
		Usr 0 00:00:00, Sys 0 00:00:00  -  Run Local Usage
		Usr 0 00:00:08, Sys 0 00:00:03  -  Total Remote Usage
		Usr 0 00:00:00, Sys 0 00:00:00  -  Total Local Usage
	2317  -  Run Bytes Sent By Job
	9642281  -  Run Bytes Received By Job
	2317  -  Total Bytes Sent By Job
	9642281  -  Total Bytes Received By Job
	Partitionable Resources :    Usage  Request Allocated 
	   Cpus                 :        0        1         1 
	   Disk (KB)            :     9475    10000     13134 
	   GPUs                 :                           0 
	   Memory (MB)          :       58     3000      3000 
	   TimeExecute (s)      :       15                    
	   TimeSlotBusy (s)     :       16                    

	Job terminated of its own accord at 2025-06-21T15:44:02Z with exit-code 1.
...
