000 (10903354.003.000) 06/21 17:34:55 Job submitted from host: <188.185.121.235:9618?addrs=188.185.121.235-9618+[2001-1458-d00-49--100-36e]-9618&alias=bigbird22.cern.ch&noUDP&sock=schedd_5086_26c4>
...
040 (10903354.003.000) 06/21 17:36:58 Started transferring input files
	Transferring to host: <188.185.209.93:9618?addrs=188.185.209.93-9618+[2001-1458-303-11--100-5a]-9618&alias=b9p11p1092.cern.ch&noUDP&sock=slot1_2_1481858_c41c_4856>
...
040 (10903354.003.000) 06/21 17:36:58 Finished transferring input files
...
001 (10903354.003.000) 06/21 17:36:59 Job executing on host: <188.185.209.93:9618?addrs=188.185.209.93-9618+[2001-1458-303-11--100-5a]-9618&alias=b9p11p1092.cern.ch&noUDP&sock=startd_1481759_014a>
	SlotName: slot1_2@b9p11p1092.cern.ch
	CondorScratchDir = "/pool/condor/dir_419499"
	Cpus = 1
	Disk = 12810
	GPUs = 0
	Memory = 3000
...
006 (10903354.003.000) 06/21 17:37:13 Image size of job updated: 57316
	56  -  MemoryUsage of job (MB)
	57316  -  ResidentSetSize of job (KB)
...
040 (10903354.003.000) 06/21 17:37:20 Started transferring output files
...
040 (10903354.003.000) 06/21 17:37:20 Finished transferring output files
...
005 (10903354.003.000) 06/21 17:37:20 Job terminated.
	(1) Normal termination (return value 1)
		Usr 0 00:00:05, Sys 0 00:00:03  -  Run Remote Usage
		Usr 0 00:00:00, Sys 0 00:00:00  -  Run Local Usage
		Usr 0 00:00:05, Sys 0 00:00:03  -  Total Remote Usage
		Usr 0 00:00:00, Sys 0 00:00:00  -  Total Local Usage
	2255  -  Run Bytes Sent By Job
	9642270  -  Run Bytes Received By Job
	2255  -  Total Bytes Sent By Job
	9642270  -  Total Bytes Received By Job
	Partitionable Resources :    Usage  Request Allocated 
	   Cpus                 :        0        1         1 
	   Disk (KB)            :     9446    10000     12810 
	   GPUs                 :                           0 
	   Memory (MB)          :       56     3000      3000 
	   TimeExecute (s)      :       21                    
	   TimeSlotBusy (s)     :       23                    

	Job terminated of its own accord at 2025-06-21T15:37:20Z with exit-code 1.
...
