000 (10903356.035.000) 06/21 17:42:10 Job submitted from host: <188.185.121.235:9618?addrs=188.185.121.235-9618+[2001-1458-d00-49--100-36e]-9618&alias=bigbird22.cern.ch&noUDP&sock=schedd_5086_26c4>
...
040 (10903356.035.000) 06/21 17:43:11 Started transferring input files
	Transferring to host: <188.185.192.141:9618?addrs=188.185.192.141-9618+[2001-1458-303-1f--100-89]-9618&alias=b9p13p6301.cern.ch&noUDP&sock=slot1_11_11536_e7ce_5840>
...
040 (10903356.035.000) 06/21 17:43:11 Finished transferring input files
...
001 (10903356.035.000) 06/21 17:43:12 Job executing on host: <188.185.192.141:9618?addrs=188.185.192.141-9618+[2001-1458-303-1f--100-89]-9618&alias=b9p13p6301.cern.ch&noUDP&sock=startd_10578_34e6>
	SlotName: slot1_11@b9p13p6301.cern.ch
	CondorScratchDir = "/pool/condor/dir_2373798"
	Cpus = 1
	Disk = 13176
	GPUs = 0
	Memory = 3000
...
006 (10903356.035.000) 06/21 17:43:26 Image size of job updated: 15600
	16  -  MemoryUsage of job (MB)
	15600  -  ResidentSetSize of job (KB)
...
006 (10903356.035.000) 06/21 17:43:31 Image size of job updated: 37724
	16  -  MemoryUsage of job (MB)
	15600  -  ResidentSetSize of job (KB)
...
040 (10903356.035.000) 06/21 17:43:31 Started transferring output files
...
040 (10903356.035.000) 06/21 17:43:31 Finished transferring output files
...
005 (10903356.035.000) 06/21 17:43:31 Job terminated.
	(1) Normal termination (return value 1)
		Usr 0 00:00:07, Sys 0 00:00:03  -  Run Remote Usage
		Usr 0 00:00:00, Sys 0 00:00:00  -  Run Local Usage
		Usr 0 00:00:07, Sys 0 00:00:03  -  Total Remote Usage
		Usr 0 00:00:00, Sys 0 00:00:00  -  Total Local Usage
	2316  -  Run Bytes Sent By Job
	9642281  -  Run Bytes Received By Job
	2316  -  Total Bytes Sent By Job
	9642281  -  Total Bytes Received By Job
	Partitionable Resources :    Usage  Request Allocated 
	   Cpus                 :        0        1         1 
	   Disk (KB)            :     9444    10000     13176 
	   GPUs                 :                           0 
	   Memory (MB)          :       16     3000      3000 
	   TimeExecute (s)      :       19                    
	   TimeSlotBusy (s)     :       21                    

	Job terminated of its own accord at 2025-06-21T15:43:31Z with exit-code 1.
...
