000 (10903354.008.000) 06/21 17:34:55 Job submitted from host: <188.185.121.235:9618?addrs=188.185.121.235-9618+[2001-1458-d00-49--100-36e]-9618&alias=bigbird22.cern.ch&noUDP&sock=schedd_5086_26c4>
...
040 (10903354.008.000) 06/21 17:37:00 Started transferring input files
	Transferring to host: <188.185.215.92:9618?addrs=188.185.215.92-9618+[2001-1458-303-1e--100-58]-9618&alias=b9p31p7012.cern.ch&noUDP&sock=slot1_11_8244_64c8_22788>
...
040 (10903354.008.000) 06/21 17:37:00 Finished transferring input files
...
001 (10903354.008.000) 06/21 17:37:01 Job executing on host: <188.185.215.92:9618?addrs=188.185.215.92-9618+[2001-1458-303-1e--100-58]-9618&alias=b9p31p7012.cern.ch&noUDP&sock=startd_7661_6323>
	SlotName: slot1_11@b9p31p7012.cern.ch
	CondorScratchDir = "/pool/condor/dir_991497"
	Cpus = 1
	Disk = 13109
	GPUs = 0
	Memory = 3000
...
006 (10903354.008.000) 06/21 17:37:10 Image size of job updated: 50324
	50  -  MemoryUsage of job (MB)
	50324  -  ResidentSetSize of job (KB)
...
006 (10903354.008.000) 06/21 17:39:49 Image size of job updated: 104032
	102  -  MemoryUsage of job (MB)
	104032  -  ResidentSetSize of job (KB)
...
040 (10903354.008.000) 06/21 17:39:49 Started transferring output files
...
040 (10903354.008.000) 06/21 17:39:49 Finished transferring output files
...
005 (10903354.008.000) 06/21 17:39:49 Job terminated.
	(1) Normal termination (return value 1)
		Usr 0 00:00:06, Sys 0 00:00:04  -  Run Remote Usage
		Usr 0 00:00:00, Sys 0 00:00:00  -  Run Local Usage
		Usr 0 00:00:06, Sys 0 00:00:04  -  Total Remote Usage
		Usr 0 00:00:00, Sys 0 00:00:00  -  Total Local Usage
	2255  -  Run Bytes Sent By Job
	9642270  -  Run Bytes Received By Job
	2255  -  Total Bytes Sent By Job
	9642270  -  Total Bytes Received By Job
	Partitionable Resources :    Usage  Request Allocated 
	   Cpus                 :     0.08        1         1 
	   Disk (KB)            :  9444       10000     13109 
	   GPUs                 :                           0 
	   Memory (MB)          :   102        3000      3000 
	   TimeExecute (s)      :   168                       
	   TimeSlotBusy (s)     :   170                       

	Job terminated of its own accord at 2025-06-21T15:39:49Z with exit-code 1.
...
