000 (10903354.020.000) 06/21 17:34:55 Job submitted from host: <188.185.121.235:9618?addrs=188.185.121.235-9618+[2001-1458-d00-49--100-36e]-9618&alias=bigbird22.cern.ch&noUDP&sock=schedd_5086_26c4>
...
040 (10903354.020.000) 06/21 17:37:04 Started transferring input files
	Transferring to host: <188.185.213.230:9618?addrs=188.185.213.230-9618+[2001-1458-303-1b--100-62]-9618&alias=b9p28p6468.cern.ch&noUDP&sock=slot1_17_952749_9c30_4640>
...
040 (10903354.020.000) 06/21 17:37:04 Finished transferring input files
...
001 (10903354.020.000) 06/21 17:37:05 Job executing on host: <188.185.213.230:9618?addrs=188.185.213.230-9618+[2001-1458-303-1b--100-62]-9618&alias=b9p28p6468.cern.ch&noUDP&sock=startd_952708_060c>
	SlotName: slot1_17@b9p28p6468.cern.ch
	CondorScratchDir = "/pool/condor/dir_4020466"
	Cpus = 1
	Disk = 13036
	GPUs = 0
	Memory = 3000
...
006 (10903354.020.000) 06/21 17:37:14 Image size of job updated: 18432
	18  -  MemoryUsage of job (MB)
	18432  -  ResidentSetSize of job (KB)
...
006 (10903354.020.000) 06/21 17:40:33 Image size of job updated: 103572
	102  -  MemoryUsage of job (MB)
	103572  -  ResidentSetSize of job (KB)
...
040 (10903354.020.000) 06/21 17:40:33 Started transferring output files
...
040 (10903354.020.000) 06/21 17:40:33 Finished transferring output files
...
005 (10903354.020.000) 06/21 17:40:33 Job terminated.
	(1) Normal termination (return value 1)
		Usr 0 00:00:06, Sys 0 00:00:04  -  Run Remote Usage
		Usr 0 00:00:00, Sys 0 00:00:00  -  Run Local Usage
		Usr 0 00:00:06, Sys 0 00:00:04  -  Total Remote Usage
		Usr 0 00:00:00, Sys 0 00:00:00  -  Total Local Usage
	2255  -  Run Bytes Sent By Job
	9642270  -  Run Bytes Received By Job
	2255  -  Total Bytes Sent By Job
	9642270  -  Total Bytes Received By Job
	Partitionable Resources :    Usage  Request Allocated 
	   Cpus                 :        0        1         1 
	   Disk (KB)            :     9444    10000     13036 
	   GPUs                 :                           0 
	   Memory (MB)          :      102     3000      3000 
	   TimeExecute (s)      :      208                    
	   TimeSlotBusy (s)     :      210                    

	Job terminated of its own accord at 2025-06-21T15:40:33Z with exit-code 1.
...
