000 (10903354.062.000) 06/21 17:34:55 Job submitted from host: <188.185.121.235:9618?addrs=188.185.121.235-9618+[2001-1458-d00-49--100-36e]-9618&alias=bigbird22.cern.ch&noUDP&sock=schedd_5086_26c4>
...
040 (10903354.062.000) 06/21 17:37:17 Started transferring input files
	Transferring to host: <188.185.192.43:9618?addrs=188.185.192.43-9618+[2001-1458-303-1f--100-27]-9618&alias=b9p13p3492.cern.ch&noUDP&sock=slot1_26_3374927_21b1_5533>
...
040 (10903354.062.000) 06/21 17:37:17 Finished transferring input files
...
001 (10903354.062.000) 06/21 17:37:18 Job executing on host: <188.185.192.43:9618?addrs=188.185.192.43-9618+[2001-1458-303-1f--100-27]-9618&alias=b9p13p3492.cern.ch&noUDP&sock=startd_3374854_b6d3>
	SlotName: slot1_26@b9p13p3492.cern.ch
	CondorScratchDir = "/pool/condor/dir_3607556"
	Cpus = 1
	Disk = 13122
	GPUs = 0
	Memory = 3000
...
006 (10903354.062.000) 06/21 17:37:32 Image size of job updated: 15864
	16  -  MemoryUsage of job (MB)
	15564  -  ResidentSetSize of job (KB)
...
006 (10903354.062.000) 06/21 17:37:41 Image size of job updated: 48328
	16  -  MemoryUsage of job (MB)
	15564  -  ResidentSetSize of job (KB)
...
040 (10903354.062.000) 06/21 17:37:41 Started transferring output files
...
040 (10903354.062.000) 06/21 17:37:41 Finished transferring output files
...
005 (10903354.062.000) 06/21 17:37:41 Job terminated.
	(1) Normal termination (return value 1)
		Usr 0 00:00:08, Sys 0 00:00:03  -  Run Remote Usage
		Usr 0 00:00:00, Sys 0 00:00:00  -  Run Local Usage
		Usr 0 00:00:08, Sys 0 00:00:03  -  Total Remote Usage
		Usr 0 00:00:00, Sys 0 00:00:00  -  Total Local Usage
	2255  -  Run Bytes Sent By Job
	9642270  -  Run Bytes Received By Job
	2255  -  Total Bytes Sent By Job
	9642270  -  Total Bytes Received By Job
	Partitionable Resources :    Usage  Request Allocated 
	   Cpus                 :        0        1         1 
	   Disk (KB)            :     9444    10000     13122 
	   GPUs                 :                           0 
	   Memory (MB)          :       16     3000      3000 
	   TimeExecute (s)      :       23                    
	   TimeSlotBusy (s)     :       25                    

	Job terminated of its own accord at 2025-06-21T15:37:41Z with exit-code 1.
...
