000 (10903356.003.000) 06/21 17:42:10 Job submitted from host: <188.185.121.235:9618?addrs=188.185.121.235-9618+[2001-1458-d00-49--100-36e]-9618&alias=bigbird22.cern.ch&noUDP&sock=schedd_5086_26c4>
...
040 (10903356.003.000) 06/21 17:43:02 Started transferring input files
	Transferring to host: <188.185.198.134:9618?addrs=188.185.198.134-9618+[2001-1458-303-25--100-82]-9618&alias=b9p15p6683.cern.ch&noUDP&sock=slot1_13_5124_1249_24280>
...
040 (10903356.003.000) 06/21 17:43:02 Finished transferring input files
...
001 (10903356.003.000) 06/21 17:43:03 Job executing on host: <188.185.198.134:9618?addrs=188.185.198.134-9618+[2001-1458-303-25--100-82]-9618&alias=b9p15p6683.cern.ch&noUDP&sock=startd_4028_7391>
	SlotName: slot1_13@b9p15p6683.cern.ch
	CondorScratchDir = "/pool/condor/dir_3189100"
	Cpus = 1
	Disk = 12966
	GPUs = 0
	Memory = 3000
...
006 (10903356.003.000) 06/21 17:43:17 Image size of job updated: 15588
	16  -  MemoryUsage of job (MB)
	15588  -  ResidentSetSize of job (KB)
...
006 (10903356.003.000) 06/21 17:43:22 Image size of job updated: 27204
	16  -  MemoryUsage of job (MB)
	15588  -  ResidentSetSize of job (KB)
...
040 (10903356.003.000) 06/21 17:43:22 Started transferring output files
...
040 (10903356.003.000) 06/21 17:43:22 Finished transferring output files
...
005 (10903356.003.000) 06/21 17:43:22 Job terminated.
	(1) Normal termination (return value 1)
		Usr 0 00:00:08, Sys 0 00:00:03  -  Run Remote Usage
		Usr 0 00:00:00, Sys 0 00:00:00  -  Run Local Usage
		Usr 0 00:00:08, Sys 0 00:00:03  -  Total Remote Usage
		Usr 0 00:00:00, Sys 0 00:00:00  -  Total Local Usage
	2317  -  Run Bytes Sent By Job
	9642281  -  Run Bytes Received By Job
	2317  -  Total Bytes Sent By Job
	9642281  -  Total Bytes Received By Job
	Partitionable Resources :    Usage  Request Allocated 
	   Cpus                 :        0        1         1 
	   Disk (KB)            :     9444    10000     12966 
	   GPUs                 :                           0 
	   Memory (MB)          :       16     3000      3000 
	   TimeExecute (s)      :       19                    
	   TimeSlotBusy (s)     :       21                    

	Job terminated of its own accord at 2025-06-21T15:43:22Z with exit-code 1.
...
