000 (10903354.081.000) 06/21 17:34:55 Job submitted from host: <188.185.121.235:9618?addrs=188.185.121.235-9618+[2001-1458-d00-49--100-36e]-9618&alias=bigbird22.cern.ch&noUDP&sock=schedd_5086_26c4>
...
040 (10903354.081.000) 06/21 17:37:23 Started transferring input files
	Transferring to host: <188.185.213.164:9618?addrs=188.185.213.164-9618+[2001-1458-303-1b--100-20]-9618&alias=b9p28p4074.cern.ch&noUDP&sock=slot1_13_8424_3850_22883>
...
040 (10903354.081.000) 06/21 17:37:23 Finished transferring input files
...
001 (10903354.081.000) 06/21 17:37:24 Job executing on host: <188.185.213.164:9618?addrs=188.185.213.164-9618+[2001-1458-303-1b--100-20]-9618&alias=b9p28p4074.cern.ch&noUDP&sock=startd_8375_21c2>
	SlotName: slot1_13@b9p28p4074.cern.ch
	CondorScratchDir = "/pool/condor/dir_2527940"
	Cpus = 1
	Disk = 13006
	GPUs = 0
	Memory = 3000
...
006 (10903354.081.000) 06/21 17:37:33 Image size of job updated: 85516
	84  -  MemoryUsage of job (MB)
	85516  -  ResidentSetSize of job (KB)
...
006 (10903354.081.000) 06/21 17:37:38 Image size of job updated: 104116
	102  -  MemoryUsage of job (MB)
	104116  -  ResidentSetSize of job (KB)
...
040 (10903354.081.000) 06/21 17:37:38 Started transferring output files
...
040 (10903354.081.000) 06/21 17:37:38 Finished transferring output files
...
005 (10903354.081.000) 06/21 17:37:38 Job terminated.
	(1) Normal termination (return value 1)
		Usr 0 00:00:05, Sys 0 00:00:04  -  Run Remote Usage
		Usr 0 00:00:00, Sys 0 00:00:00  -  Run Local Usage
		Usr 0 00:00:05, Sys 0 00:00:04  -  Total Remote Usage
		Usr 0 00:00:00, Sys 0 00:00:00  -  Total Local Usage
	2255  -  Run Bytes Sent By Job
	9642270  -  Run Bytes Received By Job
	2255  -  Total Bytes Sent By Job
	9642270  -  Total Bytes Received By Job
	Partitionable Resources :    Usage  Request Allocated 
	   Cpus                 :        0        1         1 
	   Disk (KB)            :     9444    10000     13006 
	   GPUs                 :                           0 
	   Memory (MB)          :      102     3000      3000 
	   TimeExecute (s)      :       14                    
	   TimeSlotBusy (s)     :       16                    

	Job terminated of its own accord at 2025-06-21T15:37:38Z with exit-code 1.
...
