000 (10903354.022.000) 06/21 17:34:55 Job submitted from host: <188.185.121.235:9618?addrs=188.185.121.235-9618+[2001-1458-d00-49--100-36e]-9618&alias=bigbird22.cern.ch&noUDP&sock=schedd_5086_26c4>
...
040 (10903354.022.000) 06/21 17:37:04 Started transferring input files
	Transferring to host: <188.185.213.142:9618?addrs=188.185.213.142-9618+[2001-1458-303-1b--100-a]-9618&alias=b9p28p1864.cern.ch&noUDP&sock=slot1_15_8678_2f9a_27611>
...
040 (10903354.022.000) 06/21 17:37:04 Finished transferring input files
...
001 (10903354.022.000) 06/21 17:37:05 Job executing on host: <188.185.213.142:9618?addrs=188.185.213.142-9618+[2001-1458-303-1b--100-a]-9618&alias=b9p28p1864.cern.ch&noUDP&sock=startd_7462_e3ca>
	SlotName: slot1_15@b9p28p1864.cern.ch
	CondorScratchDir = "/pool/condor/dir_257320"
	Cpus = 1
	Disk = 12940
	GPUs = 0
	Memory = 3000
...
006 (10903354.022.000) 06/21 17:37:14 Image size of job updated: 52532
	52  -  MemoryUsage of job (MB)
	52532  -  ResidentSetSize of job (KB)
...
006 (10903354.022.000) 06/21 17:37:20 Image size of job updated: 104800
	103  -  MemoryUsage of job (MB)
	104800  -  ResidentSetSize of job (KB)
...
040 (10903354.022.000) 06/21 17:37:20 Started transferring output files
...
040 (10903354.022.000) 06/21 17:37:20 Finished transferring output files
...
005 (10903354.022.000) 06/21 17:37:20 Job terminated.
	(1) Normal termination (return value 1)
		Usr 0 00:00:05, Sys 0 00:00:03  -  Run Remote Usage
		Usr 0 00:00:00, Sys 0 00:00:00  -  Run Local Usage
		Usr 0 00:00:05, Sys 0 00:00:03  -  Total Remote Usage
		Usr 0 00:00:00, Sys 0 00:00:00  -  Total Local Usage
	2255  -  Run Bytes Sent By Job
	9642270  -  Run Bytes Received By Job
	2255  -  Total Bytes Sent By Job
	9642270  -  Total Bytes Received By Job
	Partitionable Resources :    Usage  Request Allocated 
	   Cpus                 :        0        1         1 
	   Disk (KB)            :     9444    10000     12940 
	   GPUs                 :                           0 
	   Memory (MB)          :      103     3000      3000 
	   TimeExecute (s)      :       15                    
	   TimeSlotBusy (s)     :       17                    

	Job terminated of its own accord at 2025-06-21T15:37:20Z with exit-code 1.
...
