000 (10903354.045.000) 06/21 17:34:55 Job submitted from host: <188.185.121.235:9618?addrs=188.185.121.235-9618+[2001-1458-d00-49--100-36e]-9618&alias=bigbird22.cern.ch&noUDP&sock=schedd_5086_26c4>
...
040 (10903354.045.000) 06/21 17:37:12 Started transferring input files
	Transferring to host: <188.185.213.169:9618?addrs=188.185.213.169-9618+[2001-1458-303-1b--100-25]-9618&alias=b9p28p9779.cern.ch&noUDP&sock=slot1_16_526996_1b2f_5175>
...
040 (10903354.045.000) 06/21 17:37:12 Finished transferring input files
...
001 (10903354.045.000) 06/21 17:37:13 Job executing on host: <188.185.213.169:9618?addrs=188.185.213.169-9618+[2001-1458-303-1b--100-25]-9618&alias=b9p28p9779.cern.ch&noUDP&sock=startd_526957_4004>
	SlotName: slot1_16@b9p28p9779.cern.ch
	CondorScratchDir = "/pool/condor/dir_1196810"
	Cpus = 1
	Disk = 12915
	GPUs = 0
	Memory = 3000
...
006 (10903354.045.000) 06/21 17:37:22 Image size of job updated: 17756
	18  -  MemoryUsage of job (MB)
	17756  -  ResidentSetSize of job (KB)
...
006 (10903354.045.000) 06/21 17:40:33 Image size of job updated: 103920
	102  -  MemoryUsage of job (MB)
	103920  -  ResidentSetSize of job (KB)
...
040 (10903354.045.000) 06/21 17:40:33 Started transferring output files
...
040 (10903354.045.000) 06/21 17:40:33 Finished transferring output files
...
005 (10903354.045.000) 06/21 17:40:33 Job terminated.
	(1) Normal termination (return value 1)
		Usr 0 00:00:05, Sys 0 00:00:04  -  Run Remote Usage
		Usr 0 00:00:00, Sys 0 00:00:00  -  Run Local Usage
		Usr 0 00:00:05, Sys 0 00:00:04  -  Total Remote Usage
		Usr 0 00:00:00, Sys 0 00:00:00  -  Total Local Usage
	2255  -  Run Bytes Sent By Job
	9642270  -  Run Bytes Received By Job
	2255  -  Total Bytes Sent By Job
	9642270  -  Total Bytes Received By Job
	Partitionable Resources :    Usage  Request Allocated 
	   Cpus                 :        0        1         1 
	   Disk (KB)            :     9444    10000     12915 
	   GPUs                 :                           0 
	   Memory (MB)          :      102     3000      3000 
	   TimeExecute (s)      :      200                    
	   TimeSlotBusy (s)     :      202                    

	Job terminated of its own accord at 2025-06-21T15:40:33Z with exit-code 1.
...
