000 (10903356.034.000) 06/21 17:42:10 Job submitted from host: <188.185.121.235:9618?addrs=188.185.121.235-9618+[2001-1458-d00-49--100-36e]-9618&alias=bigbird22.cern.ch&noUDP&sock=schedd_5086_26c4>
...
040 (10903356.034.000) 06/21 17:43:44 Started transferring input files
	Transferring to host: <188.185.196.147:9618?addrs=188.185.196.147-9618+[2001-1458-303-23--100-8f]-9618&alias=b9p16p3585.cern.ch&noUDP&sock=slot1_33_8115_8063_21202>
...
040 (10903356.034.000) 06/21 17:43:44 Finished transferring input files
...
001 (10903356.034.000) 06/21 17:43:45 Job executing on host: <188.185.196.147:9618?addrs=188.185.196.147-9618+[2001-1458-303-23--100-8f]-9618&alias=b9p16p3585.cern.ch&noUDP&sock=startd_7172_f953>
	SlotName: slot1_33@b9p16p3585.cern.ch
	CondorScratchDir = "/pool/condor/dir_938346"
	Cpus = 1
	Disk = 13039
	GPUs = 0
	Memory = 3000
...
006 (10903356.034.000) 06/21 17:43:59 Image size of job updated: 56452
	56  -  MemoryUsage of job (MB)
	56452  -  ResidentSetSize of job (KB)
...
040 (10903356.034.000) 06/21 17:44:06 Started transferring output files
...
040 (10903356.034.000) 06/21 17:44:06 Finished transferring output files
...
005 (10903356.034.000) 06/21 17:44:06 Job terminated.
	(1) Normal termination (return value 1)
		Usr 0 00:00:08, Sys 0 00:00:03  -  Run Remote Usage
		Usr 0 00:00:00, Sys 0 00:00:00  -  Run Local Usage
		Usr 0 00:00:08, Sys 0 00:00:03  -  Total Remote Usage
		Usr 0 00:00:00, Sys 0 00:00:00  -  Total Local Usage
	2317  -  Run Bytes Sent By Job
	9642281  -  Run Bytes Received By Job
	2317  -  Total Bytes Sent By Job
	9642281  -  Total Bytes Received By Job
	Partitionable Resources :    Usage  Request Allocated 
	   Cpus                 :        0        1         1 
	   Disk (KB)            :     9444    10000     13039 
	   GPUs                 :                           0 
	   Memory (MB)          :       56     3000      3000 
	   TimeExecute (s)      :       21                    
	   TimeSlotBusy (s)     :       23                    

	Job terminated of its own accord at 2025-06-21T15:44:06Z with exit-code 1.
...
