000 (10903356.025.000) 06/21 17:42:10 Job submitted from host: <188.185.121.235:9618?addrs=188.185.121.235-9618+[2001-1458-d00-49--100-36e]-9618&alias=bigbird22.cern.ch&noUDP&sock=schedd_5086_26c4>
...
040 (10903356.025.000) 06/21 17:43:08 Started transferring input files
	Transferring to host: <188.185.194.33:9618?addrs=188.185.194.33-9618+[2001-1458-303-21--100-1d]-9618&alias=b9p20p7281.cern.ch&noUDP&sock=slot1_38_4104_63a0_6452>
...
040 (10903356.025.000) 06/21 17:43:08 Finished transferring input files
...
001 (10903356.025.000) 06/21 17:43:09 Job executing on host: <188.185.194.33:9618?addrs=188.185.194.33-9618+[2001-1458-303-21--100-1d]-9618&alias=b9p20p7281.cern.ch&noUDP&sock=startd_3416_ab9b>
	SlotName: slot1_38@b9p20p7281.cern.ch
	CondorScratchDir = "/pool/condor/dir_2537816"
	Cpus = 1
	Disk = 13153
	GPUs = 0
	Memory = 3000
...
006 (10903356.025.000) 06/21 17:43:23 Image size of job updated: 51528
	51  -  MemoryUsage of job (MB)
	51528  -  ResidentSetSize of job (KB)
...
006 (10903356.025.000) 06/21 17:43:29 Image size of job updated: 51808
	51  -  MemoryUsage of job (MB)
	51808  -  ResidentSetSize of job (KB)
...
040 (10903356.025.000) 06/21 17:43:29 Started transferring output files
...
040 (10903356.025.000) 06/21 17:43:29 Finished transferring output files
...
005 (10903356.025.000) 06/21 17:43:29 Job terminated.
	(1) Normal termination (return value 1)
		Usr 0 00:00:08, Sys 0 00:00:03  -  Run Remote Usage
		Usr 0 00:00:00, Sys 0 00:00:00  -  Run Local Usage
		Usr 0 00:00:08, Sys 0 00:00:03  -  Total Remote Usage
		Usr 0 00:00:00, Sys 0 00:00:00  -  Total Local Usage
	2316  -  Run Bytes Sent By Job
	9642281  -  Run Bytes Received By Job
	2316  -  Total Bytes Sent By Job
	9642281  -  Total Bytes Received By Job
	Partitionable Resources :    Usage  Request Allocated 
	   Cpus                 :        0        1         1 
	   Disk (KB)            :     9444    10000     13153 
	   GPUs                 :                           0 
	   Memory (MB)          :       51     3000      3000 
	   TimeExecute (s)      :       20                    
	   TimeSlotBusy (s)     :       22                    

	Job terminated of its own accord at 2025-06-21T15:43:29Z with exit-code 1.
...
