000 (10903356.005.000) 06/21 17:42:10 Job submitted from host: <188.185.121.235:9618?addrs=188.185.121.235-9618+[2001-1458-d00-49--100-36e]-9618&alias=bigbird22.cern.ch&noUDP&sock=schedd_5086_26c4>
...
040 (10903356.005.000) 06/21 17:43:44 Started transferring input files
	Transferring to host: <188.185.192.97:9618?addrs=188.185.192.97-9618+[2001-1458-303-1f--100-5d]-9618&alias=b9p13p9663.cern.ch&noUDP&sock=slot1_24_8807_13ff_20746>
...
040 (10903356.005.000) 06/21 17:43:44 Finished transferring input files
...
001 (10903356.005.000) 06/21 17:43:45 Job executing on host: <188.185.192.97:9618?addrs=188.185.192.97-9618+[2001-1458-303-1f--100-5d]-9618&alias=b9p13p9663.cern.ch&noUDP&sock=startd_8752_b8f6>
	SlotName: slot1_24@b9p13p9663.cern.ch
	CondorScratchDir = "/pool/condor/dir_623623"
	Cpus = 1
	Disk = 13118
	GPUs = 0
	Memory = 3000
...
006 (10903356.005.000) 06/21 17:43:53 Image size of job updated: 3660
	4  -  MemoryUsage of job (MB)
	3660  -  ResidentSetSize of job (KB)
...
040 (10903356.005.000) 06/21 17:43:53 Started transferring output files
...
040 (10903356.005.000) 06/21 17:43:53 Finished transferring output files
...
005 (10903356.005.000) 06/21 17:43:53 Job terminated.
	(1) Normal termination (return value 1)
		Usr 0 00:00:07, Sys 0 00:00:02  -  Run Remote Usage
		Usr 0 00:00:00, Sys 0 00:00:00  -  Run Local Usage
		Usr 0 00:00:07, Sys 0 00:00:02  -  Total Remote Usage
		Usr 0 00:00:00, Sys 0 00:00:00  -  Total Local Usage
	2317  -  Run Bytes Sent By Job
	9642281  -  Run Bytes Received By Job
	2317  -  Total Bytes Sent By Job
	9642281  -  Total Bytes Received By Job
	Partitionable Resources :    Usage  Request Allocated 
	   Cpus                 :        0        1         1 
	   Disk (KB)            :     9444    10000     13118 
	   GPUs                 :                           0 
	   Memory (MB)          :        4     3000      3000 
	   TimeExecute (s)      :        8                    
	   TimeSlotBusy (s)     :        9                    

	Job terminated of its own accord at 2025-06-21T15:43:53Z with exit-code 1.
...
