000 (10903354.080.000) 06/21 17:34:55 Job submitted from host: <188.185.121.235:9618?addrs=188.185.121.235-9618+[2001-1458-d00-49--100-36e]-9618&alias=bigbird22.cern.ch&noUDP&sock=schedd_5086_26c4>
...
040 (10903354.080.000) 06/21 17:37:23 Started transferring input files
	Transferring to host: <188.185.209.220:9618?addrs=188.185.209.220-9618+[2001-1458-303-12--100-59]-9618&alias=b9p12p5136.cern.ch&noUDP&sock=slot1_15_9059_a289_17148>
...
040 (10903354.080.000) 06/21 17:37:23 Finished transferring input files
...
001 (10903354.080.000) 06/21 17:37:24 Job executing on host: <188.185.209.220:9618?addrs=188.185.209.220-9618+[2001-1458-303-12--100-59]-9618&alias=b9p12p5136.cern.ch&noUDP&sock=startd_8128_b5dd>
	SlotName: slot1_15@b9p12p5136.cern.ch
	CondorScratchDir = "/pool/condor/dir_976594"
	Cpus = 1
	Disk = 12877
	GPUs = 0
	Memory = 3000
...
006 (10903354.080.000) 06/21 17:37:38 Image size of job updated: 31760
	32  -  MemoryUsage of job (MB)
	31760  -  ResidentSetSize of job (KB)
...
006 (10903354.080.000) 06/21 17:37:43 Image size of job updated: 49848
	32  -  MemoryUsage of job (MB)
	32220  -  ResidentSetSize of job (KB)
...
040 (10903354.080.000) 06/21 17:37:43 Started transferring output files
...
040 (10903354.080.000) 06/21 17:37:43 Finished transferring output files
...
005 (10903354.080.000) 06/21 17:37:43 Job terminated.
	(1) Normal termination (return value 1)
		Usr 0 00:00:05, Sys 0 00:00:04  -  Run Remote Usage
		Usr 0 00:00:00, Sys 0 00:00:00  -  Run Local Usage
		Usr 0 00:00:05, Sys 0 00:00:04  -  Total Remote Usage
		Usr 0 00:00:00, Sys 0 00:00:00  -  Total Local Usage
	2255  -  Run Bytes Sent By Job
	9642270  -  Run Bytes Received By Job
	2255  -  Total Bytes Sent By Job
	9642270  -  Total Bytes Received By Job
	Partitionable Resources :    Usage  Request Allocated 
	   Cpus                 :        0        1         1 
	   Disk (KB)            :     9446    10000     12877 
	   GPUs                 :                           0 
	   Memory (MB)          :       32     3000      3000 
	   TimeExecute (s)      :       19                    
	   TimeSlotBusy (s)     :       21                    

	Job terminated of its own accord at 2025-06-21T15:37:43Z with exit-code 1.
...
