000 (10903358.037.000) 06/21 17:42:46 Job submitted from host: <188.185.121.235:9618?addrs=188.185.121.235-9618+[2001-1458-d00-49--100-36e]-9618&alias=bigbird22.cern.ch&noUDP&sock=schedd_5086_26c4>
...
040 (10903358.037.000) 06/21 17:43:41 Started transferring input files
	Transferring to host: <188.185.207.142:9618?addrs=188.185.207.142-9618+[2001-1458-303-e--100-b]-9618&alias=b9p08p2129.cern.ch&noUDP&sock=slot1_18_9047_2e09_19064>
...
040 (10903358.037.000) 06/21 17:43:41 Finished transferring input files
...
001 (10903358.037.000) 06/21 17:43:42 Job executing on host: <188.185.207.142:9618?addrs=188.185.207.142-9618+[2001-1458-303-e--100-b]-9618&alias=b9p08p2129.cern.ch&noUDP&sock=startd_8995_667a>
	SlotName: slot1_18@b9p08p2129.cern.ch
	CondorScratchDir = "/pool/condor/dir_3580135"
	Cpus = 1
	Disk = 12779
	GPUs = 0
	Memory = 3000
...
006 (10903358.037.000) 06/21 17:43:56 Image size of job updated: 20336
	20  -  MemoryUsage of job (MB)
	19984  -  ResidentSetSize of job (KB)
...
006 (10903358.037.000) 06/21 17:44:00 Image size of job updated: 56224
	20  -  MemoryUsage of job (MB)
	19984  -  ResidentSetSize of job (KB)
...
040 (10903358.037.000) 06/21 17:44:00 Started transferring output files
...
040 (10903358.037.000) 06/21 17:44:00 Finished transferring output files
...
005 (10903358.037.000) 06/21 17:44:00 Job terminated.
	(1) Normal termination (return value 1)
		Usr 0 00:00:05, Sys 0 00:00:03  -  Run Remote Usage
		Usr 0 00:00:00, Sys 0 00:00:00  -  Run Local Usage
		Usr 0 00:00:05, Sys 0 00:00:03  -  Total Remote Usage
		Usr 0 00:00:00, Sys 0 00:00:00  -  Total Local Usage
	2317  -  Run Bytes Sent By Job
	9642281  -  Run Bytes Received By Job
	2317  -  Total Bytes Sent By Job
	9642281  -  Total Bytes Received By Job
	Partitionable Resources :    Usage  Request Allocated 
	   Cpus                 :        0        1         1 
	   Disk (KB)            :     9447    10000     12779 
	   GPUs                 :                           0 
	   Memory (MB)          :       20     3000      3000 
	   TimeExecute (s)      :       18                    
	   TimeSlotBusy (s)     :       20                    

	Job terminated of its own accord at 2025-06-21T15:44:00Z with exit-code 1.
...
