000 (10903356.080.000) 06/21 17:42:10 Job submitted from host: <188.185.121.235:9618?addrs=188.185.121.235-9618+[2001-1458-d00-49--100-36e]-9618&alias=bigbird22.cern.ch&noUDP&sock=schedd_5086_26c4>
...
040 (10903356.080.000) 06/21 17:43:25 Started transferring input files
	Transferring to host: <188.185.195.106:9618?addrs=188.185.195.106-9618+[2001-1458-303-22--100-66]-9618&alias=b9p17p8074.cern.ch&noUDP&sock=slot1_20_8528_7f54_22318>
...
040 (10903356.080.000) 06/21 17:43:25 Finished transferring input files
...
001 (10903356.080.000) 06/21 17:43:26 Job executing on host: <188.185.195.106:9618?addrs=188.185.195.106-9618+[2001-1458-303-22--100-66]-9618&alias=b9p17p8074.cern.ch&noUDP&sock=startd_7277_fec5>
	SlotName: slot1_20@b9p17p8074.cern.ch
	CondorScratchDir = "/pool/condor/dir_239148"
	Cpus = 1
	Disk = 12916
	GPUs = 0
	Memory = 3000
...
006 (10903356.080.000) 06/21 17:43:40 Image size of job updated: 53344
	53  -  MemoryUsage of job (MB)
	53344  -  ResidentSetSize of job (KB)
...
040 (10903356.080.000) 06/21 17:43:46 Started transferring output files
...
040 (10903356.080.000) 06/21 17:43:46 Finished transferring output files
...
005 (10903356.080.000) 06/21 17:43:46 Job terminated.
	(1) Normal termination (return value 1)
		Usr 0 00:00:07, Sys 0 00:00:03  -  Run Remote Usage
		Usr 0 00:00:00, Sys 0 00:00:00  -  Run Local Usage
		Usr 0 00:00:07, Sys 0 00:00:03  -  Total Remote Usage
		Usr 0 00:00:00, Sys 0 00:00:00  -  Total Local Usage
	2317  -  Run Bytes Sent By Job
	9642281  -  Run Bytes Received By Job
	2317  -  Total Bytes Sent By Job
	9642281  -  Total Bytes Received By Job
	Partitionable Resources :    Usage  Request Allocated 
	   Cpus                 :        0        1         1 
	   Disk (KB)            :     9444    10000     12916 
	   GPUs                 :                           0 
	   Memory (MB)          :       53     3000      3000 
	   TimeExecute (s)      :       20                    
	   TimeSlotBusy (s)     :       22                    

	Job terminated of its own accord at 2025-06-21T15:43:46Z with exit-code 1.
...
