000 (10903356.075.000) 06/21 17:42:10 Job submitted from host: <188.185.121.235:9618?addrs=188.185.121.235-9618+[2001-1458-d00-49--100-36e]-9618&alias=bigbird22.cern.ch&noUDP&sock=schedd_5086_26c4>
...
040 (10903356.075.000) 06/21 17:43:24 Started transferring input files
	Transferring to host: <188.185.192.69:9618?addrs=188.185.192.69-9618+[2001-1458-303-1f--100-41]-9618&alias=b9p13p8505.cern.ch&noUDP&sock=slot1_22_8832_b160_22554>
...
040 (10903356.075.000) 06/21 17:43:24 Finished transferring input files
...
001 (10903356.075.000) 06/21 17:43:25 Job executing on host: <188.185.192.69:9618?addrs=188.185.192.69-9618+[2001-1458-303-1f--100-41]-9618&alias=b9p13p8505.cern.ch&noUDP&sock=startd_8785_5b96>
	SlotName: slot1_22@b9p13p8505.cern.ch
	CondorScratchDir = "/pool/condor/dir_184542"
	Cpus = 1
	Disk = 13167
	GPUs = 0
	Memory = 3000
...
006 (10903356.075.000) 06/21 17:43:39 Image size of job updated: 50732
	50  -  MemoryUsage of job (MB)
	50732  -  ResidentSetSize of job (KB)
...
040 (10903356.075.000) 06/21 17:43:47 Started transferring output files
...
040 (10903356.075.000) 06/21 17:43:47 Finished transferring output files
...
005 (10903356.075.000) 06/21 17:43:47 Job terminated.
	(1) Normal termination (return value 1)
		Usr 0 00:00:08, Sys 0 00:00:03  -  Run Remote Usage
		Usr 0 00:00:00, Sys 0 00:00:00  -  Run Local Usage
		Usr 0 00:00:08, Sys 0 00:00:03  -  Total Remote Usage
		Usr 0 00:00:00, Sys 0 00:00:00  -  Total Local Usage
	2317  -  Run Bytes Sent By Job
	9642281  -  Run Bytes Received By Job
	2317  -  Total Bytes Sent By Job
	9642281  -  Total Bytes Received By Job
	Partitionable Resources :    Usage  Request Allocated 
	   Cpus                 :        0        1         1 
	   Disk (KB)            :     9444    10000     13167 
	   GPUs                 :                           0 
	   Memory (MB)          :       50     3000      3000 
	   TimeExecute (s)      :       22                    
	   TimeSlotBusy (s)     :       24                    

	Job terminated of its own accord at 2025-06-21T15:43:47Z with exit-code 1.
...
