000 (10903358.010.000) 06/21 17:42:46 Job submitted from host: <188.185.121.235:9618?addrs=188.185.121.235-9618+[2001-1458-d00-49--100-36e]-9618&alias=bigbird22.cern.ch&noUDP&sock=schedd_5086_26c4>
...
040 (10903358.010.000) 06/21 17:43:32 Started transferring input files
	Transferring to host: <188.184.185.34:9618?addrs=188.184.185.34-9618+[2001-1458-301-52--100-21]-9618&alias=b9g37p2729.cern.ch&noUDP&sock=slot1_13_5633_b53e_12757>
...
040 (10903358.010.000) 06/21 17:43:32 Finished transferring input files
...
001 (10903358.010.000) 06/21 17:43:33 Job executing on host: <188.184.185.34:9618?addrs=188.184.185.34-9618+[2001-1458-301-52--100-21]-9618&alias=b9g37p2729.cern.ch&noUDP&sock=startd_4544_6270>
	SlotName: slot1_13@b9g37p2729.cern.ch
	CondorScratchDir = "/pool/condor/dir_2486445"
	Cpus = 1
	Disk = 12950
	GPUs = 0
	Memory = 3000
...
006 (10903358.010.000) 06/21 17:43:47 Image size of job updated: 43052
	43  -  MemoryUsage of job (MB)
	43052  -  ResidentSetSize of job (KB)
...
006 (10903358.010.000) 06/21 17:43:53 Image size of job updated: 44488
	44  -  MemoryUsage of job (MB)
	44488  -  ResidentSetSize of job (KB)
...
040 (10903358.010.000) 06/21 17:43:53 Started transferring output files
...
040 (10903358.010.000) 06/21 17:43:53 Finished transferring output files
...
005 (10903358.010.000) 06/21 17:43:53 Job terminated.
	(1) Normal termination (return value 1)
		Usr 0 00:00:08, Sys 0 00:00:03  -  Run Remote Usage
		Usr 0 00:00:00, Sys 0 00:00:00  -  Run Local Usage
		Usr 0 00:00:08, Sys 0 00:00:03  -  Total Remote Usage
		Usr 0 00:00:00, Sys 0 00:00:00  -  Total Local Usage
	2317  -  Run Bytes Sent By Job
	9642281  -  Run Bytes Received By Job
	2317  -  Total Bytes Sent By Job
	9642281  -  Total Bytes Received By Job
	Partitionable Resources :    Usage  Request Allocated 
	   Cpus                 :        0        1         1 
	   Disk (KB)            :     9444    10000     12950 
	   GPUs                 :                           0 
	   Memory (MB)          :       44     3000      3000 
	   TimeExecute (s)      :       20                    
	   TimeSlotBusy (s)     :       22                    

	Job terminated of its own accord at 2025-06-21T15:43:53Z with exit-code 1.
...
