000 (10903356.056.000) 06/21 17:42:10 Job submitted from host: <188.185.121.235:9618?addrs=188.185.121.235-9618+[2001-1458-d00-49--100-36e]-9618&alias=bigbird22.cern.ch&noUDP&sock=schedd_5086_26c4>
...
040 (10903356.056.000) 06/21 17:43:17 Started transferring input files
	Transferring to host: <188.185.192.34:9618?addrs=188.185.192.34-9618+[2001-1458-303-1f--100-1e]-9618&alias=b9p13p8814.cern.ch&noUDP&sock=slot1_38_3879776_ec43_4984>
...
040 (10903356.056.000) 06/21 17:43:17 Finished transferring input files
...
001 (10903356.056.000) 06/21 17:43:18 Job executing on host: <188.185.192.34:9618?addrs=188.185.192.34-9618+[2001-1458-303-1f--100-1e]-9618&alias=b9p13p8814.cern.ch&noUDP&sock=startd_3879697_0568>
	SlotName: slot1_38@b9p13p8814.cern.ch
	CondorScratchDir = "/pool/condor/dir_2049991"
	Cpus = 1
	Disk = 13020
	GPUs = 0
	Memory = 3000
...
006 (10903356.056.000) 06/21 17:43:32 Image size of job updated: 17672
	18  -  MemoryUsage of job (MB)
	17672  -  ResidentSetSize of job (KB)
...
006 (10903356.056.000) 06/21 17:43:38 Image size of job updated: 17972
	18  -  MemoryUsage of job (MB)
	17972  -  ResidentSetSize of job (KB)
...
040 (10903356.056.000) 06/21 17:43:38 Started transferring output files
...
040 (10903356.056.000) 06/21 17:43:38 Finished transferring output files
...
005 (10903356.056.000) 06/21 17:43:38 Job terminated.
	(1) Normal termination (return value 1)
		Usr 0 00:00:07, Sys 0 00:00:03  -  Run Remote Usage
		Usr 0 00:00:00, Sys 0 00:00:00  -  Run Local Usage
		Usr 0 00:00:07, Sys 0 00:00:03  -  Total Remote Usage
		Usr 0 00:00:00, Sys 0 00:00:00  -  Total Local Usage
	2317  -  Run Bytes Sent By Job
	9642281  -  Run Bytes Received By Job
	2317  -  Total Bytes Sent By Job
	9642281  -  Total Bytes Received By Job
	Partitionable Resources :    Usage  Request Allocated 
	   Cpus                 :        0        1         1 
	   Disk (KB)            :     9444    10000     13020 
	   GPUs                 :                           0 
	   Memory (MB)          :       18     3000      3000 
	   TimeExecute (s)      :       20                    
	   TimeSlotBusy (s)     :       22                    

	Job terminated of its own accord at 2025-06-21T15:43:38Z with exit-code 1.
...
