000 (10903356.066.000) 06/21 17:42:10 Job submitted from host: <188.185.121.235:9618?addrs=188.185.121.235-9618+[2001-1458-d00-49--100-36e]-9618&alias=bigbird22.cern.ch&noUDP&sock=schedd_5086_26c4>
...
040 (10903356.066.000) 06/21 17:43:21 Started transferring input files
	Transferring to host: <188.185.198.179:9618?addrs=188.185.198.179-9618+[2001-1458-303-25--100-af]-9618&alias=b9p15p8282.cern.ch&noUDP&sock=slot1_39_3142066_7dd4_4805>
...
040 (10903356.066.000) 06/21 17:43:21 Finished transferring input files
...
001 (10903356.066.000) 06/21 17:43:22 Job executing on host: <188.185.198.179:9618?addrs=188.185.198.179-9618+[2001-1458-303-25--100-af]-9618&alias=b9p15p8282.cern.ch&noUDP&sock=startd_3142006_5a87>
	SlotName: slot1_39@b9p15p8282.cern.ch
	CondorScratchDir = "/pool/condor/dir_399757"
	Cpus = 1
	Disk = 12979
	GPUs = 0
	Memory = 3000
...
006 (10903356.066.000) 06/21 17:43:31 Image size of job updated: 98344
	97  -  MemoryUsage of job (MB)
	98344  -  ResidentSetSize of job (KB)
...
006 (10903356.066.000) 06/21 17:43:37 Image size of job updated: 101312
	99  -  MemoryUsage of job (MB)
	101312  -  ResidentSetSize of job (KB)
...
040 (10903356.066.000) 06/21 17:43:37 Started transferring output files
...
040 (10903356.066.000) 06/21 17:43:37 Finished transferring output files
...
005 (10903356.066.000) 06/21 17:43:37 Job terminated.
	(1) Normal termination (return value 1)
		Usr 0 00:00:07, Sys 0 00:00:03  -  Run Remote Usage
		Usr 0 00:00:00, Sys 0 00:00:00  -  Run Local Usage
		Usr 0 00:00:07, Sys 0 00:00:03  -  Total Remote Usage
		Usr 0 00:00:00, Sys 0 00:00:00  -  Total Local Usage
	2317  -  Run Bytes Sent By Job
	9642281  -  Run Bytes Received By Job
	2317  -  Total Bytes Sent By Job
	9642281  -  Total Bytes Received By Job
	Partitionable Resources :    Usage  Request Allocated 
	   Cpus                 :        0        1         1 
	   Disk (KB)            :     9444    10000     12979 
	   GPUs                 :                           0 
	   Memory (MB)          :       99     3000      3000 
	   TimeExecute (s)      :       15                    
	   TimeSlotBusy (s)     :       17                    

	Job terminated of its own accord at 2025-06-21T15:43:37Z with exit-code 1.
...
