000 (10903354.005.000) 06/21 17:34:55 Job submitted from host: <188.185.121.235:9618?addrs=188.185.121.235-9618+[2001-1458-d00-49--100-36e]-9618&alias=bigbird22.cern.ch&noUDP&sock=schedd_5086_26c4>
...
040 (10903354.005.000) 06/21 17:36:59 Started transferring input files
	Transferring to host: <188.185.209.175:9618?addrs=188.185.209.175-9618+[2001-1458-303-12--100-2c]-9618&alias=b9p12p7804.cern.ch&noUDP&sock=slot1_20_9004_e1e7_19601>
...
040 (10903354.005.000) 06/21 17:36:59 Finished transferring input files
...
001 (10903354.005.000) 06/21 17:37:00 Job executing on host: <188.185.209.175:9618?addrs=188.185.209.175-9618+[2001-1458-303-12--100-2c]-9618&alias=b9p12p7804.cern.ch&noUDP&sock=startd_7615_d5c8>
	SlotName: slot1_20@b9p12p7804.cern.ch
	CondorScratchDir = "/pool/condor/dir_763198"
	Cpus = 1
	Disk = 12935
	GPUs = 0
	Memory = 3000
...
006 (10903354.005.000) 06/21 17:37:14 Image size of job updated: 55964
	22  -  MemoryUsage of job (MB)
	22200  -  ResidentSetSize of job (KB)
...
006 (10903354.005.000) 06/21 17:37:23 Image size of job updated: 78124
	22  -  MemoryUsage of job (MB)
	22200  -  ResidentSetSize of job (KB)
...
040 (10903354.005.000) 06/21 17:37:23 Started transferring output files
...
040 (10903354.005.000) 06/21 17:37:23 Finished transferring output files
...
005 (10903354.005.000) 06/21 17:37:23 Job terminated.
	(1) Normal termination (return value 1)
		Usr 0 00:00:06, Sys 0 00:00:04  -  Run Remote Usage
		Usr 0 00:00:00, Sys 0 00:00:00  -  Run Local Usage
		Usr 0 00:00:06, Sys 0 00:00:04  -  Total Remote Usage
		Usr 0 00:00:00, Sys 0 00:00:00  -  Total Local Usage
	2255  -  Run Bytes Sent By Job
	9642270  -  Run Bytes Received By Job
	2255  -  Total Bytes Sent By Job
	9642270  -  Total Bytes Received By Job
	Partitionable Resources :    Usage  Request Allocated 
	   Cpus                 :        0        1         1 
	   Disk (KB)            :     9447    10000     12935 
	   GPUs                 :                           0 
	   Memory (MB)          :       22     3000      3000 
	   TimeExecute (s)      :       23                    
	   TimeSlotBusy (s)     :       25                    

	Job terminated of its own accord at 2025-06-21T15:37:23Z with exit-code 1.
...
