000 (10903354.079.000) 06/21 17:34:55 Job submitted from host: <188.185.121.235:9618?addrs=188.185.121.235-9618+[2001-1458-d00-49--100-36e]-9618&alias=bigbird22.cern.ch&noUDP&sock=schedd_5086_26c4>
...
040 (10903354.079.000) 06/21 17:37:23 Started transferring input files
	Transferring to host: <188.185.213.82:9618?addrs=188.185.213.82-9618+[2001-1458-303-1a--100-4e]-9618&alias=b9p27p0914.cern.ch&noUDP&sock=slot1_16_7334_3763_24638>
...
040 (10903354.079.000) 06/21 17:37:23 Finished transferring input files
...
001 (10903354.079.000) 06/21 17:37:24 Job executing on host: <188.185.213.82:9618?addrs=188.185.213.82-9618+[2001-1458-303-1a--100-4e]-9618&alias=b9p27p0914.cern.ch&noUDP&sock=startd_6386_d7e3>
	SlotName: slot1_16@b9p27p0914.cern.ch
	CondorScratchDir = "/pool/condor/dir_3984672"
	Cpus = 1
	Disk = 13027
	GPUs = 0
	Memory = 3000
...
006 (10903354.079.000) 06/21 17:37:38 Image size of job updated: 18012
	18  -  MemoryUsage of job (MB)
	18012  -  ResidentSetSize of job (KB)
...
006 (10903354.079.000) 06/21 17:39:58 Image size of job updated: 66860
	18  -  MemoryUsage of job (MB)
	18012  -  ResidentSetSize of job (KB)
...
040 (10903354.079.000) 06/21 17:39:58 Started transferring output files
...
040 (10903354.079.000) 06/21 17:39:58 Finished transferring output files
...
005 (10903354.079.000) 06/21 17:39:58 Job terminated.
	(1) Normal termination (return value 1)
		Usr 0 00:00:06, Sys 0 00:00:04  -  Run Remote Usage
		Usr 0 00:00:00, Sys 0 00:00:00  -  Run Local Usage
		Usr 0 00:00:06, Sys 0 00:00:04  -  Total Remote Usage
		Usr 0 00:00:00, Sys 0 00:00:00  -  Total Local Usage
	2255  -  Run Bytes Sent By Job
	9642270  -  Run Bytes Received By Job
	2255  -  Total Bytes Sent By Job
	9642270  -  Total Bytes Received By Job
	Partitionable Resources :    Usage  Request Allocated 
	   Cpus                 :     0.02        1         1 
	   Disk (KB)            :  9444       10000     13027 
	   GPUs                 :                           0 
	   Memory (MB)          :    18        3000      3000 
	   TimeExecute (s)      :   154                       
	   TimeSlotBusy (s)     :   156                       

	Job terminated of its own accord at 2025-06-21T15:39:58Z with exit-code 1.
...
