000 (10903354.054.000) 06/21 17:34:55 Job submitted from host: <188.185.121.235:9618?addrs=188.185.121.235-9618+[2001-1458-d00-49--100-36e]-9618&alias=bigbird22.cern.ch&noUDP&sock=schedd_5086_26c4>
...
040 (10903354.054.000) 06/21 17:37:15 Started transferring input files
	Transferring to host: <188.185.210.99:9618?addrs=188.185.210.99-9618+[2001-1458-303-1--100-5f]-9618&alias=b9p21p4631.cern.ch&noUDP&sock=slot1_9_7891_ac5a_21698>
...
040 (10903354.054.000) 06/21 17:37:15 Finished transferring input files
...
001 (10903354.054.000) 06/21 17:37:16 Job executing on host: <188.185.210.99:9618?addrs=188.185.210.99-9618+[2001-1458-303-1--100-5f]-9618&alias=b9p21p4631.cern.ch&noUDP&sock=startd_7003_0dd2>
	SlotName: slot1_9@b9p21p4631.cern.ch
	CondorScratchDir = "/pool/condor/dir_3568103"
	Cpus = 1
	Disk = 12925
	GPUs = 0
	Memory = 3000
...
006 (10903354.054.000) 06/21 17:37:25 Image size of job updated: 49848
	49  -  MemoryUsage of job (MB)
	49848  -  ResidentSetSize of job (KB)
...
006 (10903354.054.000) 06/21 17:39:45 Image size of job updated: 103512
	102  -  MemoryUsage of job (MB)
	103512  -  ResidentSetSize of job (KB)
...
040 (10903354.054.000) 06/21 17:39:45 Started transferring output files
...
040 (10903354.054.000) 06/21 17:39:45 Finished transferring output files
...
005 (10903354.054.000) 06/21 17:39:45 Job terminated.
	(1) Normal termination (return value 1)
		Usr 0 00:00:06, Sys 0 00:00:04  -  Run Remote Usage
		Usr 0 00:00:00, Sys 0 00:00:00  -  Run Local Usage
		Usr 0 00:00:06, Sys 0 00:00:04  -  Total Remote Usage
		Usr 0 00:00:00, Sys 0 00:00:00  -  Total Local Usage
	2255  -  Run Bytes Sent By Job
	9642270  -  Run Bytes Received By Job
	2255  -  Total Bytes Sent By Job
	9642270  -  Total Bytes Received By Job
	Partitionable Resources :    Usage  Request Allocated 
	   Cpus                 :        0        1         1 
	   Disk (KB)            :     9444    10000     12925 
	   GPUs                 :                           0 
	   Memory (MB)          :      102     3000      3000 
	   TimeExecute (s)      :      149                    
	   TimeSlotBusy (s)     :      151                    

	Job terminated of its own accord at 2025-06-21T15:39:45Z with exit-code 1.
...
