000 (10903356.053.000) 06/21 17:42:10 Job submitted from host: <188.185.121.235:9618?addrs=188.185.121.235-9618+[2001-1458-d00-49--100-36e]-9618&alias=bigbird22.cern.ch&noUDP&sock=schedd_5086_26c4>
...
040 (10903356.053.000) 06/21 17:43:45 Started transferring input files
	Transferring to host: <188.185.193.151:9618?addrs=188.185.193.151-9618+[2001-1458-303-20--100-93]-9618&alias=b9p19p4041.cern.ch&noUDP&sock=slot1_31_4345_320a_6554>
...
040 (10903356.053.000) 06/21 17:43:45 Finished transferring input files
...
001 (10903356.053.000) 06/21 17:43:46 Job executing on host: <188.185.193.151:9618?addrs=188.185.193.151-9618+[2001-1458-303-20--100-93]-9618&alias=b9p19p4041.cern.ch&noUDP&sock=startd_3827_9508>
	SlotName: slot1_31@b9p19p4041.cern.ch
	CondorScratchDir = "/pool/condor/dir_3235639"
	Cpus = 1
	Disk = 13137
	GPUs = 0
	Memory = 3000
...
006 (10903356.053.000) 06/21 17:43:59 Image size of job updated: 52384
	0  -  MemoryUsage of job (MB)
	0  -  ResidentSetSize of job (KB)
...
040 (10903356.053.000) 06/21 17:43:59 Started transferring output files
...
040 (10903356.053.000) 06/21 17:43:59 Finished transferring output files
...
005 (10903356.053.000) 06/21 17:43:59 Job terminated.
	(1) Normal termination (return value 1)
		Usr 0 00:00:07, Sys 0 00:00:02  -  Run Remote Usage
		Usr 0 00:00:00, Sys 0 00:00:00  -  Run Local Usage
		Usr 0 00:00:07, Sys 0 00:00:02  -  Total Remote Usage
		Usr 0 00:00:00, Sys 0 00:00:00  -  Total Local Usage
	2316  -  Run Bytes Sent By Job
	9642281  -  Run Bytes Received By Job
	2316  -  Total Bytes Sent By Job
	9642281  -  Total Bytes Received By Job
	Partitionable Resources :    Usage  Request Allocated 
	   Cpus                 :        0        1         1 
	   Disk (KB)            :     9444    10000     13137 
	   GPUs                 :                           0 
	   Memory (MB)          :        0     3000      3000 
	   TimeExecute (s)      :       13                    
	   TimeSlotBusy (s)     :       14                    

	Job terminated of its own accord at 2025-06-21T15:43:59Z with exit-code 1.
...
