000 (10903356.049.000) 06/21 17:42:10 Job submitted from host: <188.185.121.235:9618?addrs=188.185.121.235-9618+[2001-1458-d00-49--100-36e]-9618&alias=bigbird22.cern.ch&noUDP&sock=schedd_5086_26c4>
...
040 (10903356.049.000) 06/21 17:43:45 Started transferring input files
	Transferring to host: <188.185.194.153:9618?addrs=188.185.194.153-9618+[2001-1458-303-21--100-95]-9618&alias=b9p20p5000.cern.ch&noUDP&sock=slot1_27_10420_9521_5870>
...
040 (10903356.049.000) 06/21 17:43:45 Finished transferring input files
...
001 (10903356.049.000) 06/21 17:43:46 Job executing on host: <188.185.194.153:9618?addrs=188.185.194.153-9618+[2001-1458-303-21--100-95]-9618&alias=b9p20p5000.cern.ch&noUDP&sock=startd_8828_da29>
	SlotName: slot1_27@b9p20p5000.cern.ch
	CondorScratchDir = "/pool/condor/dir_2399060"
	Cpus = 1
	Disk = 13185
	GPUs = 0
	Memory = 3000
...
006 (10903356.049.000) 06/21 17:44:00 Image size of job updated: 25064
	25  -  MemoryUsage of job (MB)
	25064  -  ResidentSetSize of job (KB)
...
006 (10903356.049.000) 06/21 17:44:05 Image size of job updated: 36936
	27  -  MemoryUsage of job (MB)
	27580  -  ResidentSetSize of job (KB)
...
040 (10903356.049.000) 06/21 17:44:05 Started transferring output files
...
040 (10903356.049.000) 06/21 17:44:05 Finished transferring output files
...
005 (10903356.049.000) 06/21 17:44:05 Job terminated.
	(1) Normal termination (return value 1)
		Usr 0 00:00:08, Sys 0 00:00:03  -  Run Remote Usage
		Usr 0 00:00:00, Sys 0 00:00:00  -  Run Local Usage
		Usr 0 00:00:08, Sys 0 00:00:03  -  Total Remote Usage
		Usr 0 00:00:00, Sys 0 00:00:00  -  Total Local Usage
	2316  -  Run Bytes Sent By Job
	9642281  -  Run Bytes Received By Job
	2316  -  Total Bytes Sent By Job
	9642281  -  Total Bytes Received By Job
	Partitionable Resources :    Usage  Request Allocated 
	   Cpus                 :        0        1         1 
	   Disk (KB)            :     9444    10000     13185 
	   GPUs                 :                           0 
	   Memory (MB)          :       27     3000      3000 
	   TimeExecute (s)      :       19                    
	   TimeSlotBusy (s)     :       21                    

	Job terminated of its own accord at 2025-06-21T15:44:05Z with exit-code 1.
...
