000 (10903358.009.000) 06/21 17:42:46 Job submitted from host: <188.185.121.235:9618?addrs=188.185.121.235-9618+[2001-1458-d00-49--100-36e]-9618&alias=bigbird22.cern.ch&noUDP&sock=schedd_5086_26c4>
...
040 (10903358.009.000) 06/21 17:43:32 Started transferring input files
	Transferring to host: <128.142.33.57:9618?addrs=128.142.33.57-9618+[2001-1458-301-53--100-36]-9618&alias=b9g34p9084.cern.ch&noUDP&sock=slot1_35_478702_9d43_26387>
...
040 (10903358.009.000) 06/21 17:43:32 Finished transferring input files
...
001 (10903358.009.000) 06/21 17:43:33 Job executing on host: <128.142.33.57:9618?addrs=128.142.33.57-9618+[2001-1458-301-53--100-36]-9618&alias=b9g34p9084.cern.ch&noUDP&sock=startd_5030_bd77>
	SlotName: slot1_35@b9g34p9084.cern.ch
	CondorScratchDir = "/pool/condor/dir_2993325"
	Cpus = 1
	Disk = 12982
	GPUs = 0
	Memory = 3000
...
006 (10903358.009.000) 06/21 17:43:47 Image size of job updated: 1396
	2  -  MemoryUsage of job (MB)
	1396  -  ResidentSetSize of job (KB)
...
006 (10903358.009.000) 06/21 17:44:19 Image size of job updated: 12060
	2  -  MemoryUsage of job (MB)
	1396  -  ResidentSetSize of job (KB)
...
040 (10903358.009.000) 06/21 17:44:19 Started transferring output files
...
040 (10903358.009.000) 06/21 17:44:19 Finished transferring output files
...
005 (10903358.009.000) 06/21 17:44:19 Job terminated.
	(1) Normal termination (return value 1)
		Usr 0 00:00:08, Sys 0 00:00:03  -  Run Remote Usage
		Usr 0 00:00:00, Sys 0 00:00:00  -  Run Local Usage
		Usr 0 00:00:08, Sys 0 00:00:03  -  Total Remote Usage
		Usr 0 00:00:00, Sys 0 00:00:00  -  Total Local Usage
	2317  -  Run Bytes Sent By Job
	9642281  -  Run Bytes Received By Job
	2317  -  Total Bytes Sent By Job
	9642281  -  Total Bytes Received By Job
	Partitionable Resources :    Usage  Request Allocated 
	   Cpus                 :        0        1         1 
	   Disk (KB)            :     9444    10000     12982 
	   GPUs                 :                           0 
	   Memory (MB)          :        2     3000      3000 
	   TimeExecute (s)      :       46                    
	   TimeSlotBusy (s)     :       48                    

	Job terminated of its own accord at 2025-06-21T15:44:19Z with exit-code 1.
...
