Starting job on \n
Running on: Linux b9g32p1063.cern.ch 5.14.0-503.29.1.el9_5.x86_64 #1 SMP PREEMPT_DYNAMIC Tue Feb 25 10:30:47 EST 2025 x86_64 x86_64 x86_64 GNU/Linux\n
System software: CentOS Linux release 7.9.2009 (Core) \n
Setting up CROWN for CentOS Version 7.9.2009
subject   : /DC=ch/DC=cern/OU=Organic Units/OU=Users/CN=jiahua/CN=851532/CN=Jiahua Chen/CN=1121402588
issuer    : /DC=ch/DC=cern/OU=Organic Units/OU=Users/CN=jiahua/CN=851532/CN=Jiahua Chen
identity  : /DC=ch/DC=cern/OU=Organic Units/OU=Users/CN=jiahua/CN=851532/CN=Jiahua Chen
type      : RFC3820 compliant impersonation proxy
strength  : 2048
path      : /afs/cern.ch/user/j/jiahua/proxy/x509up_u139833
timeleft  : 199:54:19
key usage : Digital Signature, Key Encipherment
=== VO cms extension information ===
VO        : cms
subject   : /DC=ch/DC=cern/OU=Organic Units/OU=Users/CN=jiahua/CN=851532/CN=Jiahua Chen
issuer    : /DC=ch/DC=cern/OU=computers/CN=cms-auth.cern.ch
attribute : /cms/Role=NULL/Capability=NULL
timeleft  : 191:54:19
uri       : voms-cms-auth.cern.ch:15000

subject   : /DC=ch/DC=cern/OU=Organic Units/OU=Users/CN=jiahua/CN=851532/CN=Jiahua Chen/CN=1121402588
issuer    : /DC=ch/DC=cern/OU=Organic Units/OU=Users/CN=jiahua/CN=851532/CN=Jiahua Chen
identity  : /DC=ch/DC=cern/OU=Organic Units/OU=Users/CN=jiahua/CN=851532/CN=Jiahua Chen
type      : RFC3820 compliant impersonation proxy
strength  : 2048
path      : /afs/cern.ch/user/j/jiahua/proxy/x509up_u139833
timeleft  : 199:54:18
key usage : Digital Signature, Key Encipherment
=== VO cms extension information ===
VO        : cms
subject   : /DC=ch/DC=cern/OU=Organic Units/OU=Users/CN=jiahua/CN=851532/CN=Jiahua Chen
issuer    : /DC=ch/DC=cern/OU=computers/CN=cms-auth.cern.ch
attribute : /cms/Role=NULL/Capability=NULL
timeleft  : 191:54:18
uri       : voms-cms-auth.cern.ch:15000

/eos/user/j/jiahua/MC_2022_inc/Muon_UL22C-16Dec2023-v1/1a2e98e6-c7fa-4259-b73e-6e65e6e4bee3.root
[2025-06-21 17:37:28.855] [main] [info] Checking input files
