000 (10903354.086.000) 06/21 17:34:55 Job submitted from host: <188.185.121.235:9618?addrs=188.185.121.235-9618+[2001-1458-d00-49--100-36e]-9618&alias=bigbird22.cern.ch&noUDP&sock=schedd_5086_26c4>
...
040 (10903354.086.000) 06/21 17:37:25 Started transferring input files
	Transferring to host: <128.142.192.175:9618?addrs=128.142.192.175-9618+[2001-1458-301-56--100-2b]-9618&alias=b9g18p5008.cern.ch&noUDP&sock=slot1_28_3685423_a704_43650>
...
040 (10903354.086.000) 06/21 17:37:25 Finished transferring input files
...
001 (10903354.086.000) 06/21 17:37:26 Job executing on host: <128.142.192.175:9618?addrs=128.142.192.175-9618+[2001-1458-301-56--100-2b]-9618&alias=b9g18p5008.cern.ch&noUDP&sock=startd_8201_c847>
	SlotName: slot1_28@b9g18p5008.cern.ch
	CondorScratchDir = "/pool/condor/dir_3602308"
	Cpus = 1
	Disk = 13070
	GPUs = 0
	Memory = 3000
...
006 (10903354.086.000) 06/21 17:37:35 Image size of job updated: 20744
	21  -  MemoryUsage of job (MB)
	20744  -  ResidentSetSize of job (KB)
...
006 (10903354.086.000) 06/21 17:40:41 Image size of job updated: 96768
	95  -  MemoryUsage of job (MB)
	96768  -  ResidentSetSize of job (KB)
...
040 (10903354.086.000) 06/21 17:40:41 Started transferring output files
...
040 (10903354.086.000) 06/21 17:40:41 Finished transferring output files
...
005 (10903354.086.000) 06/21 17:40:41 Job terminated.
	(1) Normal termination (return value 1)
		Usr 0 00:00:08, Sys 0 00:00:03  -  Run Remote Usage
		Usr 0 00:00:00, Sys 0 00:00:00  -  Run Local Usage
		Usr 0 00:00:08, Sys 0 00:00:03  -  Total Remote Usage
		Usr 0 00:00:00, Sys 0 00:00:00  -  Total Local Usage
	2255  -  Run Bytes Sent By Job
	9642270  -  Run Bytes Received By Job
	2255  -  Total Bytes Sent By Job
	9642270  -  Total Bytes Received By Job
	Partitionable Resources :    Usage  Request Allocated 
	   Cpus                 :        0        1         1 
	   Disk (KB)            :     9444    10000     13070 
	   GPUs                 :                           0 
	   Memory (MB)          :       95     3000      3000 
	   TimeExecute (s)      :      195                    
	   TimeSlotBusy (s)     :      197                    

	Job terminated of its own accord at 2025-06-21T15:40:41Z with exit-code 1.
...
