000 (10903358.014.000) 06/21 17:42:46 Job submitted from host: <188.185.121.235:9618?addrs=188.185.121.235-9618+[2001-1458-d00-49--100-36e]-9618&alias=bigbird22.cern.ch&noUDP&sock=schedd_5086_26c4>
...
040 (10903358.014.000) 06/21 17:43:33 Started transferring input files
	Transferring to host: <188.185.206.100:9618?addrs=188.185.206.100-9618+[2001-1458-303-b--100-61]-9618&alias=b9p05p6008.cern.ch&noUDP&sock=slot1_11_8474_7312_19450>
...
040 (10903358.014.000) 06/21 17:43:33 Finished transferring input files
...
001 (10903358.014.000) 06/21 17:43:34 Job executing on host: <188.185.206.100:9618?addrs=188.185.206.100-9618+[2001-1458-303-b--100-61]-9618&alias=b9p05p6008.cern.ch&noUDP&sock=startd_7420_14d0>
	SlotName: slot1_11@b9p05p6008.cern.ch
	CondorScratchDir = "/pool/condor/dir_3037567"
	Cpus = 1
	Disk = 12970
	GPUs = 0
	Memory = 3000
...
006 (10903358.014.000) 06/21 17:43:48 Image size of job updated: 57196
	21  -  MemoryUsage of job (MB)
	20768  -  ResidentSetSize of job (KB)
...
040 (10903358.014.000) 06/21 17:43:49 Started transferring output files
...
040 (10903358.014.000) 06/21 17:43:50 Finished transferring output files
...
005 (10903358.014.000) 06/21 17:43:50 Job terminated.
	(1) Normal termination (return value 1)
		Usr 0 00:00:04, Sys 0 00:00:03  -  Run Remote Usage
		Usr 0 00:00:00, Sys 0 00:00:00  -  Run Local Usage
		Usr 0 00:00:04, Sys 0 00:00:03  -  Total Remote Usage
		Usr 0 00:00:00, Sys 0 00:00:00  -  Total Local Usage
	2317  -  Run Bytes Sent By Job
	9642281  -  Run Bytes Received By Job
	2317  -  Total Bytes Sent By Job
	9642281  -  Total Bytes Received By Job
	Partitionable Resources :    Usage  Request Allocated 
	   Cpus                 :        0        1         1 
	   Disk (KB)            :     9447    10000     12970 
	   GPUs                 :                           0 
	   Memory (MB)          :       21     3000      3000 
	   TimeExecute (s)      :       15                    
	   TimeSlotBusy (s)     :       18                    

	Job terminated of its own accord at 2025-06-21T15:43:49Z with exit-code 1.
...
