000 (10903358.035.000) 06/21 17:42:46 Job submitted from host: <188.185.121.235:9618?addrs=188.185.121.235-9618+[2001-1458-d00-49--100-36e]-9618&alias=bigbird22.cern.ch&noUDP&sock=schedd_5086_26c4>
...
040 (10903358.035.000) 06/21 17:43:40 Started transferring input files
	Transferring to host: <188.185.194.132:9618?addrs=188.185.194.132-9618+[2001-1458-303-21--100-80]-9618&alias=b9p20p1262.cern.ch&noUDP&sock=slot1_39_4737_651a_6023>
...
040 (10903358.035.000) 06/21 17:43:40 Finished transferring input files
...
001 (10903358.035.000) 06/21 17:43:41 Job executing on host: <188.185.194.132:9618?addrs=188.185.194.132-9618+[2001-1458-303-21--100-80]-9618&alias=b9p20p1262.cern.ch&noUDP&sock=startd_4011_ca75>
	SlotName: slot1_39@b9p20p1262.cern.ch
	CondorScratchDir = "/pool/condor/dir_827418"
	Cpus = 1
	Disk = 13119
	GPUs = 0
	Memory = 3000
...
006 (10903358.035.000) 06/21 17:43:55 Image size of job updated: 48444
	37  -  MemoryUsage of job (MB)
	37424  -  ResidentSetSize of job (KB)
...
006 (10903358.035.000) 06/21 17:44:02 Image size of job updated: 48444
	37  -  MemoryUsage of job (MB)
	37864  -  ResidentSetSize of job (KB)
...
040 (10903358.035.000) 06/21 17:44:02 Started transferring output files
...
040 (10903358.035.000) 06/21 17:44:02 Finished transferring output files
...
005 (10903358.035.000) 06/21 17:44:02 Job terminated.
	(1) Normal termination (return value 1)
		Usr 0 00:00:08, Sys 0 00:00:03  -  Run Remote Usage
		Usr 0 00:00:00, Sys 0 00:00:00  -  Run Local Usage
		Usr 0 00:00:08, Sys 0 00:00:03  -  Total Remote Usage
		Usr 0 00:00:00, Sys 0 00:00:00  -  Total Local Usage
	2316  -  Run Bytes Sent By Job
	9642281  -  Run Bytes Received By Job
	2316  -  Total Bytes Sent By Job
	9642281  -  Total Bytes Received By Job
	Partitionable Resources :    Usage  Request Allocated 
	   Cpus                 :        0        1         1 
	   Disk (KB)            :     9444    10000     13119 
	   GPUs                 :                           0 
	   Memory (MB)          :       37     3000      3000 
	   TimeExecute (s)      :       21                    
	   TimeSlotBusy (s)     :       23                    

	Job terminated of its own accord at 2025-06-21T15:44:02Z with exit-code 1.
...
