000 (10903354.028.000) 06/21 17:34:55 Job submitted from host: <188.185.121.235:9618?addrs=188.185.121.235-9618+[2001-1458-d00-49--100-36e]-9618&alias=bigbird22.cern.ch&noUDP&sock=schedd_5086_26c4>
...
040 (10903354.028.000) 06/21 17:37:06 Started transferring input files
	Transferring to host: <188.185.213.20:9618?addrs=188.185.213.20-9618+[2001-1458-303-1a--100-10]-9618&alias=b9p27p9944.cern.ch&noUDP&sock=slot1_15_8398_e68f_20866>
...
040 (10903354.028.000) 06/21 17:37:06 Finished transferring input files
...
001 (10903354.028.000) 06/21 17:37:07 Job executing on host: <188.185.213.20:9618?addrs=188.185.213.20-9618+[2001-1458-303-1a--100-10]-9618&alias=b9p27p9944.cern.ch&noUDP&sock=startd_7854_c4ea>
	SlotName: slot1_15@b9p27p9944.cern.ch
	CondorScratchDir = "/pool/condor/dir_3869042"
	Cpus = 1
	Disk = 12998
	GPUs = 0
	Memory = 3000
...
006 (10903354.028.000) 06/21 17:37:16 Image size of job updated: 18016
	18  -  MemoryUsage of job (MB)
	18016  -  ResidentSetSize of job (KB)
...
006 (10903354.028.000) 06/21 17:40:52 Image size of job updated: 99688
	98  -  MemoryUsage of job (MB)
	99688  -  ResidentSetSize of job (KB)
...
040 (10903354.028.000) 06/21 17:40:52 Started transferring output files
...
040 (10903354.028.000) 06/21 17:40:52 Finished transferring output files
...
005 (10903354.028.000) 06/21 17:40:52 Job terminated.
	(1) Normal termination (return value 1)
		Usr 0 00:00:06, Sys 0 00:00:04  -  Run Remote Usage
		Usr 0 00:00:00, Sys 0 00:00:00  -  Run Local Usage
		Usr 0 00:00:06, Sys 0 00:00:04  -  Total Remote Usage
		Usr 0 00:00:00, Sys 0 00:00:00  -  Total Local Usage
	2255  -  Run Bytes Sent By Job
	9642270  -  Run Bytes Received By Job
	2255  -  Total Bytes Sent By Job
	9642270  -  Total Bytes Received By Job
	Partitionable Resources :    Usage  Request Allocated 
	   Cpus                 :        0        1         1 
	   Disk (KB)            :     9444    10000     12998 
	   GPUs                 :                           0 
	   Memory (MB)          :       98     3000      3000 
	   TimeExecute (s)      :      225                    
	   TimeSlotBusy (s)     :      227                    

	Job terminated of its own accord at 2025-06-21T15:40:52Z with exit-code 1.
...
