000 (10903354.038.000) 06/21 17:34:55 Job submitted from host: <188.185.121.235:9618?addrs=188.185.121.235-9618+[2001-1458-d00-49--100-36e]-9618&alias=bigbird22.cern.ch&noUDP&sock=schedd_5086_26c4>
...
040 (10903354.038.000) 06/21 17:37:10 Started transferring input files
	Transferring to host: <188.185.209.91:9618?addrs=188.185.209.91-9618+[2001-1458-303-11--100-58]-9618&alias=b9p11p9821.cern.ch&noUDP&sock=slot1_15_359939_5646_4400>
...
040 (10903354.038.000) 06/21 17:37:10 Finished transferring input files
...
001 (10903354.038.000) 06/21 17:37:11 Job executing on host: <188.185.209.91:9618?addrs=188.185.209.91-9618+[2001-1458-303-11--100-58]-9618&alias=b9p11p9821.cern.ch&noUDP&sock=startd_359900_0b14>
	SlotName: slot1_15@b9p11p9821.cern.ch
	CondorScratchDir = "/pool/condor/dir_418903"
	Cpus = 1
	Disk = 12769
	GPUs = 0
	Memory = 3000
...
006 (10903354.038.000) 06/21 17:37:25 Image size of job updated: 21892
	22  -  MemoryUsage of job (MB)
	21892  -  ResidentSetSize of job (KB)
...
006 (10903354.038.000) 06/21 17:37:31 Image size of job updated: 27128
	23  -  MemoryUsage of job (MB)
	22572  -  ResidentSetSize of job (KB)
...
040 (10903354.038.000) 06/21 17:37:31 Started transferring output files
...
040 (10903354.038.000) 06/21 17:37:31 Finished transferring output files
...
005 (10903354.038.000) 06/21 17:37:31 Job terminated.
	(1) Normal termination (return value 1)
		Usr 0 00:00:06, Sys 0 00:00:04  -  Run Remote Usage
		Usr 0 00:00:00, Sys 0 00:00:00  -  Run Local Usage
		Usr 0 00:00:06, Sys 0 00:00:04  -  Total Remote Usage
		Usr 0 00:00:00, Sys 0 00:00:00  -  Total Local Usage
	2255  -  Run Bytes Sent By Job
	9642270  -  Run Bytes Received By Job
	2255  -  Total Bytes Sent By Job
	9642270  -  Total Bytes Received By Job
	Partitionable Resources :    Usage  Request Allocated 
	   Cpus                 :        0        1         1 
	   Disk (KB)            :     9446    10000     12769 
	   GPUs                 :                           0 
	   Memory (MB)          :       23     3000      3000 
	   TimeExecute (s)      :       20                    
	   TimeSlotBusy (s)     :       22                    

	Job terminated of its own accord at 2025-06-21T15:37:31Z with exit-code 1.
...
