000 (10903356.006.000) 06/21 17:42:10 Job submitted from host: <188.185.121.235:9618?addrs=188.185.121.235-9618+[2001-1458-d00-49--100-36e]-9618&alias=bigbird22.cern.ch&noUDP&sock=schedd_5086_26c4>
...
040 (10903356.006.000) 06/21 17:43:44 Started transferring input files
	Transferring to host: <188.185.196.95:9618?addrs=188.185.196.95-9618+[2001-1458-303-23--100-5b]-9618&alias=b9p16p0468.cern.ch&noUDP&sock=slot1_13_8816_6b60_20668>
...
040 (10903356.006.000) 06/21 17:43:44 Finished transferring input files
...
001 (10903356.006.000) 06/21 17:43:45 Job executing on host: <188.185.196.95:9618?addrs=188.185.196.95-9618+[2001-1458-303-23--100-5b]-9618&alias=b9p16p0468.cern.ch&noUDP&sock=startd_8764_f419>
	SlotName: slot1_13@b9p16p0468.cern.ch
	CondorScratchDir = "/pool/condor/dir_38005"
	Cpus = 1
	Disk = 12806
	GPUs = 0
	Memory = 3000
...
006 (10903356.006.000) 06/21 17:43:54 Image size of job updated: 54804
	54  -  MemoryUsage of job (MB)
	54804  -  ResidentSetSize of job (KB)
...
006 (10903356.006.000) 06/21 17:43:59 Image size of job updated: 101108
	99  -  MemoryUsage of job (MB)
	101108  -  ResidentSetSize of job (KB)
...
040 (10903356.006.000) 06/21 17:43:59 Started transferring output files
...
040 (10903356.006.000) 06/21 17:43:59 Finished transferring output files
...
005 (10903356.006.000) 06/21 17:43:59 Job terminated.
	(1) Normal termination (return value 1)
		Usr 0 00:00:07, Sys 0 00:00:03  -  Run Remote Usage
		Usr 0 00:00:00, Sys 0 00:00:00  -  Run Local Usage
		Usr 0 00:00:07, Sys 0 00:00:03  -  Total Remote Usage
		Usr 0 00:00:00, Sys 0 00:00:00  -  Total Local Usage
	2317  -  Run Bytes Sent By Job
	9642281  -  Run Bytes Received By Job
	2317  -  Total Bytes Sent By Job
	9642281  -  Total Bytes Received By Job
	Partitionable Resources :    Usage  Request Allocated 
	   Cpus                 :        0        1         1 
	   Disk (KB)            :     9444    10000     12806 
	   GPUs                 :                           0 
	   Memory (MB)          :       99     3000      3000 
	   TimeExecute (s)      :       14                    
	   TimeSlotBusy (s)     :       16                    

	Job terminated of its own accord at 2025-06-21T15:43:59Z with exit-code 1.
...
