000 (10903354.078.000) 06/21 17:34:55 Job submitted from host: <188.185.121.235:9618?addrs=188.185.121.235-9618+[2001-1458-d00-49--100-36e]-9618&alias=bigbird22.cern.ch&noUDP&sock=schedd_5086_26c4>
...
040 (10903354.078.000) 06/21 17:37:22 Started transferring input files
	Transferring to host: <188.185.211.186:9618?addrs=188.185.211.186-9618+[2001-1458-303-17--100-36]-9618&alias=b9p24p4779.cern.ch&noUDP&sock=slot1_15_8376_664e_22070>
...
040 (10903354.078.000) 06/21 17:37:22 Finished transferring input files
...
001 (10903354.078.000) 06/21 17:37:23 Job executing on host: <188.185.211.186:9618?addrs=188.185.211.186-9618+[2001-1458-303-17--100-36]-9618&alias=b9p24p4779.cern.ch&noUDP&sock=startd_8318_08dc>
	SlotName: slot1_15@b9p24p4779.cern.ch
	CondorScratchDir = "/pool/condor/dir_94419"
	Cpus = 1
	Disk = 13015
	GPUs = 0
	Memory = 3000
...
006 (10903354.078.000) 06/21 17:37:32 Image size of job updated: 31740
	31  -  MemoryUsage of job (MB)
	31740  -  ResidentSetSize of job (KB)
...
006 (10903354.078.000) 06/21 17:37:50 Image size of job updated: 101280
	99  -  MemoryUsage of job (MB)
	101280  -  ResidentSetSize of job (KB)
...
040 (10903354.078.000) 06/21 17:37:50 Started transferring output files
...
040 (10903354.078.000) 06/21 17:37:50 Finished transferring output files
...
005 (10903354.078.000) 06/21 17:37:50 Job terminated.
	(1) Normal termination (return value 1)
		Usr 0 00:00:06, Sys 0 00:00:04  -  Run Remote Usage
		Usr 0 00:00:00, Sys 0 00:00:00  -  Run Local Usage
		Usr 0 00:00:06, Sys 0 00:00:04  -  Total Remote Usage
		Usr 0 00:00:00, Sys 0 00:00:00  -  Total Local Usage
	2255  -  Run Bytes Sent By Job
	9642270  -  Run Bytes Received By Job
	2255  -  Total Bytes Sent By Job
	9642270  -  Total Bytes Received By Job
	Partitionable Resources :    Usage  Request Allocated 
	   Cpus                 :        0        1         1 
	   Disk (KB)            :     9444    10000     13015 
	   GPUs                 :                           0 
	   Memory (MB)          :       99     3000      3000 
	   TimeExecute (s)      :       27                    
	   TimeSlotBusy (s)     :       29                    

	Job terminated of its own accord at 2025-06-21T15:37:50Z with exit-code 1.
...
