000 (10903356.067.000) 06/21 17:42:10 Job submitted from host: <188.185.121.235:9618?addrs=188.185.121.235-9618+[2001-1458-d00-49--100-36e]-9618&alias=bigbird22.cern.ch&noUDP&sock=schedd_5086_26c4>
...
040 (10903356.067.000) 06/21 17:43:21 Started transferring input files
	Transferring to host: <188.185.195.45:9618?addrs=188.185.195.45-9618+[2001-1458-303-22--100-29]-9618&alias=b9p17p0675.cern.ch&noUDP&sock=slot1_30_3157118_fcb8_4878>
...
040 (10903356.067.000) 06/21 17:43:21 Finished transferring input files
...
001 (10903356.067.000) 06/21 17:43:22 Job executing on host: <188.185.195.45:9618?addrs=188.185.195.45-9618+[2001-1458-303-22--100-29]-9618&alias=b9p17p0675.cern.ch&noUDP&sock=startd_3157078_7df3>
	SlotName: slot1_30@b9p17p0675.cern.ch
	CondorScratchDir = "/pool/condor/dir_1904835"
	Cpus = 1
	Disk = 12934
	GPUs = 0
	Memory = 3000
...
006 (10903356.067.000) 06/21 17:43:36 Image size of job updated: 57104
	17  -  MemoryUsage of job (MB)
	16504  -  ResidentSetSize of job (KB)
...
006 (10903356.067.000) 06/21 17:43:52 Image size of job updated: 72728
	17  -  MemoryUsage of job (MB)
	16504  -  ResidentSetSize of job (KB)
...
040 (10903356.067.000) 06/21 17:43:52 Started transferring output files
...
040 (10903356.067.000) 06/21 17:43:52 Finished transferring output files
...
005 (10903356.067.000) 06/21 17:43:52 Job terminated.
	(1) Normal termination (return value 1)
		Usr 0 00:00:08, Sys 0 00:00:03  -  Run Remote Usage
		Usr 0 00:00:00, Sys 0 00:00:00  -  Run Local Usage
		Usr 0 00:00:08, Sys 0 00:00:03  -  Total Remote Usage
		Usr 0 00:00:00, Sys 0 00:00:00  -  Total Local Usage
	2317  -  Run Bytes Sent By Job
	9642281  -  Run Bytes Received By Job
	2317  -  Total Bytes Sent By Job
	9642281  -  Total Bytes Received By Job
	Partitionable Resources :    Usage  Request Allocated 
	   Cpus                 :        0        1         1 
	   Disk (KB)            :     9444    10000     12934 
	   GPUs                 :                           0 
	   Memory (MB)          :       17     3000      3000 
	   TimeExecute (s)      :       30                    
	   TimeSlotBusy (s)     :       32                    

	Job terminated of its own accord at 2025-06-21T15:43:52Z with exit-code 1.
...
