000 (10903356.042.000) 06/21 17:42:10 Job submitted from host: <188.185.121.235:9618?addrs=188.185.121.235-9618+[2001-1458-d00-49--100-36e]-9618&alias=bigbird22.cern.ch&noUDP&sock=schedd_5086_26c4>
...
040 (10903356.042.000) 06/21 17:43:14 Started transferring input files
	Transferring to host: <128.142.161.104:9618?addrs=128.142.161.104-9618+[2001-1458-301-b8--100-26]-9618&alias=b9g03p9650.cern.ch&noUDP&sock=slot1_31_2479278_630c_4916>
...
040 (10903356.042.000) 06/21 17:43:14 Finished transferring input files
...
001 (10903356.042.000) 06/21 17:43:15 Job executing on host: <128.142.161.104:9618?addrs=128.142.161.104-9618+[2001-1458-301-b8--100-26]-9618&alias=b9g03p9650.cern.ch&noUDP&sock=startd_2479240_010f>
	SlotName: slot1_31@b9g03p9650.cern.ch
	CondorScratchDir = "/pool/condor/dir_1325805"
	Cpus = 1
	Disk = 12956
	GPUs = 0
	Memory = 3000
...
006 (10903356.042.000) 06/21 17:43:30 Image size of job updated: 55512
	55  -  MemoryUsage of job (MB)
	55512  -  ResidentSetSize of job (KB)
...
006 (10903356.042.000) 06/21 17:43:36 Image size of job updated: 55520
	55  -  MemoryUsage of job (MB)
	55520  -  ResidentSetSize of job (KB)
...
040 (10903356.042.000) 06/21 17:43:36 Started transferring output files
...
040 (10903356.042.000) 06/21 17:43:36 Finished transferring output files
...
005 (10903356.042.000) 06/21 17:43:36 Job terminated.
	(1) Normal termination (return value 1)
		Usr 0 00:00:08, Sys 0 00:00:03  -  Run Remote Usage
		Usr 0 00:00:00, Sys 0 00:00:00  -  Run Local Usage
		Usr 0 00:00:08, Sys 0 00:00:03  -  Total Remote Usage
		Usr 0 00:00:00, Sys 0 00:00:00  -  Total Local Usage
	2316  -  Run Bytes Sent By Job
	9642281  -  Run Bytes Received By Job
	2316  -  Total Bytes Sent By Job
	9642281  -  Total Bytes Received By Job
	Partitionable Resources :    Usage  Request Allocated 
	   Cpus                 :        0        1         1 
	   Disk (KB)            :     9444    10000     12956 
	   GPUs                 :                           0 
	   Memory (MB)          :       55     3000      3000 
	   TimeExecute (s)      :       21                    
	   TimeSlotBusy (s)     :       23                    

	Job terminated of its own accord at 2025-06-21T15:43:36Z with exit-code 1.
...
