000 (10903354.025.000) 06/21 17:34:55 Job submitted from host: <188.185.121.235:9618?addrs=188.185.121.235-9618+[2001-1458-d00-49--100-36e]-9618&alias=bigbird22.cern.ch&noUDP&sock=schedd_5086_26c4>
...
040 (10903354.025.000) 06/21 17:37:05 Started transferring input files
	Transferring to host: <188.185.215.37:9618?addrs=188.185.215.37-9618+[2001-1458-303-1e--100-21]-9618&alias=b9p31p9311.cern.ch&noUDP&sock=slot1_9_8409_a6af_20771>
...
040 (10903354.025.000) 06/21 17:37:05 Finished transferring input files
...
001 (10903354.025.000) 06/21 17:37:06 Job executing on host: <188.185.215.37:9618?addrs=188.185.215.37-9618+[2001-1458-303-1e--100-21]-9618&alias=b9p31p9311.cern.ch&noUDP&sock=startd_8289_249d>
	SlotName: slot1_9@b9p31p9311.cern.ch
	CondorScratchDir = "/pool/condor/dir_551101"
	Cpus = 1
	Disk = 13111
	GPUs = 0
	Memory = 3000
...
006 (10903354.025.000) 06/21 17:37:15 Image size of job updated: 77940
	77  -  MemoryUsage of job (MB)
	77940  -  ResidentSetSize of job (KB)
...
006 (10903354.025.000) 06/21 17:37:20 Image size of job updated: 104048
	102  -  MemoryUsage of job (MB)
	104048  -  ResidentSetSize of job (KB)
...
040 (10903354.025.000) 06/21 17:37:20 Started transferring output files
...
040 (10903354.025.000) 06/21 17:37:20 Finished transferring output files
...
005 (10903354.025.000) 06/21 17:37:20 Job terminated.
	(1) Normal termination (return value 1)
		Usr 0 00:00:05, Sys 0 00:00:04  -  Run Remote Usage
		Usr 0 00:00:00, Sys 0 00:00:00  -  Run Local Usage
		Usr 0 00:00:05, Sys 0 00:00:04  -  Total Remote Usage
		Usr 0 00:00:00, Sys 0 00:00:00  -  Total Local Usage
	2255  -  Run Bytes Sent By Job
	9642270  -  Run Bytes Received By Job
	2255  -  Total Bytes Sent By Job
	9642270  -  Total Bytes Received By Job
	Partitionable Resources :    Usage  Request Allocated 
	   Cpus                 :        0        1         1 
	   Disk (KB)            :     9444    10000     13111 
	   GPUs                 :                           0 
	   Memory (MB)          :      102     3000      3000 
	   TimeExecute (s)      :       14                    
	   TimeSlotBusy (s)     :       16                    

	Job terminated of its own accord at 2025-06-21T15:37:20Z with exit-code 1.
...
