Starting job on \n
Running on: Linux b9p20p6104.cern.ch 5.14.0-570.21.1.el9_6.x86_64 #1 SMP PREEMPT_DYNAMIC Tue Jun 3 12:46:50 EDT 2025 x86_64 x86_64 x86_64 GNU/Linux\n
System software: CentOS Linux release 7.9.2009 (Core) \n
Setting up CROWN for CentOS Version 7.9.2009
subject   : /DC=ch/DC=cern/OU=Organic Units/OU=Users/CN=jiahua/CN=851532/CN=Jiahua Chen/CN=1121402588
issuer    : /DC=ch/DC=cern/OU=Organic Units/OU=Users/CN=jiahua/CN=851532/CN=Jiahua Chen
identity  : /DC=ch/DC=cern/OU=Organic Units/OU=Users/CN=jiahua/CN=851532/CN=Jiahua Chen
type      : RFC3820 compliant impersonation proxy
strength  : 2048
path      : /afs/cern.ch/user/j/jiahua/proxy/x509up_u139833
timeleft  : 199:47:49
key usage : Digital Signature, Key Encipherment
=== VO cms extension information ===
VO        : cms
subject   : /DC=ch/DC=cern/OU=Organic Units/OU=Users/CN=jiahua/CN=851532/CN=Jiahua Chen
issuer    : /DC=ch/DC=cern/OU=computers/CN=cms-auth.cern.ch
attribute : /cms/Role=NULL/Capability=NULL
timeleft  : 191:47:49
uri       : voms-cms-auth.cern.ch:15000

subject   : /DC=ch/DC=cern/OU=Organic Units/OU=Users/CN=jiahua/CN=851532/CN=Jiahua Chen/CN=1121402588
issuer    : /DC=ch/DC=cern/OU=Organic Units/OU=Users/CN=jiahua/CN=851532/CN=Jiahua Chen
identity  : /DC=ch/DC=cern/OU=Organic Units/OU=Users/CN=jiahua/CN=851532/CN=Jiahua Chen
type      : RFC3820 compliant impersonation proxy
strength  : 2048
path      : /afs/cern.ch/user/j/jiahua/proxy/x509up_u139833
timeleft  : 199:47:48
key usage : Digital Signature, Key Encipherment
=== VO cms extension information ===
VO        : cms
subject   : /DC=ch/DC=cern/OU=Organic Units/OU=Users/CN=jiahua/CN=851532/CN=Jiahua Chen
issuer    : /DC=ch/DC=cern/OU=computers/CN=cms-auth.cern.ch
attribute : /cms/Role=NULL/Capability=NULL
timeleft  : 191:47:48
uri       : voms-cms-auth.cern.ch:15000

/eos/user/j/jiahua/MC_2022_inc/Muon_UL22D-16Dec2023-v1/a57e4ca9-cc4c-4261-9d7d-b1ac2d0906fc.root
[2025-06-21 17:43:59.384] [main] [info] Checking input files
