000 (10903354.043.000) 06/21 17:34:55 Job submitted from host: <188.185.121.235:9618?addrs=188.185.121.235-9618+[2001-1458-d00-49--100-36e]-9618&alias=bigbird22.cern.ch&noUDP&sock=schedd_5086_26c4>
...
040 (10903354.043.000) 06/21 17:37:11 Started transferring input files
	Transferring to host: <128.142.196.41:9618?addrs=128.142.196.41-9618+[2001-1458-301-3c--100-27]-9618&alias=b9g32p1063.cern.ch&noUDP&sock=slot1_17_2631082_09a9_4618>
...
040 (10903354.043.000) 06/21 17:37:11 Finished transferring input files
...
001 (10903354.043.000) 06/21 17:37:12 Job executing on host: <128.142.196.41:9618?addrs=128.142.196.41-9618+[2001-1458-301-3c--100-27]-9618&alias=b9g32p1063.cern.ch&noUDP&sock=startd_2631032_b0cc>
	SlotName: slot1_17@b9g32p1063.cern.ch
	CondorScratchDir = "/pool/condor/dir_3363506"
	Cpus = 1
	Disk = 12812
	GPUs = 0
	Memory = 3000
...
006 (10903354.043.000) 06/21 17:37:22 Image size of job updated: 99076
	97  -  MemoryUsage of job (MB)
	99076  -  ResidentSetSize of job (KB)
...
006 (10903354.043.000) 06/21 17:37:28 Image size of job updated: 103160
	101  -  MemoryUsage of job (MB)
	103160  -  ResidentSetSize of job (KB)
...
040 (10903354.043.000) 06/21 17:37:28 Started transferring output files
...
040 (10903354.043.000) 06/21 17:37:29 Finished transferring output files
...
005 (10903354.043.000) 06/21 17:37:29 Job terminated.
	(1) Normal termination (return value 1)
		Usr 0 00:00:06, Sys 0 00:00:04  -  Run Remote Usage
		Usr 0 00:00:00, Sys 0 00:00:00  -  Run Local Usage
		Usr 0 00:00:06, Sys 0 00:00:04  -  Total Remote Usage
		Usr 0 00:00:00, Sys 0 00:00:00  -  Total Local Usage
	2255  -  Run Bytes Sent By Job
	9642270  -  Run Bytes Received By Job
	2255  -  Total Bytes Sent By Job
	9642270  -  Total Bytes Received By Job
	Partitionable Resources :    Usage  Request Allocated 
	   Cpus                 :        0        1         1 
	   Disk (KB)            :     9444    10000     12812 
	   GPUs                 :                           0 
	   Memory (MB)          :      101     3000      3000 
	   TimeExecute (s)      :       16                    
	   TimeSlotBusy (s)     :       19                    

	Job terminated of its own accord at 2025-06-21T15:37:28Z with exit-code 1.
...
