000 (10903356.079.000) 06/21 17:42:10 Job submitted from host: <188.185.121.235:9618?addrs=188.185.121.235-9618+[2001-1458-d00-49--100-36e]-9618&alias=bigbird22.cern.ch&noUDP&sock=schedd_5086_26c4>
...
040 (10903356.079.000) 06/21 17:43:25 Started transferring input files
	Transferring to host: <188.185.194.72:9618?addrs=188.185.194.72-9618+[2001-1458-303-21--100-44]-9618&alias=b9p20p6493.cern.ch&noUDP&sock=slot1_2_6066_cbb0_6378>
...
040 (10903356.079.000) 06/21 17:43:25 Finished transferring input files
...
001 (10903356.079.000) 06/21 17:43:26 Job executing on host: <188.185.194.72:9618?addrs=188.185.194.72-9618+[2001-1458-303-21--100-44]-9618&alias=b9p20p6493.cern.ch&noUDP&sock=startd_5381_7f35>
	SlotName: slot1_2@b9p20p6493.cern.ch
	CondorScratchDir = "/pool/condor/dir_1301577"
	Cpus = 1
	Disk = 13097
	GPUs = 0
	Memory = 3000
...
006 (10903356.079.000) 06/21 17:43:41 Image size of job updated: 15892
	16  -  MemoryUsage of job (MB)
	15892  -  ResidentSetSize of job (KB)
...
006 (10903356.079.000) 06/21 17:43:46 Image size of job updated: 24856
	16  -  MemoryUsage of job (MB)
	15948  -  ResidentSetSize of job (KB)
...
040 (10903356.079.000) 06/21 17:43:46 Started transferring output files
...
040 (10903356.079.000) 06/21 17:43:46 Finished transferring output files
...
005 (10903356.079.000) 06/21 17:43:46 Job terminated.
	(1) Normal termination (return value 1)
		Usr 0 00:00:07, Sys 0 00:00:03  -  Run Remote Usage
		Usr 0 00:00:00, Sys 0 00:00:00  -  Run Local Usage
		Usr 0 00:00:07, Sys 0 00:00:03  -  Total Remote Usage
		Usr 0 00:00:00, Sys 0 00:00:00  -  Total Local Usage
	2316  -  Run Bytes Sent By Job
	9642281  -  Run Bytes Received By Job
	2316  -  Total Bytes Sent By Job
	9642281  -  Total Bytes Received By Job
	Partitionable Resources :    Usage  Request Allocated 
	   Cpus                 :        0        1         1 
	   Disk (KB)            :     9444    10000     13097 
	   GPUs                 :                           0 
	   Memory (MB)          :       16     3000      3000 
	   TimeExecute (s)      :       20                    
	   TimeSlotBusy (s)     :       22                    

	Job terminated of its own accord at 2025-06-21T15:43:46Z with exit-code 1.
...
