000 (10903354.041.000) 06/21 17:34:55 Job submitted from host: <188.185.121.235:9618?addrs=188.185.121.235-9618+[2001-1458-d00-49--100-36e]-9618&alias=bigbird22.cern.ch&noUDP&sock=schedd_5086_26c4>
...
040 (10903354.041.000) 06/21 17:37:11 Started transferring input files
	Transferring to host: <128.142.192.202:9618?addrs=128.142.192.202-9618+[2001-1458-301-56--100-46]-9618&alias=b9g18p7650.cern.ch&noUDP&sock=slot1_5_1967722_e84a_42264>
...
040 (10903354.041.000) 06/21 17:37:11 Finished transferring input files
...
001 (10903354.041.000) 06/21 17:37:12 Job executing on host: <128.142.192.202:9618?addrs=128.142.192.202-9618+[2001-1458-301-56--100-46]-9618&alias=b9g18p7650.cern.ch&noUDP&sock=startd_2964_a2cd>
	SlotName: slot1_5@b9g18p7650.cern.ch
	CondorScratchDir = "/pool/condor/dir_1025268"
	Cpus = 1
	Disk = 12979
	GPUs = 0
	Memory = 3000
...
006 (10903354.041.000) 06/21 17:37:21 Image size of job updated: 17836
	18  -  MemoryUsage of job (MB)
	17836  -  ResidentSetSize of job (KB)
...
006 (10903354.041.000) 06/21 17:40:03 Image size of job updated: 101140
	99  -  MemoryUsage of job (MB)
	101140  -  ResidentSetSize of job (KB)
...
040 (10903354.041.000) 06/21 17:40:03 Started transferring output files
...
040 (10903354.041.000) 06/21 17:40:03 Finished transferring output files
...
005 (10903354.041.000) 06/21 17:40:03 Job terminated.
	(1) Normal termination (return value 1)
		Usr 0 00:00:09, Sys 0 00:00:04  -  Run Remote Usage
		Usr 0 00:00:00, Sys 0 00:00:00  -  Run Local Usage
		Usr 0 00:00:09, Sys 0 00:00:04  -  Total Remote Usage
		Usr 0 00:00:00, Sys 0 00:00:00  -  Total Local Usage
	2254  -  Run Bytes Sent By Job
	9642270  -  Run Bytes Received By Job
	2254  -  Total Bytes Sent By Job
	9642270  -  Total Bytes Received By Job
	Partitionable Resources :    Usage  Request Allocated 
	   Cpus                 :        0        1         1 
	   Disk (KB)            :     9444    10000     12979 
	   GPUs                 :                           0 
	   Memory (MB)          :       99     3000      3000 
	   TimeExecute (s)      :      171                    
	   TimeSlotBusy (s)     :      173                    

	Job terminated of its own accord at 2025-06-21T15:40:03Z with exit-code 1.
...
