000 (10903356.072.000) 06/21 17:42:10 Job submitted from host: <188.185.121.235:9618?addrs=188.185.121.235-9618+[2001-1458-d00-49--100-36e]-9618&alias=bigbird22.cern.ch&noUDP&sock=schedd_5086_26c4>
...
040 (10903356.072.000) 06/21 17:43:23 Started transferring input files
	Transferring to host: <188.185.192.128:9618?addrs=188.185.192.128-9618+[2001-1458-303-1f--100-7c]-9618&alias=b9p13p4991.cern.ch&noUDP&sock=slot1_35_3459151_8f12_5790>
...
040 (10903356.072.000) 06/21 17:43:23 Finished transferring input files
...
001 (10903356.072.000) 06/21 17:43:24 Job executing on host: <188.185.192.128:9618?addrs=188.185.192.128-9618+[2001-1458-303-1f--100-7c]-9618&alias=b9p13p4991.cern.ch&noUDP&sock=startd_3459081_6e32>
	SlotName: slot1_35@b9p13p4991.cern.ch
	CondorScratchDir = "/pool/condor/dir_1279688"
	Cpus = 1
	Disk = 13017
	GPUs = 0
	Memory = 3000
...
006 (10903356.072.000) 06/21 17:43:38 Image size of job updated: 51648
	50  -  MemoryUsage of job (MB)
	51084  -  ResidentSetSize of job (KB)
...
006 (10903356.072.000) 06/21 17:43:46 Image size of job updated: 71148
	50  -  MemoryUsage of job (MB)
	51084  -  ResidentSetSize of job (KB)
...
040 (10903356.072.000) 06/21 17:43:46 Started transferring output files
...
040 (10903356.072.000) 06/21 17:43:46 Finished transferring output files
...
005 (10903356.072.000) 06/21 17:43:46 Job terminated.
	(1) Normal termination (return value 1)
		Usr 0 00:00:08, Sys 0 00:00:03  -  Run Remote Usage
		Usr 0 00:00:00, Sys 0 00:00:00  -  Run Local Usage
		Usr 0 00:00:08, Sys 0 00:00:03  -  Total Remote Usage
		Usr 0 00:00:00, Sys 0 00:00:00  -  Total Local Usage
	2316  -  Run Bytes Sent By Job
	9642281  -  Run Bytes Received By Job
	2316  -  Total Bytes Sent By Job
	9642281  -  Total Bytes Received By Job
	Partitionable Resources :    Usage  Request Allocated 
	   Cpus                 :        0        1         1 
	   Disk (KB)            :     9444    10000     13017 
	   GPUs                 :                           0 
	   Memory (MB)          :       50     3000      3000 
	   TimeExecute (s)      :       22                    
	   TimeSlotBusy (s)     :       24                    

	Job terminated of its own accord at 2025-06-21T15:43:46Z with exit-code 1.
...
