000 (10903358.040.000) 06/21 17:42:46 Job submitted from host: <188.185.121.235:9618?addrs=188.185.121.235-9618+[2001-1458-d00-49--100-36e]-9618&alias=bigbird22.cern.ch&noUDP&sock=schedd_5086_26c4>
...
040 (10903358.040.000) 06/21 17:43:42 Started transferring input files
	Transferring to host: <188.185.198.96:9618?addrs=188.185.198.96-9618+[2001-1458-303-25--100-5c]-9618&alias=b9p15p1473.cern.ch&noUDP&sock=slot1_10_7298_d9e2_20269>
...
040 (10903358.040.000) 06/21 17:43:42 Finished transferring input files
...
001 (10903358.040.000) 06/21 17:43:43 Job executing on host: <188.185.198.96:9618?addrs=188.185.198.96-9618+[2001-1458-303-25--100-5c]-9618&alias=b9p15p1473.cern.ch&noUDP&sock=startd_6781_c7cc>
	SlotName: slot1_10@b9p15p1473.cern.ch
	CondorScratchDir = "/pool/condor/dir_3559193"
	Cpus = 1
	Disk = 12985
	GPUs = 0
	Memory = 3000
...
006 (10903358.040.000) 06/21 17:43:57 Image size of job updated: 72484
	71  -  MemoryUsage of job (MB)
	72484  -  ResidentSetSize of job (KB)
...
006 (10903358.040.000) 06/21 17:44:00 Image size of job updated: 72512
	71  -  MemoryUsage of job (MB)
	72512  -  ResidentSetSize of job (KB)
...
040 (10903358.040.000) 06/21 17:44:00 Started transferring output files
...
040 (10903358.040.000) 06/21 17:44:00 Finished transferring output files
...
005 (10903358.040.000) 06/21 17:44:00 Job terminated.
	(1) Normal termination (return value 1)
		Usr 0 00:00:07, Sys 0 00:00:02  -  Run Remote Usage
		Usr 0 00:00:00, Sys 0 00:00:00  -  Run Local Usage
		Usr 0 00:00:07, Sys 0 00:00:02  -  Total Remote Usage
		Usr 0 00:00:00, Sys 0 00:00:00  -  Total Local Usage
	2317  -  Run Bytes Sent By Job
	9642281  -  Run Bytes Received By Job
	2317  -  Total Bytes Sent By Job
	9642281  -  Total Bytes Received By Job
	Partitionable Resources :    Usage  Request Allocated 
	   Cpus                 :        0        1         1 
	   Disk (KB)            :     9475    10000     12985 
	   GPUs                 :                           0 
	   Memory (MB)          :       71     3000      3000 
	   TimeExecute (s)      :       17                    
	   TimeSlotBusy (s)     :       19                    

	Job terminated of its own accord at 2025-06-21T15:44:00Z with exit-code 1.
...
