000 (10903354.072.000) 06/21 17:34:55 Job submitted from host: <188.185.121.235:9618?addrs=188.185.121.235-9618+[2001-1458-d00-49--100-36e]-9618&alias=bigbird22.cern.ch&noUDP&sock=schedd_5086_26c4>
...
040 (10903354.072.000) 06/21 17:37:20 Started transferring input files
	Transferring to host: <188.185.213.105:9618?addrs=188.185.213.105-9618+[2001-1458-303-1a--100-65]-9618&alias=b9p27p6580.cern.ch&noUDP&sock=slot1_23_8315_6b6b_21755>
...
040 (10903354.072.000) 06/21 17:37:20 Finished transferring input files
...
001 (10903354.072.000) 06/21 17:37:21 Job executing on host: <188.185.213.105:9618?addrs=188.185.213.105-9618+[2001-1458-303-1a--100-65]-9618&alias=b9p27p6580.cern.ch&noUDP&sock=startd_7829_9f0c>
	SlotName: slot1_23@b9p27p6580.cern.ch
	CondorScratchDir = "/pool/condor/dir_1423580"
	Cpus = 1
	Disk = 12956
	GPUs = 0
	Memory = 3000
...
006 (10903354.072.000) 06/21 17:37:35 Image size of job updated: 16040
	16  -  MemoryUsage of job (MB)
	16040  -  ResidentSetSize of job (KB)
...
006 (10903354.072.000) 06/21 17:40:41 Image size of job updated: 62108
	16  -  MemoryUsage of job (MB)
	16040  -  ResidentSetSize of job (KB)
...
040 (10903354.072.000) 06/21 17:40:41 Started transferring output files
...
040 (10903354.072.000) 06/21 17:40:41 Finished transferring output files
...
005 (10903354.072.000) 06/21 17:40:41 Job terminated.
	(1) Normal termination (return value 1)
		Usr 0 00:00:06, Sys 0 00:00:04  -  Run Remote Usage
		Usr 0 00:00:00, Sys 0 00:00:00  -  Run Local Usage
		Usr 0 00:00:06, Sys 0 00:00:04  -  Total Remote Usage
		Usr 0 00:00:00, Sys 0 00:00:00  -  Total Local Usage
	2255  -  Run Bytes Sent By Job
	9642270  -  Run Bytes Received By Job
	2255  -  Total Bytes Sent By Job
	9642270  -  Total Bytes Received By Job
	Partitionable Resources :    Usage  Request Allocated 
	   Cpus                 :        0        1         1 
	   Disk (KB)            :     9444    10000     12956 
	   GPUs                 :                           0 
	   Memory (MB)          :       16     3000      3000 
	   TimeExecute (s)      :      200                    
	   TimeSlotBusy (s)     :      202                    

	Job terminated of its own accord at 2025-06-21T15:40:41Z with exit-code 1.
...
