000 (10903354.077.000) 06/21 17:34:55 Job submitted from host: <188.185.121.235:9618?addrs=188.185.121.235-9618+[2001-1458-d00-49--100-36e]-9618&alias=bigbird22.cern.ch&noUDP&sock=schedd_5086_26c4>
...
040 (10903354.077.000) 06/21 17:37:22 Started transferring input files
	Transferring to host: <188.185.194.137:9618?addrs=188.185.194.137-9618+[2001-1458-303-21--100-85]-9618&alias=b9p20p1306.cern.ch&noUDP&sock=slot1_20_2377982_30f5_3920>
...
040 (10903354.077.000) 06/21 17:37:22 Finished transferring input files
...
001 (10903354.077.000) 06/21 17:37:23 Job executing on host: <188.185.194.137:9618?addrs=188.185.194.137-9618+[2001-1458-303-21--100-85]-9618&alias=b9p20p1306.cern.ch&noUDP&sock=startd_2377938_4211>
	SlotName: slot1_20@b9p20p1306.cern.ch
	CondorScratchDir = "/pool/condor/dir_2830955"
	Cpus = 1
	Disk = 13193
	GPUs = 0
	Memory = 3000
...
006 (10903354.077.000) 06/21 17:37:37 Image size of job updated: 27916
	28  -  MemoryUsage of job (MB)
	27916  -  ResidentSetSize of job (KB)
...
006 (10903354.077.000) 06/21 17:37:45 Image size of job updated: 69836
	28  -  MemoryUsage of job (MB)
	28124  -  ResidentSetSize of job (KB)
...
040 (10903354.077.000) 06/21 17:37:45 Started transferring output files
...
040 (10903354.077.000) 06/21 17:37:45 Finished transferring output files
...
005 (10903354.077.000) 06/21 17:37:45 Job terminated.
	(1) Normal termination (return value 1)
		Usr 0 00:00:08, Sys 0 00:00:03  -  Run Remote Usage
		Usr 0 00:00:00, Sys 0 00:00:00  -  Run Local Usage
		Usr 0 00:00:08, Sys 0 00:00:03  -  Total Remote Usage
		Usr 0 00:00:00, Sys 0 00:00:00  -  Total Local Usage
	2254  -  Run Bytes Sent By Job
	9642270  -  Run Bytes Received By Job
	2254  -  Total Bytes Sent By Job
	9642270  -  Total Bytes Received By Job
	Partitionable Resources :    Usage  Request Allocated 
	   Cpus                 :        0        1         1 
	   Disk (KB)            :     9444    10000     13193 
	   GPUs                 :                           0 
	   Memory (MB)          :       28     3000      3000 
	   TimeExecute (s)      :       22                    
	   TimeSlotBusy (s)     :       24                    

	Job terminated of its own accord at 2025-06-21T15:37:45Z with exit-code 1.
...
