000 (10903354.021.000) 06/21 17:34:55 Job submitted from host: <188.185.121.235:9618?addrs=188.185.121.235-9618+[2001-1458-d00-49--100-36e]-9618&alias=bigbird22.cern.ch&noUDP&sock=schedd_5086_26c4>
...
040 (10903354.021.000) 06/21 17:37:04 Started transferring input files
	Transferring to host: <188.185.208.191:9618?addrs=188.185.208.191-9618+[2001-1458-303-10--100-3c]-9618&alias=b9p10p1964.cern.ch&noUDP&sock=slot1_18_9109_dd4b_19477>
...
040 (10903354.021.000) 06/21 17:37:04 Finished transferring input files
...
001 (10903354.021.000) 06/21 17:37:05 Job executing on host: <188.185.208.191:9618?addrs=188.185.208.191-9618+[2001-1458-303-10--100-3c]-9618&alias=b9p10p1964.cern.ch&noUDP&sock=startd_9056_3dc1>
	SlotName: slot1_18@b9p10p1964.cern.ch
	CondorScratchDir = "/pool/condor/dir_3488412"
	Cpus = 1
	Disk = 12784
	GPUs = 0
	Memory = 3000
...
006 (10903354.021.000) 06/21 17:37:19 Image size of job updated: 60064
	59  -  MemoryUsage of job (MB)
	60064  -  ResidentSetSize of job (KB)
...
006 (10903354.021.000) 06/21 17:37:25 Image size of job updated: 60084
	59  -  MemoryUsage of job (MB)
	60084  -  ResidentSetSize of job (KB)
...
040 (10903354.021.000) 06/21 17:37:25 Started transferring output files
...
040 (10903354.021.000) 06/21 17:37:25 Finished transferring output files
...
005 (10903354.021.000) 06/21 17:37:25 Job terminated.
	(1) Normal termination (return value 1)
		Usr 0 00:00:05, Sys 0 00:00:04  -  Run Remote Usage
		Usr 0 00:00:00, Sys 0 00:00:00  -  Run Local Usage
		Usr 0 00:00:05, Sys 0 00:00:04  -  Total Remote Usage
		Usr 0 00:00:00, Sys 0 00:00:00  -  Total Local Usage
	2255  -  Run Bytes Sent By Job
	9642270  -  Run Bytes Received By Job
	2255  -  Total Bytes Sent By Job
	9642270  -  Total Bytes Received By Job
	Partitionable Resources :    Usage  Request Allocated 
	   Cpus                 :        0        1         1 
	   Disk (KB)            :     9446    10000     12784 
	   GPUs                 :                           0 
	   Memory (MB)          :       59     3000      3000 
	   TimeExecute (s)      :       20                    
	   TimeSlotBusy (s)     :       22                    

	Job terminated of its own accord at 2025-06-21T15:37:25Z with exit-code 1.
...
