000 (10903356.017.000) 06/21 17:42:10 Job submitted from host: <188.185.121.235:9618?addrs=188.185.121.235-9618+[2001-1458-d00-49--100-36e]-9618&alias=bigbird22.cern.ch&noUDP&sock=schedd_5086_26c4>
...
040 (10903356.017.000) 06/21 17:43:06 Started transferring input files
	Transferring to host: <188.185.192.175:9618?addrs=188.185.192.175-9618+[2001-1458-303-1f--100-ab]-9618&alias=b9p13p2082.cern.ch&noUDP&sock=slot1_16_8820_3ce0_24225>
...
040 (10903356.017.000) 06/21 17:43:06 Finished transferring input files
...
001 (10903356.017.000) 06/21 17:43:07 Job executing on host: <188.185.192.175:9618?addrs=188.185.192.175-9618+[2001-1458-303-1f--100-ab]-9618&alias=b9p13p2082.cern.ch&noUDP&sock=startd_8675_e82b>
	SlotName: slot1_16@b9p13p2082.cern.ch
	CondorScratchDir = "/pool/condor/dir_2602223"
	Cpus = 1
	Disk = 13083
	GPUs = 0
	Memory = 3000
...
006 (10903356.017.000) 06/21 17:43:16 Image size of job updated: 18648
	19  -  MemoryUsage of job (MB)
	18648  -  ResidentSetSize of job (KB)
...
006 (10903356.017.000) 06/21 17:44:53 Image size of job updated: 58004
	57  -  MemoryUsage of job (MB)
	58004  -  ResidentSetSize of job (KB)
...
040 (10903356.017.000) 06/21 17:44:53 Started transferring output files
...
040 (10903356.017.000) 06/21 17:44:53 Finished transferring output files
...
005 (10903356.017.000) 06/21 17:44:53 Job terminated.
	(1) Normal termination (return value 1)
		Usr 0 00:00:09, Sys 0 00:00:03  -  Run Remote Usage
		Usr 0 00:00:00, Sys 0 00:00:00  -  Run Local Usage
		Usr 0 00:00:09, Sys 0 00:00:03  -  Total Remote Usage
		Usr 0 00:00:00, Sys 0 00:00:00  -  Total Local Usage
	2317  -  Run Bytes Sent By Job
	9642281  -  Run Bytes Received By Job
	2317  -  Total Bytes Sent By Job
	9642281  -  Total Bytes Received By Job
	Partitionable Resources :    Usage  Request Allocated 
	   Cpus                 :        0        1         1 
	   Disk (KB)            :     9444    10000     13083 
	   GPUs                 :                           0 
	   Memory (MB)          :       57     3000      3000 
	   TimeExecute (s)      :      106                    
	   TimeSlotBusy (s)     :      108                    

	Job terminated of its own accord at 2025-06-21T15:44:53Z with exit-code 1.
...
