000 (10903356.015.000) 06/21 17:42:10 Job submitted from host: <188.185.121.235:9618?addrs=188.185.121.235-9618+[2001-1458-d00-49--100-36e]-9618&alias=bigbird22.cern.ch&noUDP&sock=schedd_5086_26c4>
...
040 (10903356.015.000) 06/21 17:43:05 Started transferring input files
	Transferring to host: <188.185.193.90:9618?addrs=188.185.193.90-9618+[2001-1458-303-20--100-56]-9618&alias=b9p19p2407.cern.ch&noUDP&sock=slot1_44_4550_a2f2_6006>
...
040 (10903356.015.000) 06/21 17:43:05 Finished transferring input files
...
001 (10903356.015.000) 06/21 17:43:06 Job executing on host: <188.185.193.90:9618?addrs=188.185.193.90-9618+[2001-1458-303-20--100-56]-9618&alias=b9p19p2407.cern.ch&noUDP&sock=startd_4016_386e>
	SlotName: slot1_44@b9p19p2407.cern.ch
	CondorScratchDir = "/pool/condor/dir_3552945"
	Cpus = 1
	Disk = 13158
	GPUs = 0
	Memory = 3000
...
006 (10903356.015.000) 06/21 17:43:20 Image size of job updated: 36500
	36  -  MemoryUsage of job (MB)
	36500  -  ResidentSetSize of job (KB)
...
006 (10903356.015.000) 06/21 17:43:26 Image size of job updated: 37512
	37  -  MemoryUsage of job (MB)
	37512  -  ResidentSetSize of job (KB)
...
040 (10903356.015.000) 06/21 17:43:26 Started transferring output files
...
040 (10903356.015.000) 06/21 17:43:26 Finished transferring output files
...
005 (10903356.015.000) 06/21 17:43:26 Job terminated.
	(1) Normal termination (return value 1)
		Usr 0 00:00:08, Sys 0 00:00:03  -  Run Remote Usage
		Usr 0 00:00:00, Sys 0 00:00:00  -  Run Local Usage
		Usr 0 00:00:08, Sys 0 00:00:03  -  Total Remote Usage
		Usr 0 00:00:00, Sys 0 00:00:00  -  Total Local Usage
	2316  -  Run Bytes Sent By Job
	9642281  -  Run Bytes Received By Job
	2316  -  Total Bytes Sent By Job
	9642281  -  Total Bytes Received By Job
	Partitionable Resources :    Usage  Request Allocated 
	   Cpus                 :        0        1         1 
	   Disk (KB)            :     9444    10000     13158 
	   GPUs                 :                           0 
	   Memory (MB)          :       37     3000      3000 
	   TimeExecute (s)      :       20                    
	   TimeSlotBusy (s)     :       22                    

	Job terminated of its own accord at 2025-06-21T15:43:26Z with exit-code 1.
...
