000 (10903354.010.000) 06/21 17:34:55 Job submitted from host: <188.185.121.235:9618?addrs=188.185.121.235-9618+[2001-1458-d00-49--100-36e]-9618&alias=bigbird22.cern.ch&noUDP&sock=schedd_5086_26c4>
...
040 (10903354.010.000) 06/21 17:37:00 Started transferring input files
	Transferring to host: <188.185.194.65:9618?addrs=188.185.194.65-9618+[2001-1458-303-21--100-3d]-9618&alias=b9p20p1449.cern.ch&noUDP&sock=slot1_3_7805_1416_6170>
...
040 (10903354.010.000) 06/21 17:37:00 Finished transferring input files
...
001 (10903354.010.000) 06/21 17:37:01 Job executing on host: <188.185.194.65:9618?addrs=188.185.194.65-9618+[2001-1458-303-21--100-3d]-9618&alias=b9p20p1449.cern.ch&noUDP&sock=startd_6640_10f1>
	SlotName: slot1_3@b9p20p1449.cern.ch
	CondorScratchDir = "/pool/condor/dir_2437404"
	Cpus = 1
	Disk = 13136
	GPUs = 0
	Memory = 3000
...
006 (10903354.010.000) 06/21 17:37:15 Image size of job updated: 20492
	21  -  MemoryUsage of job (MB)
	20492  -  ResidentSetSize of job (KB)
...
006 (10903354.010.000) 06/21 17:40:41 Image size of job updated: 72920
	21  -  MemoryUsage of job (MB)
	20492  -  ResidentSetSize of job (KB)
...
040 (10903354.010.000) 06/21 17:40:41 Started transferring output files
...
040 (10903354.010.000) 06/21 17:40:41 Finished transferring output files
...
005 (10903354.010.000) 06/21 17:40:41 Job terminated.
	(1) Normal termination (return value 1)
		Usr 0 00:00:08, Sys 0 00:00:03  -  Run Remote Usage
		Usr 0 00:00:00, Sys 0 00:00:00  -  Run Local Usage
		Usr 0 00:00:08, Sys 0 00:00:03  -  Total Remote Usage
		Usr 0 00:00:00, Sys 0 00:00:00  -  Total Local Usage
	2254  -  Run Bytes Sent By Job
	9642270  -  Run Bytes Received By Job
	2254  -  Total Bytes Sent By Job
	9642270  -  Total Bytes Received By Job
	Partitionable Resources :    Usage  Request Allocated 
	   Cpus                 :        0        1         1 
	   Disk (KB)            :     9444    10000     13136 
	   GPUs                 :                           0 
	   Memory (MB)          :       21     3000      3000 
	   TimeExecute (s)      :      220                    
	   TimeSlotBusy (s)     :      222                    

	Job terminated of its own accord at 2025-06-21T15:40:41Z with exit-code 1.
...
