000 (10903358.046.000) 06/21 17:42:46 Job submitted from host: <188.185.121.235:9618?addrs=188.185.121.235-9618+[2001-1458-d00-49--100-36e]-9618&alias=bigbird22.cern.ch&noUDP&sock=schedd_5086_26c4>
...
040 (10903358.046.000) 06/21 17:43:46 Started transferring input files
	Transferring to host: <188.185.212.171:9618?addrs=188.185.212.171-9618+[2001-1458-303-19--100-27]-9618&alias=b9p26p4641.cern.ch&noUDP&sock=slot1_6_8392_ac4e_23541>
...
040 (10903358.046.000) 06/21 17:43:46 Finished transferring input files
...
001 (10903358.046.000) 06/21 17:43:47 Job executing on host: <188.185.212.171:9618?addrs=188.185.212.171-9618+[2001-1458-303-19--100-27]-9618&alias=b9p26p4641.cern.ch&noUDP&sock=startd_8335_b1f8>
	SlotName: slot1_6@b9p26p4641.cern.ch
	CondorScratchDir = "/pool/condor/dir_3840792"
	Cpus = 1
	Disk = 13133
	GPUs = 0
	Memory = 3000
...
006 (10903358.046.000) 06/21 17:44:01 Image size of job updated: 57512
	57  -  MemoryUsage of job (MB)
	57512  -  ResidentSetSize of job (KB)
...
006 (10903358.046.000) 06/21 17:44:04 Image size of job updated: 57520
	57  -  MemoryUsage of job (MB)
	57520  -  ResidentSetSize of job (KB)
...
040 (10903358.046.000) 06/21 17:44:04 Started transferring output files
...
040 (10903358.046.000) 06/21 17:44:04 Finished transferring output files
...
005 (10903358.046.000) 06/21 17:44:04 Job terminated.
	(1) Normal termination (return value 1)
		Usr 0 00:00:05, Sys 0 00:00:03  -  Run Remote Usage
		Usr 0 00:00:00, Sys 0 00:00:00  -  Run Local Usage
		Usr 0 00:00:05, Sys 0 00:00:03  -  Total Remote Usage
		Usr 0 00:00:00, Sys 0 00:00:00  -  Total Local Usage
	2317  -  Run Bytes Sent By Job
	9642281  -  Run Bytes Received By Job
	2317  -  Total Bytes Sent By Job
	9642281  -  Total Bytes Received By Job
	Partitionable Resources :    Usage  Request Allocated 
	   Cpus                 :        0        1         1 
	   Disk (KB)            :     9475    10000     13133 
	   GPUs                 :                           0 
	   Memory (MB)          :       57     3000      3000 
	   TimeExecute (s)      :       17                    
	   TimeSlotBusy (s)     :       19                    

	Job terminated of its own accord at 2025-06-21T15:44:04Z with exit-code 1.
...
