000 (10903356.046.000) 06/21 17:42:10 Job submitted from host: <188.185.121.235:9618?addrs=188.185.121.235-9618+[2001-1458-d00-49--100-36e]-9618&alias=bigbird22.cern.ch&noUDP&sock=schedd_5086_26c4>
...
040 (10903356.046.000) 06/21 17:43:15 Started transferring input files
	Transferring to host: <188.185.196.24:9618?addrs=188.185.196.24-9618+[2001-1458-303-23--100-14]-9618&alias=b9p16p0894.cern.ch&noUDP&sock=slot1_16_8697_92bb_20386>
...
040 (10903356.046.000) 06/21 17:43:15 Finished transferring input files
...
001 (10903356.046.000) 06/21 17:43:16 Job executing on host: <188.185.196.24:9618?addrs=188.185.196.24-9618+[2001-1458-303-23--100-14]-9618&alias=b9p16p0894.cern.ch&noUDP&sock=startd_8051_e513>
	SlotName: slot1_16@b9p16p0894.cern.ch
	CondorScratchDir = "/pool/condor/dir_4155999"
	Cpus = 1
	Disk = 13022
	GPUs = 0
	Memory = 3000
...
006 (10903356.046.000) 06/21 17:43:32 Image size of job updated: 15984
	16  -  MemoryUsage of job (MB)
	15984  -  ResidentSetSize of job (KB)
...
006 (10903356.046.000) 06/21 17:43:37 Image size of job updated: 44520
	16  -  MemoryUsage of job (MB)
	15984  -  ResidentSetSize of job (KB)
...
040 (10903356.046.000) 06/21 17:43:37 Started transferring output files
...
040 (10903356.046.000) 06/21 17:43:37 Finished transferring output files
...
005 (10903356.046.000) 06/21 17:43:37 Job terminated.
	(1) Normal termination (return value 1)
		Usr 0 00:00:07, Sys 0 00:00:03  -  Run Remote Usage
		Usr 0 00:00:00, Sys 0 00:00:00  -  Run Local Usage
		Usr 0 00:00:07, Sys 0 00:00:03  -  Total Remote Usage
		Usr 0 00:00:00, Sys 0 00:00:00  -  Total Local Usage
	2317  -  Run Bytes Sent By Job
	9642281  -  Run Bytes Received By Job
	2317  -  Total Bytes Sent By Job
	9642281  -  Total Bytes Received By Job
	Partitionable Resources :    Usage  Request Allocated 
	   Cpus                 :        0        1         1 
	   Disk (KB)            :     9444    10000     13022 
	   GPUs                 :                           0 
	   Memory (MB)          :       16     3000      3000 
	   TimeExecute (s)      :       21                    
	   TimeSlotBusy (s)     :       23                    

	Job terminated of its own accord at 2025-06-21T15:43:37Z with exit-code 1.
...
