000 (10903358.038.000) 06/21 17:42:46 Job submitted from host: <188.185.121.235:9618?addrs=188.185.121.235-9618+[2001-1458-d00-49--100-36e]-9618&alias=bigbird22.cern.ch&noUDP&sock=schedd_5086_26c4>
...
040 (10903358.038.000) 06/21 17:43:41 Started transferring input files
	Transferring to host: <188.185.192.107:9618?addrs=188.185.192.107-9618+[2001-1458-303-1f--100-67]-9618&alias=b9p13p5496.cern.ch&noUDP&sock=slot1_20_8755_707d_22018>
...
040 (10903358.038.000) 06/21 17:43:41 Finished transferring input files
...
001 (10903358.038.000) 06/21 17:43:42 Job executing on host: <188.185.192.107:9618?addrs=188.185.192.107-9618+[2001-1458-303-1f--100-67]-9618&alias=b9p13p5496.cern.ch&noUDP&sock=startd_8600_7691>
	SlotName: slot1_20@b9p13p5496.cern.ch
	CondorScratchDir = "/pool/condor/dir_1310208"
	Cpus = 1
	Disk = 13152
	GPUs = 0
	Memory = 3000
...
006 (10903358.038.000) 06/21 17:43:56 Image size of job updated: 17632
	18  -  MemoryUsage of job (MB)
	17632  -  ResidentSetSize of job (KB)
...
006 (10903358.038.000) 06/21 17:44:34 Image size of job updated: 73284
	18  -  MemoryUsage of job (MB)
	17632  -  ResidentSetSize of job (KB)
...
040 (10903358.038.000) 06/21 17:44:34 Started transferring output files
...
040 (10903358.038.000) 06/21 17:44:34 Finished transferring output files
...
005 (10903358.038.000) 06/21 17:44:34 Job terminated.
	(1) Normal termination (return value 1)
		Usr 0 00:00:07, Sys 0 00:00:03  -  Run Remote Usage
		Usr 0 00:00:00, Sys 0 00:00:00  -  Run Local Usage
		Usr 0 00:00:07, Sys 0 00:00:03  -  Total Remote Usage
		Usr 0 00:00:00, Sys 0 00:00:00  -  Total Local Usage
	2317  -  Run Bytes Sent By Job
	9642281  -  Run Bytes Received By Job
	2317  -  Total Bytes Sent By Job
	9642281  -  Total Bytes Received By Job
	Partitionable Resources :    Usage  Request Allocated 
	   Cpus                 :        0        1         1 
	   Disk (KB)            :     9445    10000     13152 
	   GPUs                 :                           0 
	   Memory (MB)          :       18     3000      3000 
	   TimeExecute (s)      :       52                    
	   TimeSlotBusy (s)     :       54                    

	Job terminated of its own accord at 2025-06-21T15:44:34Z with exit-code 1.
...
