000 (10903358.002.000) 06/21 17:42:46 Job submitted from host: <188.185.121.235:9618?addrs=188.185.121.235-9618+[2001-1458-d00-49--100-36e]-9618&alias=bigbird22.cern.ch&noUDP&sock=schedd_5086_26c4>
...
040 (10903358.002.000) 06/21 17:43:29 Started transferring input files
	Transferring to host: <188.185.198.40:9618?addrs=188.185.198.40-9618+[2001-1458-303-25--100-24]-9618&alias=b9p15p0899.cern.ch&noUDP&sock=slot1_6_9208_9e70_17346>
...
040 (10903358.002.000) 06/21 17:43:29 Finished transferring input files
...
001 (10903358.002.000) 06/21 17:43:30 Job executing on host: <188.185.198.40:9618?addrs=188.185.198.40-9618+[2001-1458-303-25--100-24]-9618&alias=b9p15p0899.cern.ch&noUDP&sock=startd_9112_a70e>
	SlotName: slot1_6@b9p15p0899.cern.ch
	CondorScratchDir = "/pool/condor/dir_1836289"
	Cpus = 1
	Disk = 13085
	GPUs = 0
	Memory = 3000
...
006 (10903358.002.000) 06/21 17:43:39 Image size of job updated: 53076
	52  -  MemoryUsage of job (MB)
	53076  -  ResidentSetSize of job (KB)
...
006 (10903358.002.000) 06/21 17:43:50 Image size of job updated: 103872
	102  -  MemoryUsage of job (MB)
	103872  -  ResidentSetSize of job (KB)
...
040 (10903358.002.000) 06/21 17:43:50 Started transferring output files
...
040 (10903358.002.000) 06/21 17:43:50 Finished transferring output files
...
005 (10903358.002.000) 06/21 17:43:50 Job terminated.
	(1) Normal termination (return value 1)
		Usr 0 00:00:08, Sys 0 00:00:03  -  Run Remote Usage
		Usr 0 00:00:00, Sys 0 00:00:00  -  Run Local Usage
		Usr 0 00:00:08, Sys 0 00:00:03  -  Total Remote Usage
		Usr 0 00:00:00, Sys 0 00:00:00  -  Total Local Usage
	2317  -  Run Bytes Sent By Job
	9642281  -  Run Bytes Received By Job
	2317  -  Total Bytes Sent By Job
	9642281  -  Total Bytes Received By Job
	Partitionable Resources :    Usage  Request Allocated 
	   Cpus                 :        0        1         1 
	   Disk (KB)            :     9444    10000     13085 
	   GPUs                 :                           0 
	   Memory (MB)          :      102     3000      3000 
	   TimeExecute (s)      :       20                    
	   TimeSlotBusy (s)     :       22                    

	Job terminated of its own accord at 2025-06-21T15:43:50Z with exit-code 1.
...
