000 (10903356.038.000) 06/21 17:42:10 Job submitted from host: <188.185.121.235:9618?addrs=188.185.121.235-9618+[2001-1458-d00-49--100-36e]-9618&alias=bigbird22.cern.ch&noUDP&sock=schedd_5086_26c4>
...
040 (10903356.038.000) 06/21 17:43:12 Started transferring input files
	Transferring to host: <188.185.194.61:9618?addrs=188.185.194.61-9618+[2001-1458-303-21--100-39]-9618&alias=b9p20p4147.cern.ch&noUDP&sock=slot1_18_4307_6bc8_6306>
...
040 (10903356.038.000) 06/21 17:43:12 Finished transferring input files
...
001 (10903356.038.000) 06/21 17:43:13 Job executing on host: <188.185.194.61:9618?addrs=188.185.194.61-9618+[2001-1458-303-21--100-39]-9618&alias=b9p20p4147.cern.ch&noUDP&sock=startd_3642_b003>
	SlotName: slot1_18@b9p20p4147.cern.ch
	CondorScratchDir = "/pool/condor/dir_2570140"
	Cpus = 1
	Disk = 13146
	GPUs = 0
	Memory = 3000
...
006 (10903356.038.000) 06/21 17:43:27 Image size of job updated: 16652
	16  -  MemoryUsage of job (MB)
	16104  -  ResidentSetSize of job (KB)
...
006 (10903356.038.000) 06/21 17:43:29 Image size of job updated: 17108
	17  -  MemoryUsage of job (MB)
	17108  -  ResidentSetSize of job (KB)
...
040 (10903356.038.000) 06/21 17:43:29 Started transferring output files
...
040 (10903356.038.000) 06/21 17:43:30 Finished transferring output files
...
005 (10903356.038.000) 06/21 17:43:30 Job terminated.
	(1) Normal termination (return value 1)
		Usr 0 00:00:06, Sys 0 00:00:02  -  Run Remote Usage
		Usr 0 00:00:00, Sys 0 00:00:00  -  Run Local Usage
		Usr 0 00:00:06, Sys 0 00:00:02  -  Total Remote Usage
		Usr 0 00:00:00, Sys 0 00:00:00  -  Total Local Usage
	2316  -  Run Bytes Sent By Job
	9642281  -  Run Bytes Received By Job
	2316  -  Total Bytes Sent By Job
	9642281  -  Total Bytes Received By Job
	Partitionable Resources :    Usage  Request Allocated 
	   Cpus                 :        0        1         1 
	   Disk (KB)            :     9444    10000     13146 
	   GPUs                 :                           0 
	   Memory (MB)          :       17     3000      3000 
	   TimeExecute (s)      :       16                    
	   TimeSlotBusy (s)     :       19                    

	Job terminated of its own accord at 2025-06-21T15:43:29Z with exit-code 1.
...
