000 (10903356.088.000) 06/21 17:42:10 Job submitted from host: <188.185.121.235:9618?addrs=188.185.121.235-9618+[2001-1458-d00-49--100-36e]-9618&alias=bigbird22.cern.ch&noUDP&sock=schedd_5086_26c4>
...
040 (10903356.088.000) 06/21 17:43:26 Started transferring input files
	Transferring to host: <188.185.194.78:9618?addrs=188.185.194.78-9618+[2001-1458-303-21--100-4a]-9618&alias=b9p20p4883.cern.ch&noUDP&sock=slot1_9_2983193_1738_4701>
...
040 (10903356.088.000) 06/21 17:43:26 Finished transferring input files
...
001 (10903356.088.000) 06/21 17:43:27 Job executing on host: <188.185.194.78:9618?addrs=188.185.194.78-9618+[2001-1458-303-21--100-4a]-9618&alias=b9p20p4883.cern.ch&noUDP&sock=startd_2983114_a85e>
	SlotName: slot1_9@b9p20p4883.cern.ch
	CondorScratchDir = "/pool/condor/dir_325957"
	Cpus = 1
	Disk = 13108
	GPUs = 0
	Memory = 3000
...
006 (10903356.088.000) 06/21 17:43:41 Image size of job updated: 71464
	70  -  MemoryUsage of job (MB)
	71464  -  ResidentSetSize of job (KB)
...
006 (10903356.088.000) 06/21 17:43:42 Image size of job updated: 71496
	70  -  MemoryUsage of job (MB)
	71496  -  ResidentSetSize of job (KB)
...
040 (10903356.088.000) 06/21 17:43:42 Started transferring output files
...
040 (10903356.088.000) 06/21 17:43:42 Finished transferring output files
...
005 (10903356.088.000) 06/21 17:43:42 Job terminated.
	(1) Normal termination (return value 1)
		Usr 0 00:00:08, Sys 0 00:00:03  -  Run Remote Usage
		Usr 0 00:00:00, Sys 0 00:00:00  -  Run Local Usage
		Usr 0 00:00:08, Sys 0 00:00:03  -  Total Remote Usage
		Usr 0 00:00:00, Sys 0 00:00:00  -  Total Local Usage
	2316  -  Run Bytes Sent By Job
	9642281  -  Run Bytes Received By Job
	2316  -  Total Bytes Sent By Job
	9642281  -  Total Bytes Received By Job
	Partitionable Resources :    Usage  Request Allocated 
	   Cpus                 :        0        1         1 
	   Disk (KB)            :     9475    10000     13108 
	   GPUs                 :                           0 
	   Memory (MB)          :       70     3000      3000 
	   TimeExecute (s)      :       15                    
	   TimeSlotBusy (s)     :       16                    

	Job terminated of its own accord at 2025-06-21T15:43:42Z with exit-code 1.
...
