000 (10903358.033.000) 06/21 17:42:46 Job submitted from host: <188.185.121.235:9618?addrs=188.185.121.235-9618+[2001-1458-d00-49--100-36e]-9618&alias=bigbird22.cern.ch&noUDP&sock=schedd_5086_26c4>
...
040 (10903358.033.000) 06/21 17:43:39 Started transferring input files
	Transferring to host: <128.142.248.70:9618?addrs=128.142.248.70-9618+[2001-1458-301-73--100-136]-9618&alias=b9g23p6133.cern.ch&noUDP&sock=slot1_38_2022611_2c62_4831>
...
040 (10903358.033.000) 06/21 17:43:39 Finished transferring input files
...
001 (10903358.033.000) 06/21 17:43:40 Job executing on host: <128.142.248.70:9618?addrs=128.142.248.70-9618+[2001-1458-301-73--100-136]-9618&alias=b9g23p6133.cern.ch&noUDP&sock=startd_2022537_bbaa>
	SlotName: slot1_38@b9g23p6133.cern.ch
	CondorScratchDir = "/pool/condor/dir_4088847"
	Cpus = 1
	Disk = 13163
	GPUs = 0
	Memory = 3000
...
006 (10903358.033.000) 06/21 17:43:54 Image size of job updated: 52804
	52  -  MemoryUsage of job (MB)
	52804  -  ResidentSetSize of job (KB)
...
040 (10903358.033.000) 06/21 17:44:20 Started transferring output files
...
040 (10903358.033.000) 06/21 17:44:20 Finished transferring output files
...
005 (10903358.033.000) 06/21 17:44:20 Job terminated.
	(1) Normal termination (return value 1)
		Usr 0 00:00:07, Sys 0 00:00:03  -  Run Remote Usage
		Usr 0 00:00:00, Sys 0 00:00:00  -  Run Local Usage
		Usr 0 00:00:07, Sys 0 00:00:03  -  Total Remote Usage
		Usr 0 00:00:00, Sys 0 00:00:00  -  Total Local Usage
	2317  -  Run Bytes Sent By Job
	9642281  -  Run Bytes Received By Job
	2317  -  Total Bytes Sent By Job
	9642281  -  Total Bytes Received By Job
	Partitionable Resources :    Usage  Request Allocated 
	   Cpus                 :        0        1         1 
	   Disk (KB)            :     9444    10000     13163 
	   GPUs                 :                           0 
	   Memory (MB)          :       52     3000      3000 
	   TimeExecute (s)      :       40                    
	   TimeSlotBusy (s)     :       42                    

	Job terminated of its own accord at 2025-06-21T15:44:20Z with exit-code 1.
...
