000 (10903354.031.000) 06/21 17:34:55 Job submitted from host: <188.185.121.235:9618?addrs=188.185.121.235-9618+[2001-1458-d00-49--100-36e]-9618&alias=bigbird22.cern.ch&noUDP&sock=schedd_5086_26c4>
...
040 (10903354.031.000) 06/21 17:37:07 Started transferring input files
	Transferring to host: <188.185.215.44:9618?addrs=188.185.215.44-9618+[2001-1458-303-1e--100-28]-9618&alias=b9p31p1334.cern.ch&noUDP&sock=slot1_34_8432_db50_23967>
...
040 (10903354.031.000) 06/21 17:37:07 Finished transferring input files
...
001 (10903354.031.000) 06/21 17:37:08 Job executing on host: <188.185.215.44:9618?addrs=188.185.215.44-9618+[2001-1458-303-1e--100-28]-9618&alias=b9p31p1334.cern.ch&noUDP&sock=startd_8361_876f>
	SlotName: slot1_34@b9p31p1334.cern.ch
	CondorScratchDir = "/pool/condor/dir_53222"
	Cpus = 1
	Disk = 12975
	GPUs = 0
	Memory = 3000
...
006 (10903354.031.000) 06/21 17:37:18 Image size of job updated: 18424
	18  -  MemoryUsage of job (MB)
	18424  -  ResidentSetSize of job (KB)
...
006 (10903354.031.000) 06/21 17:40:52 Image size of job updated: 101272
	99  -  MemoryUsage of job (MB)
	101272  -  ResidentSetSize of job (KB)
...
040 (10903354.031.000) 06/21 17:40:52 Started transferring output files
...
040 (10903354.031.000) 06/21 17:40:52 Finished transferring output files
...
005 (10903354.031.000) 06/21 17:40:52 Job terminated.
	(1) Normal termination (return value 1)
		Usr 0 00:00:06, Sys 0 00:00:04  -  Run Remote Usage
		Usr 0 00:00:00, Sys 0 00:00:00  -  Run Local Usage
		Usr 0 00:00:06, Sys 0 00:00:04  -  Total Remote Usage
		Usr 0 00:00:00, Sys 0 00:00:00  -  Total Local Usage
	2255  -  Run Bytes Sent By Job
	9642270  -  Run Bytes Received By Job
	2255  -  Total Bytes Sent By Job
	9642270  -  Total Bytes Received By Job
	Partitionable Resources :    Usage  Request Allocated 
	   Cpus                 :        0        1         1 
	   Disk (KB)            :     9444    10000     12975 
	   GPUs                 :                           0 
	   Memory (MB)          :       99     3000      3000 
	   TimeExecute (s)      :      224                    
	   TimeSlotBusy (s)     :      226                    

	Job terminated of its own accord at 2025-06-21T15:40:52Z with exit-code 1.
...
