000 (10903354.044.000) 06/21 17:34:55 Job submitted from host: <188.185.121.235:9618?addrs=188.185.121.235-9618+[2001-1458-d00-49--100-36e]-9618&alias=bigbird22.cern.ch&noUDP&sock=schedd_5086_26c4>
...
040 (10903354.044.000) 06/21 17:37:12 Started transferring input files
	Transferring to host: <188.185.209.176:9618?addrs=188.185.209.176-9618+[2001-1458-303-12--100-2d]-9618&alias=b9p12p8107.cern.ch&noUDP&sock=slot1_22_7631_7acf_20533>
...
040 (10903354.044.000) 06/21 17:37:12 Finished transferring input files
...
001 (10903354.044.000) 06/21 17:37:13 Job executing on host: <188.185.209.176:9618?addrs=188.185.209.176-9618+[2001-1458-303-12--100-2d]-9618&alias=b9p12p8107.cern.ch&noUDP&sock=startd_6740_a869>
	SlotName: slot1_22@b9p12p8107.cern.ch
	CondorScratchDir = "/pool/condor/dir_1838516"
	Cpus = 1
	Disk = 12885
	GPUs = 0
	Memory = 3000
...
006 (10903354.044.000) 06/21 17:37:27 Image size of job updated: 54776
	54  -  MemoryUsage of job (MB)
	54776  -  ResidentSetSize of job (KB)
...
006 (10903354.044.000) 06/21 17:37:31 Image size of job updated: 80340
	54  -  MemoryUsage of job (MB)
	54776  -  ResidentSetSize of job (KB)
...
040 (10903354.044.000) 06/21 17:37:31 Started transferring output files
...
040 (10903354.044.000) 06/21 17:37:31 Finished transferring output files
...
005 (10903354.044.000) 06/21 17:37:31 Job terminated.
	(1) Normal termination (return value 1)
		Usr 0 00:00:05, Sys 0 00:00:04  -  Run Remote Usage
		Usr 0 00:00:00, Sys 0 00:00:00  -  Run Local Usage
		Usr 0 00:00:05, Sys 0 00:00:04  -  Total Remote Usage
		Usr 0 00:00:00, Sys 0 00:00:00  -  Total Local Usage
	2255  -  Run Bytes Sent By Job
	9642270  -  Run Bytes Received By Job
	2255  -  Total Bytes Sent By Job
	9642270  -  Total Bytes Received By Job
	Partitionable Resources :    Usage  Request Allocated 
	   Cpus                 :        0        1         1 
	   Disk (KB)            :     9447    10000     12885 
	   GPUs                 :                           0 
	   Memory (MB)          :       54     3000      3000 
	   TimeExecute (s)      :       18                    
	   TimeSlotBusy (s)     :       20                    

	Job terminated of its own accord at 2025-06-21T15:37:31Z with exit-code 1.
...
