000 (10903358.000.000) 06/21 17:42:46 Job submitted from host: <188.185.121.235:9618?addrs=188.185.121.235-9618+[2001-1458-d00-49--100-36e]-9618&alias=bigbird22.cern.ch&noUDP&sock=schedd_5086_26c4>
...
040 (10903358.000.000) 06/21 17:43:26 Started transferring input files
	Transferring to host: <188.185.194.23:9618?addrs=188.185.194.23-9618+[2001-1458-303-21--100-13]-9618&alias=b9p20p7526.cern.ch&noUDP&sock=slot1_32_2404072_f4da_4354>
...
040 (10903358.000.000) 06/21 17:43:26 Finished transferring input files
...
001 (10903358.000.000) 06/21 17:43:27 Job executing on host: <188.185.194.23:9618?addrs=188.185.194.23-9618+[2001-1458-303-21--100-13]-9618&alias=b9p20p7526.cern.ch&noUDP&sock=startd_2404014_39a4>
	SlotName: slot1_32@b9p20p7526.cern.ch
	CondorScratchDir = "/pool/condor/dir_191685"
	Cpus = 1
	Disk = 13175
	GPUs = 0
	Memory = 3000
...
006 (10903358.000.000) 06/21 17:43:41 Image size of job updated: 56864
	56  -  MemoryUsage of job (MB)
	56864  -  ResidentSetSize of job (KB)
...
006 (10903358.000.000) 06/21 17:43:50 Image size of job updated: 66884
	56  -  MemoryUsage of job (MB)
	57224  -  ResidentSetSize of job (KB)
...
040 (10903358.000.000) 06/21 17:43:50 Started transferring output files
...
040 (10903358.000.000) 06/21 17:43:50 Finished transferring output files
...
005 (10903358.000.000) 06/21 17:43:50 Job terminated.
	(1) Normal termination (return value 1)
		Usr 0 00:00:08, Sys 0 00:00:03  -  Run Remote Usage
		Usr 0 00:00:00, Sys 0 00:00:00  -  Run Local Usage
		Usr 0 00:00:08, Sys 0 00:00:03  -  Total Remote Usage
		Usr 0 00:00:00, Sys 0 00:00:00  -  Total Local Usage
	2316  -  Run Bytes Sent By Job
	9642281  -  Run Bytes Received By Job
	2316  -  Total Bytes Sent By Job
	9642281  -  Total Bytes Received By Job
	Partitionable Resources :    Usage  Request Allocated 
	   Cpus                 :        0        1         1 
	   Disk (KB)            :     9444    10000     13175 
	   GPUs                 :                           0 
	   Memory (MB)          :       56     3000      3000 
	   TimeExecute (s)      :       23                    
	   TimeSlotBusy (s)     :       24                    

	Job terminated of its own accord at 2025-06-21T15:43:50Z with exit-code 1.
...
