Starting job on \n
Running on: Linux b9g18p7650.cern.ch 5.14.0-503.29.1.el9_5.x86_64 #1 SMP PREEMPT_DYNAMIC Fri Mar 7 13:51:12 EST 2025 x86_64 x86_64 x86_64 GNU/Linux\n
System software: CentOS Linux release 7.9.2009 (Core) \n
Setting up CROWN for CentOS Version 7.9.2009
subject   : /DC=ch/DC=cern/OU=Organic Units/OU=Users/CN=jiahua/CN=851532/CN=Jiahua Chen/CN=1121402588
issuer    : /DC=ch/DC=cern/OU=Organic Units/OU=Users/CN=jiahua/CN=851532/CN=Jiahua Chen
identity  : /DC=ch/DC=cern/OU=Organic Units/OU=Users/CN=jiahua/CN=851532/CN=Jiahua Chen
type      : RFC3820 compliant impersonation proxy
strength  : 2048
path      : /afs/cern.ch/user/j/jiahua/proxy/x509up_u139833
timeleft  : 199:52:02
key usage : Digital Signature, Key Encipherment
=== VO cms extension information ===
VO        : cms
subject   : /DC=ch/DC=cern/OU=Organic Units/OU=Users/CN=jiahua/CN=851532/CN=Jiahua Chen
issuer    : /DC=ch/DC=cern/OU=computers/CN=cms-auth.cern.ch
attribute : /cms/Role=NULL/Capability=NULL
timeleft  : 191:52:02
uri       : voms-cms-auth.cern.ch:15000

subject   : /DC=ch/DC=cern/OU=Organic Units/OU=Users/CN=jiahua/CN=851532/CN=Jiahua Chen/CN=1121402588
issuer    : /DC=ch/DC=cern/OU=Organic Units/OU=Users/CN=jiahua/CN=851532/CN=Jiahua Chen
identity  : /DC=ch/DC=cern/OU=Organic Units/OU=Users/CN=jiahua/CN=851532/CN=Jiahua Chen
type      : RFC3820 compliant impersonation proxy
strength  : 2048
path      : /afs/cern.ch/user/j/jiahua/proxy/x509up_u139833
timeleft  : 199:52:01
key usage : Digital Signature, Key Encipherment
=== VO cms extension information ===
VO        : cms
subject   : /DC=ch/DC=cern/OU=Organic Units/OU=Users/CN=jiahua/CN=851532/CN=Jiahua Chen
issuer    : /DC=ch/DC=cern/OU=computers/CN=cms-auth.cern.ch
attribute : /cms/Role=NULL/Capability=NULL
timeleft  : 191:52:01
uri       : voms-cms-auth.cern.ch:15000

/eos/user/j/jiahua/MC_2022_inc/Muon_UL22C-16Dec2023-v1/7257c6d4-38a6-4b8f-836b-91463883d41a.root
[2025-06-21 17:40:01.263] [main] [info] Checking input files
