000 (10903354.014.000) 06/21 17:34:55 Job submitted from host: <188.185.121.235:9618?addrs=188.185.121.235-9618+[2001-1458-d00-49--100-36e]-9618&alias=bigbird22.cern.ch&noUDP&sock=schedd_5086_26c4>
...
040 (10903354.014.000) 06/21 17:37:02 Started transferring input files
	Transferring to host: <188.185.194.172:9618?addrs=188.185.194.172-9618+[2001-1458-303-21--100-a8]-9618&alias=b9p20p9815.cern.ch&noUDP&sock=slot1_18_6123_f512_6386>
...
040 (10903354.014.000) 06/21 17:37:02 Finished transferring input files
...
001 (10903354.014.000) 06/21 17:37:03 Job executing on host: <188.185.194.172:9618?addrs=188.185.194.172-9618+[2001-1458-303-21--100-a8]-9618&alias=b9p20p9815.cern.ch&noUDP&sock=startd_6078_94b7>
	SlotName: slot1_18@b9p20p9815.cern.ch
	CondorScratchDir = "/pool/condor/dir_3436909"
	Cpus = 1
	Disk = 13111
	GPUs = 0
	Memory = 3000
...
006 (10903354.014.000) 06/21 17:37:17 Image size of job updated: 53520
	26  -  MemoryUsage of job (MB)
	26276  -  ResidentSetSize of job (KB)
...
006 (10903354.014.000) 06/21 17:37:24 Image size of job updated: 53520
	28  -  MemoryUsage of job (MB)
	27944  -  ResidentSetSize of job (KB)
...
040 (10903354.014.000) 06/21 17:37:24 Started transferring output files
...
040 (10903354.014.000) 06/21 17:37:24 Finished transferring output files
...
005 (10903354.014.000) 06/21 17:37:24 Job terminated.
	(1) Normal termination (return value 1)
		Usr 0 00:00:07, Sys 0 00:00:03  -  Run Remote Usage
		Usr 0 00:00:00, Sys 0 00:00:00  -  Run Local Usage
		Usr 0 00:00:07, Sys 0 00:00:03  -  Total Remote Usage
		Usr 0 00:00:00, Sys 0 00:00:00  -  Total Local Usage
	2254  -  Run Bytes Sent By Job
	9642270  -  Run Bytes Received By Job
	2254  -  Total Bytes Sent By Job
	9642270  -  Total Bytes Received By Job
	Partitionable Resources :    Usage  Request Allocated 
	   Cpus                 :        0        1         1 
	   Disk (KB)            :     9444    10000     13111 
	   GPUs                 :                           0 
	   Memory (MB)          :       28     3000      3000 
	   TimeExecute (s)      :       21                    
	   TimeSlotBusy (s)     :       23                    

	Job terminated of its own accord at 2025-06-21T15:37:24Z with exit-code 1.
...
