000 (10903356.059.000) 06/21 17:42:10 Job submitted from host: <188.185.121.235:9618?addrs=188.185.121.235-9618+[2001-1458-d00-49--100-36e]-9618&alias=bigbird22.cern.ch&noUDP&sock=schedd_5086_26c4>
...
040 (10903356.059.000) 06/21 17:43:18 Started transferring input files
	Transferring to host: <188.185.195.35:9618?addrs=188.185.195.35-9618+[2001-1458-303-22--100-1f]-9618&alias=b9p17p9246.cern.ch&noUDP&sock=slot1_16_6134_b533_6049>
...
040 (10903356.059.000) 06/21 17:43:18 Finished transferring input files
...
001 (10903356.059.000) 06/21 17:43:19 Job executing on host: <188.185.195.35:9618?addrs=188.185.195.35-9618+[2001-1458-303-22--100-1f]-9618&alias=b9p17p9246.cern.ch&noUDP&sock=startd_5592_39b0>
	SlotName: slot1_16@b9p17p9246.cern.ch
	CondorScratchDir = "/pool/condor/dir_3562975"
	Cpus = 1
	Disk = 13163
	GPUs = 0
	Memory = 3000
...
006 (10903356.059.000) 06/21 17:43:33 Image size of job updated: 18456
	18  -  MemoryUsage of job (MB)
	18044  -  ResidentSetSize of job (KB)
...
006 (10903356.059.000) 06/21 17:43:38 Image size of job updated: 39980
	18  -  MemoryUsage of job (MB)
	18044  -  ResidentSetSize of job (KB)
...
040 (10903356.059.000) 06/21 17:43:38 Started transferring output files
...
040 (10903356.059.000) 06/21 17:43:38 Finished transferring output files
...
005 (10903356.059.000) 06/21 17:43:38 Job terminated.
	(1) Normal termination (return value 1)
		Usr 0 00:00:06, Sys 0 00:00:02  -  Run Remote Usage
		Usr 0 00:00:00, Sys 0 00:00:00  -  Run Local Usage
		Usr 0 00:00:06, Sys 0 00:00:02  -  Total Remote Usage
		Usr 0 00:00:00, Sys 0 00:00:00  -  Total Local Usage
	2316  -  Run Bytes Sent By Job
	9642281  -  Run Bytes Received By Job
	2316  -  Total Bytes Sent By Job
	9642281  -  Total Bytes Received By Job
	Partitionable Resources :    Usage  Request Allocated 
	   Cpus                 :        0        1         1 
	   Disk (KB)            :     9444    10000     13163 
	   GPUs                 :                           0 
	   Memory (MB)          :       18     3000      3000 
	   TimeExecute (s)      :       19                    
	   TimeSlotBusy (s)     :       21                    

	Job terminated of its own accord at 2025-06-21T15:43:38Z with exit-code 1.
...
