000 (10903354.055.000) 06/21 17:34:55 Job submitted from host: <188.185.121.235:9618?addrs=188.185.121.235-9618+[2001-1458-d00-49--100-36e]-9618&alias=bigbird22.cern.ch&noUDP&sock=schedd_5086_26c4>
...
040 (10903354.055.000) 06/21 17:37:42 Started transferring input files
	Transferring to host: <188.185.196.33:9618?addrs=188.185.196.33-9618+[2001-1458-303-23--100-1d]-9618&alias=b9p16p1711.cern.ch&noUDP&sock=slot1_15_11436_724a_22114>
...
040 (10903354.055.000) 06/21 17:37:42 Finished transferring input files
...
001 (10903354.055.000) 06/21 17:37:43 Job executing on host: <188.185.196.33:9618?addrs=188.185.196.33-9618+[2001-1458-303-23--100-1d]-9618&alias=b9p16p1711.cern.ch&noUDP&sock=startd_11302_cf77>
	SlotName: slot1_15@b9p16p1711.cern.ch
	CondorScratchDir = "/pool/condor/dir_210244"
	Cpus = 1
	Disk = 13026
	GPUs = 0
	Memory = 3000
...
006 (10903354.055.000) 06/21 17:37:57 Image size of job updated: 52852
	52  -  MemoryUsage of job (MB)
	52852  -  ResidentSetSize of job (KB)
...
006 (10903354.055.000) 06/21 17:38:04 Image size of job updated: 52904
	52  -  MemoryUsage of job (MB)
	52904  -  ResidentSetSize of job (KB)
...
040 (10903354.055.000) 06/21 17:38:04 Started transferring output files
...
040 (10903354.055.000) 06/21 17:38:04 Finished transferring output files
...
005 (10903354.055.000) 06/21 17:38:04 Job terminated.
	(1) Normal termination (return value 1)
		Usr 0 00:00:08, Sys 0 00:00:03  -  Run Remote Usage
		Usr 0 00:00:00, Sys 0 00:00:00  -  Run Local Usage
		Usr 0 00:00:08, Sys 0 00:00:03  -  Total Remote Usage
		Usr 0 00:00:00, Sys 0 00:00:00  -  Total Local Usage
	2255  -  Run Bytes Sent By Job
	9642270  -  Run Bytes Received By Job
	2255  -  Total Bytes Sent By Job
	9642270  -  Total Bytes Received By Job
	Partitionable Resources :    Usage  Request Allocated 
	   Cpus                 :        0        1         1 
	   Disk (KB)            :     9444    10000     13026 
	   GPUs                 :                           0 
	   Memory (MB)          :       52     3000      3000 
	   TimeExecute (s)      :       21                    
	   TimeSlotBusy (s)     :       23                    

	Job terminated of its own accord at 2025-06-21T15:38:04Z with exit-code 1.
...
