000 (10903358.005.000) 06/21 17:42:46 Job submitted from host: <188.185.121.235:9618?addrs=188.185.121.235-9618+[2001-1458-d00-49--100-36e]-9618&alias=bigbird22.cern.ch&noUDP&sock=schedd_5086_26c4>
...
040 (10903358.005.000) 06/21 17:43:30 Started transferring input files
	Transferring to host: <188.185.195.12:9618?addrs=188.185.195.12-9618+[2001-1458-303-22--100-8]-9618&alias=b9p17p6034.cern.ch&noUDP&sock=slot1_14_678879_6b6f_3635>
...
040 (10903358.005.000) 06/21 17:43:30 Finished transferring input files
...
001 (10903358.005.000) 06/21 17:43:31 Job executing on host: <188.185.195.12:9618?addrs=188.185.195.12-9618+[2001-1458-303-22--100-8]-9618&alias=b9p17p6034.cern.ch&noUDP&sock=startd_7368_69e3>
	SlotName: slot1_14@b9p17p6034.cern.ch
	CondorScratchDir = "/pool/condor/dir_1286562"
	Cpus = 1
	Disk = 13047
	GPUs = 0
	Memory = 3000
...
006 (10903358.005.000) 06/21 17:43:41 Image size of job updated: 53752
	53  -  MemoryUsage of job (MB)
	53752  -  ResidentSetSize of job (KB)
...
006 (10903358.005.000) 06/21 17:43:50 Image size of job updated: 102452
	101  -  MemoryUsage of job (MB)
	102452  -  ResidentSetSize of job (KB)
...
040 (10903358.005.000) 06/21 17:43:50 Started transferring output files
...
040 (10903358.005.000) 06/21 17:43:50 Finished transferring output files
...
005 (10903358.005.000) 06/21 17:43:50 Job terminated.
	(1) Normal termination (return value 1)
		Usr 0 00:00:08, Sys 0 00:00:03  -  Run Remote Usage
		Usr 0 00:00:00, Sys 0 00:00:00  -  Run Local Usage
		Usr 0 00:00:08, Sys 0 00:00:03  -  Total Remote Usage
		Usr 0 00:00:00, Sys 0 00:00:00  -  Total Local Usage
	2317  -  Run Bytes Sent By Job
	9642281  -  Run Bytes Received By Job
	2317  -  Total Bytes Sent By Job
	9642281  -  Total Bytes Received By Job
	Partitionable Resources :    Usage  Request Allocated 
	   Cpus                 :        0        1         1 
	   Disk (KB)            :     9444    10000     13047 
	   GPUs                 :                           0 
	   Memory (MB)          :      101     3000      3000 
	   TimeExecute (s)      :       19                    
	   TimeSlotBusy (s)     :       21                    

	Job terminated of its own accord at 2025-06-21T15:43:50Z with exit-code 1.
...
