000 (10903356.051.000) 06/21 17:42:10 Job submitted from host: <188.185.121.235:9618?addrs=188.185.121.235-9618+[2001-1458-d00-49--100-36e]-9618&alias=bigbird22.cern.ch&noUDP&sock=schedd_5086_26c4>
...
040 (10903356.051.000) 06/21 17:43:17 Started transferring input files
	Transferring to host: <188.185.196.42:9618?addrs=188.185.196.42-9618+[2001-1458-303-23--100-26]-9618&alias=b9p16p7968.cern.ch&noUDP&sock=slot1_53_4605_6394_20801>
...
040 (10903356.051.000) 06/21 17:43:17 Finished transferring input files
...
001 (10903356.051.000) 06/21 17:43:18 Job executing on host: <188.185.196.42:9618?addrs=188.185.196.42-9618+[2001-1458-303-23--100-26]-9618&alias=b9p16p7968.cern.ch&noUDP&sock=startd_3619_e955>
	SlotName: slot1_53@b9p16p7968.cern.ch
	CondorScratchDir = "/pool/condor/dir_559617"
	Cpus = 1
	Disk = 13040
	GPUs = 0
	Memory = 3000
...
006 (10903356.051.000) 06/21 17:43:26 Image size of job updated: 96588
	95  -  MemoryUsage of job (MB)
	96588  -  ResidentSetSize of job (KB)
...
006 (10903356.051.000) 06/21 17:43:33 Image size of job updated: 104328
	102  -  MemoryUsage of job (MB)
	104328  -  ResidentSetSize of job (KB)
...
040 (10903356.051.000) 06/21 17:43:33 Started transferring output files
...
040 (10903356.051.000) 06/21 17:43:33 Finished transferring output files
...
005 (10903356.051.000) 06/21 17:43:33 Job terminated.
	(1) Normal termination (return value 1)
		Usr 0 00:00:09, Sys 0 00:00:03  -  Run Remote Usage
		Usr 0 00:00:00, Sys 0 00:00:00  -  Run Local Usage
		Usr 0 00:00:09, Sys 0 00:00:03  -  Total Remote Usage
		Usr 0 00:00:00, Sys 0 00:00:00  -  Total Local Usage
	2317  -  Run Bytes Sent By Job
	9642281  -  Run Bytes Received By Job
	2317  -  Total Bytes Sent By Job
	9642281  -  Total Bytes Received By Job
	Partitionable Resources :    Usage  Request Allocated 
	   Cpus                 :        0        1         1 
	   Disk (KB)            :     9444    10000     13040 
	   GPUs                 :                           0 
	   Memory (MB)          :      102     3000      3000 
	   TimeExecute (s)      :       15                    
	   TimeSlotBusy (s)     :       18                    

	Job terminated of its own accord at 2025-06-21T15:43:33Z with exit-code 1.
...
