000 (10903356.058.000) 06/21 17:42:10 Job submitted from host: <188.185.121.235:9618?addrs=188.185.121.235-9618+[2001-1458-d00-49--100-36e]-9618&alias=bigbird22.cern.ch&noUDP&sock=schedd_5086_26c4>
...
040 (10903356.058.000) 06/21 17:43:18 Started transferring input files
	Transferring to host: <188.185.193.95:9618?addrs=188.185.193.95-9618+[2001-1458-303-20--100-5b]-9618&alias=b9p19p0505.cern.ch&noUDP&sock=slot1_4_6134_b533_5998>
...
040 (10903356.058.000) 06/21 17:43:18 Finished transferring input files
...
001 (10903356.058.000) 06/21 17:43:19 Job executing on host: <188.185.193.95:9618?addrs=188.185.193.95-9618+[2001-1458-303-20--100-5b]-9618&alias=b9p19p0505.cern.ch&noUDP&sock=startd_5793_183a>
	SlotName: slot1_4@b9p19p0505.cern.ch
	CondorScratchDir = "/pool/condor/dir_3025993"
	Cpus = 1
	Disk = 13162
	GPUs = 0
	Memory = 3000
...
006 (10903356.058.000) 06/21 17:43:33 Image size of job updated: 35360
	35  -  MemoryUsage of job (MB)
	35360  -  ResidentSetSize of job (KB)
...
006 (10903356.058.000) 06/21 17:43:43 Image size of job updated: 69720
	35  -  MemoryUsage of job (MB)
	35668  -  ResidentSetSize of job (KB)
...
040 (10903356.058.000) 06/21 17:43:43 Started transferring output files
...
040 (10903356.058.000) 06/21 17:43:43 Finished transferring output files
...
005 (10903356.058.000) 06/21 17:43:43 Job terminated.
	(1) Normal termination (return value 1)
		Usr 0 00:00:08, Sys 0 00:00:03  -  Run Remote Usage
		Usr 0 00:00:00, Sys 0 00:00:00  -  Run Local Usage
		Usr 0 00:00:08, Sys 0 00:00:03  -  Total Remote Usage
		Usr 0 00:00:00, Sys 0 00:00:00  -  Total Local Usage
	2316  -  Run Bytes Sent By Job
	9642281  -  Run Bytes Received By Job
	2316  -  Total Bytes Sent By Job
	9642281  -  Total Bytes Received By Job
	Partitionable Resources :    Usage  Request Allocated 
	   Cpus                 :        0        1         1 
	   Disk (KB)            :     9444    10000     13162 
	   GPUs                 :                           0 
	   Memory (MB)          :       35     3000      3000 
	   TimeExecute (s)      :       24                    
	   TimeSlotBusy (s)     :       26                    

	Job terminated of its own accord at 2025-06-21T15:43:43Z with exit-code 1.
...
