000 (10903358.006.000) 06/21 17:42:46 Job submitted from host: <188.185.121.235:9618?addrs=188.185.121.235-9618+[2001-1458-d00-49--100-36e]-9618&alias=bigbird22.cern.ch&noUDP&sock=schedd_5086_26c4>
...
040 (10903358.006.000) 06/21 17:43:31 Started transferring input files
	Transferring to host: <128.142.33.56:9618?addrs=128.142.33.56-9618+[2001-1458-301-53--100-35]-9618&alias=b9g34p3712.cern.ch&noUDP&sock=slot1_1_5870_b228_39575>
...
040 (10903358.006.000) 06/21 17:43:31 Finished transferring input files
...
001 (10903358.006.000) 06/21 17:43:32 Job executing on host: <128.142.33.56:9618?addrs=128.142.33.56-9618+[2001-1458-301-53--100-35]-9618&alias=b9g34p3712.cern.ch&noUDP&sock=startd_4971_4560>
	SlotName: slot1_1@b9g34p3712.cern.ch
	CondorScratchDir = "/pool/condor/dir_739366"
	Cpus = 1
	Disk = 12946
	GPUs = 0
	Memory = 3000
...
006 (10903358.006.000) 06/21 17:43:41 Image size of job updated: 80948
	80  -  MemoryUsage of job (MB)
	80948  -  ResidentSetSize of job (KB)
...
006 (10903358.006.000) 06/21 17:43:49 Image size of job updated: 101100
	99  -  MemoryUsage of job (MB)
	101100  -  ResidentSetSize of job (KB)
...
040 (10903358.006.000) 06/21 17:43:49 Started transferring output files
...
040 (10903358.006.000) 06/21 17:43:49 Finished transferring output files
...
005 (10903358.006.000) 06/21 17:43:49 Job terminated.
	(1) Normal termination (return value 1)
		Usr 0 00:00:08, Sys 0 00:00:03  -  Run Remote Usage
		Usr 0 00:00:00, Sys 0 00:00:00  -  Run Local Usage
		Usr 0 00:00:08, Sys 0 00:00:03  -  Total Remote Usage
		Usr 0 00:00:00, Sys 0 00:00:00  -  Total Local Usage
	2317  -  Run Bytes Sent By Job
	9642281  -  Run Bytes Received By Job
	2317  -  Total Bytes Sent By Job
	9642281  -  Total Bytes Received By Job
	Partitionable Resources :    Usage  Request Allocated 
	   Cpus                 :        0        1         1 
	   Disk (KB)            :     9444    10000     12946 
	   GPUs                 :                           0 
	   Memory (MB)          :       99     3000      3000 
	   TimeExecute (s)      :       17                    
	   TimeSlotBusy (s)     :       19                    

	Job terminated of its own accord at 2025-06-21T15:43:49Z with exit-code 1.
...
