000 (10903354.087.000) 06/21 17:34:55 Job submitted from host: <188.185.121.235:9618?addrs=188.185.121.235-9618+[2001-1458-d00-49--100-36e]-9618&alias=bigbird22.cern.ch&noUDP&sock=schedd_5086_26c4>
...
040 (10903354.087.000) 06/21 17:37:25 Started transferring input files
	Transferring to host: <188.185.213.209:9618?addrs=188.185.213.209-9618+[2001-1458-303-1b--100-4d]-9618&alias=b9p28p2360.cern.ch&noUDP&sock=slot1_4_8431_26f0_26886>
...
040 (10903354.087.000) 06/21 17:37:25 Finished transferring input files
...
001 (10903354.087.000) 06/21 17:37:26 Job executing on host: <188.185.213.209:9618?addrs=188.185.213.209-9618+[2001-1458-303-1b--100-4d]-9618&alias=b9p28p2360.cern.ch&noUDP&sock=startd_8382_eeec>
	SlotName: slot1_4@b9p28p2360.cern.ch
	CondorScratchDir = "/pool/condor/dir_2898051"
	Cpus = 1
	Disk = 12978
	GPUs = 0
	Memory = 3000
...
006 (10903354.087.000) 06/21 17:37:36 Image size of job updated: 31788
	32  -  MemoryUsage of job (MB)
	31788  -  ResidentSetSize of job (KB)
...
006 (10903354.087.000) 06/21 17:37:57 Image size of job updated: 104704
	103  -  MemoryUsage of job (MB)
	104704  -  ResidentSetSize of job (KB)
...
040 (10903354.087.000) 06/21 17:37:57 Started transferring output files
...
040 (10903354.087.000) 06/21 17:37:57 Finished transferring output files
...
005 (10903354.087.000) 06/21 17:37:57 Job terminated.
	(1) Normal termination (return value 1)
		Usr 0 00:00:05, Sys 0 00:00:04  -  Run Remote Usage
		Usr 0 00:00:00, Sys 0 00:00:00  -  Run Local Usage
		Usr 0 00:00:05, Sys 0 00:00:04  -  Total Remote Usage
		Usr 0 00:00:00, Sys 0 00:00:00  -  Total Local Usage
	2255  -  Run Bytes Sent By Job
	9642270  -  Run Bytes Received By Job
	2255  -  Total Bytes Sent By Job
	9642270  -  Total Bytes Received By Job
	Partitionable Resources :    Usage  Request Allocated 
	   Cpus                 :        0        1         1 
	   Disk (KB)            :     9444    10000     12978 
	   GPUs                 :                           0 
	   Memory (MB)          :      103     3000      3000 
	   TimeExecute (s)      :       31                    
	   TimeSlotBusy (s)     :       33                    

	Job terminated of its own accord at 2025-06-21T15:37:57Z with exit-code 1.
...
