000 (10903356.050.000) 06/21 17:42:10 Job submitted from host: <188.185.121.235:9618?addrs=188.185.121.235-9618+[2001-1458-d00-49--100-36e]-9618&alias=bigbird22.cern.ch&noUDP&sock=schedd_5086_26c4>
...
040 (10903356.050.000) 06/21 17:43:16 Started transferring input files
	Transferring to host: <188.185.196.152:9618?addrs=188.185.196.152-9618+[2001-1458-303-23--100-94]-9618&alias=b9p16p5942.cern.ch&noUDP&sock=slot1_42_6484_5081_21741>
...
040 (10903356.050.000) 06/21 17:43:17 Finished transferring input files
...
001 (10903356.050.000) 06/21 17:43:18 Job executing on host: <188.185.196.152:9618?addrs=188.185.196.152-9618+[2001-1458-303-23--100-94]-9618&alias=b9p16p5942.cern.ch&noUDP&sock=startd_5788_aa40>
	SlotName: slot1_42@b9p16p5942.cern.ch
	CondorScratchDir = "/pool/condor/dir_1372796"
	Cpus = 1
	Disk = 13029
	GPUs = 0
	Memory = 3000
...
006 (10903356.050.000) 06/21 17:43:31 Image size of job updated: 50524
	17  -  MemoryUsage of job (MB)
	17196  -  ResidentSetSize of job (KB)
...
006 (10903356.050.000) 06/21 17:43:41 Image size of job updated: 54200
	17  -  MemoryUsage of job (MB)
	17196  -  ResidentSetSize of job (KB)
...
040 (10903356.050.000) 06/21 17:43:41 Started transferring output files
...
040 (10903356.050.000) 06/21 17:43:41 Finished transferring output files
...
005 (10903356.050.000) 06/21 17:43:41 Job terminated.
	(1) Normal termination (return value 1)
		Usr 0 00:00:08, Sys 0 00:00:03  -  Run Remote Usage
		Usr 0 00:00:00, Sys 0 00:00:00  -  Run Local Usage
		Usr 0 00:00:08, Sys 0 00:00:03  -  Total Remote Usage
		Usr 0 00:00:00, Sys 0 00:00:00  -  Total Local Usage
	2317  -  Run Bytes Sent By Job
	9642281  -  Run Bytes Received By Job
	2317  -  Total Bytes Sent By Job
	9642281  -  Total Bytes Received By Job
	Partitionable Resources :    Usage  Request Allocated 
	   Cpus                 :        0        1         1 
	   Disk (KB)            :     9444    10000     13029 
	   GPUs                 :                           0 
	   Memory (MB)          :       17     3000      3000 
	   TimeExecute (s)      :       23                    
	   TimeSlotBusy (s)     :       26                    

	Job terminated of its own accord at 2025-06-21T15:43:41Z with exit-code 1.
...
