000 (10903356.060.000) 06/21 17:42:10 Job submitted from host: <188.185.121.235:9618?addrs=188.185.121.235-9618+[2001-1458-d00-49--100-36e]-9618&alias=bigbird22.cern.ch&noUDP&sock=schedd_5086_26c4>
...
040 (10903356.060.000) 06/21 17:43:19 Started transferring input files
	Transferring to host: <188.185.196.17:9618?addrs=188.185.196.17-9618+[2001-1458-303-23--100-d]-9618&alias=b9p16p1698.cern.ch&noUDP&sock=slot1_16_8807_13ff_21125>
...
040 (10903356.060.000) 06/21 17:43:19 Finished transferring input files
...
001 (10903356.060.000) 06/21 17:43:20 Job executing on host: <188.185.196.17:9618?addrs=188.185.196.17-9618+[2001-1458-303-23--100-d]-9618&alias=b9p16p1698.cern.ch&noUDP&sock=startd_8695_a010>
	SlotName: slot1_16@b9p16p1698.cern.ch
	CondorScratchDir = "/pool/condor/dir_2993134"
	Cpus = 1
	Disk = 13126
	GPUs = 0
	Memory = 3000
...
006 (10903356.060.000) 06/21 17:43:29 Image size of job updated: 42268
	42  -  MemoryUsage of job (MB)
	42268  -  ResidentSetSize of job (KB)
...
006 (10903356.060.000) 06/21 17:44:18 Image size of job updated: 104016
	102  -  MemoryUsage of job (MB)
	104016  -  ResidentSetSize of job (KB)
...
040 (10903356.060.000) 06/21 17:44:18 Started transferring output files
...
040 (10903356.060.000) 06/21 17:44:18 Finished transferring output files
...
005 (10903356.060.000) 06/21 17:44:18 Job terminated.
	(1) Normal termination (return value 1)
		Usr 0 00:00:08, Sys 0 00:00:03  -  Run Remote Usage
		Usr 0 00:00:00, Sys 0 00:00:00  -  Run Local Usage
		Usr 0 00:00:08, Sys 0 00:00:03  -  Total Remote Usage
		Usr 0 00:00:00, Sys 0 00:00:00  -  Total Local Usage
	2317  -  Run Bytes Sent By Job
	9642281  -  Run Bytes Received By Job
	2317  -  Total Bytes Sent By Job
	9642281  -  Total Bytes Received By Job
	Partitionable Resources :    Usage  Request Allocated 
	   Cpus                 :        0        1         1 
	   Disk (KB)            :     9444    10000     13126 
	   GPUs                 :                           0 
	   Memory (MB)          :      102     3000      3000 
	   TimeExecute (s)      :       58                    
	   TimeSlotBusy (s)     :       60                    

	Job terminated of its own accord at 2025-06-21T15:44:18Z with exit-code 1.
...
