000 (10903354.040.000) 06/21 17:34:55 Job submitted from host: <188.185.121.235:9618?addrs=188.185.121.235-9618+[2001-1458-d00-49--100-36e]-9618&alias=bigbird22.cern.ch&noUDP&sock=schedd_5086_26c4>
...
040 (10903354.040.000) 06/21 17:37:10 Started transferring input files
	Transferring to host: <188.185.211.201:9618?addrs=188.185.211.201-9618+[2001-1458-303-17--100-45]-9618&alias=b9p24p3214.cern.ch&noUDP&sock=slot1_20_8396_7dce_23714>
...
040 (10903354.040.000) 06/21 17:37:10 Finished transferring input files
...
001 (10903354.040.000) 06/21 17:37:11 Job executing on host: <188.185.211.201:9618?addrs=188.185.211.201-9618+[2001-1458-303-17--100-45]-9618&alias=b9p24p3214.cern.ch&noUDP&sock=startd_8342_7f22>
	SlotName: slot1_20@b9p24p3214.cern.ch
	CondorScratchDir = "/pool/condor/dir_3930276"
	Cpus = 1
	Disk = 12971
	GPUs = 0
	Memory = 3000
...
006 (10903354.040.000) 06/21 17:37:20 Image size of job updated: 16736
	17  -  MemoryUsage of job (MB)
	16736  -  ResidentSetSize of job (KB)
...
006 (10903354.040.000) 06/21 17:40:52 Image size of job updated: 103824
	102  -  MemoryUsage of job (MB)
	103824  -  ResidentSetSize of job (KB)
...
040 (10903354.040.000) 06/21 17:40:52 Started transferring output files
...
040 (10903354.040.000) 06/21 17:40:52 Finished transferring output files
...
005 (10903354.040.000) 06/21 17:40:52 Job terminated.
	(1) Normal termination (return value 1)
		Usr 0 00:00:06, Sys 0 00:00:04  -  Run Remote Usage
		Usr 0 00:00:00, Sys 0 00:00:00  -  Run Local Usage
		Usr 0 00:00:06, Sys 0 00:00:04  -  Total Remote Usage
		Usr 0 00:00:00, Sys 0 00:00:00  -  Total Local Usage
	2255  -  Run Bytes Sent By Job
	9642270  -  Run Bytes Received By Job
	2255  -  Total Bytes Sent By Job
	9642270  -  Total Bytes Received By Job
	Partitionable Resources :    Usage  Request Allocated 
	   Cpus                 :        0        1         1 
	   Disk (KB)            :     9444    10000     12971 
	   GPUs                 :                           0 
	   Memory (MB)          :      102     3000      3000 
	   TimeExecute (s)      :      221                    
	   TimeSlotBusy (s)     :      223                    

	Job terminated of its own accord at 2025-06-21T15:40:52Z with exit-code 1.
...
