000 (10903356.069.000) 06/21 17:42:10 Job submitted from host: <188.185.121.235:9618?addrs=188.185.121.235-9618+[2001-1458-d00-49--100-36e]-9618&alias=bigbird22.cern.ch&noUDP&sock=schedd_5086_26c4>
...
040 (10903356.069.000) 06/21 17:43:22 Started transferring input files
	Transferring to host: <188.185.195.54:9618?addrs=188.185.195.54-9618+[2001-1458-303-22--100-32]-9618&alias=b9p17p1021.cern.ch&noUDP&sock=slot1_48_8725_4d3c_20526>
...
040 (10903356.069.000) 06/21 17:43:22 Finished transferring input files
...
001 (10903356.069.000) 06/21 17:43:23 Job executing on host: <188.185.195.54:9618?addrs=188.185.195.54-9618+[2001-1458-303-22--100-32]-9618&alias=b9p17p1021.cern.ch&noUDP&sock=startd_8033_8c5e>
	SlotName: slot1_48@b9p17p1021.cern.ch
	CondorScratchDir = "/pool/condor/dir_1591795"
	Cpus = 1
	Disk = 13047
	GPUs = 0
	Memory = 3000
...
006 (10903356.069.000) 06/21 17:43:32 Image size of job updated: 88052
	86  -  MemoryUsage of job (MB)
	88052  -  ResidentSetSize of job (KB)
...
006 (10903356.069.000) 06/21 17:43:40 Image size of job updated: 104576
	103  -  MemoryUsage of job (MB)
	104576  -  ResidentSetSize of job (KB)
...
040 (10903356.069.000) 06/21 17:43:40 Started transferring output files
...
040 (10903356.069.000) 06/21 17:43:40 Finished transferring output files
...
005 (10903356.069.000) 06/21 17:43:40 Job terminated.
	(1) Normal termination (return value 1)
		Usr 0 00:00:08, Sys 0 00:00:03  -  Run Remote Usage
		Usr 0 00:00:00, Sys 0 00:00:00  -  Run Local Usage
		Usr 0 00:00:08, Sys 0 00:00:03  -  Total Remote Usage
		Usr 0 00:00:00, Sys 0 00:00:00  -  Total Local Usage
	2317  -  Run Bytes Sent By Job
	9642281  -  Run Bytes Received By Job
	2317  -  Total Bytes Sent By Job
	9642281  -  Total Bytes Received By Job
	Partitionable Resources :    Usage  Request Allocated 
	   Cpus                 :        0        1         1 
	   Disk (KB)            :     9444    10000     13047 
	   GPUs                 :                           0 
	   Memory (MB)          :      103     3000      3000 
	   TimeExecute (s)      :       17                    
	   TimeSlotBusy (s)     :       19                    

	Job terminated of its own accord at 2025-06-21T15:43:40Z with exit-code 1.
...
