000 (10903354.024.000) 06/21 17:34:55 Job submitted from host: <188.185.121.235:9618?addrs=188.185.121.235-9618+[2001-1458-d00-49--100-36e]-9618&alias=bigbird22.cern.ch&noUDP&sock=schedd_5086_26c4>
...
040 (10903354.024.000) 06/21 17:37:05 Started transferring input files
	Transferring to host: <188.185.198.31:9618?addrs=188.185.198.31-9618+[2001-1458-303-25--100-1b]-9618&alias=b9p15p8867.cern.ch&noUDP&sock=slot1_1_4426_446d_22782>
...
040 (10903354.024.000) 06/21 17:37:05 Finished transferring input files
...
001 (10903354.024.000) 06/21 17:37:06 Job executing on host: <188.185.198.31:9618?addrs=188.185.198.31-9618+[2001-1458-303-25--100-1b]-9618&alias=b9p15p8867.cern.ch&noUDP&sock=startd_3411_3da2>
	SlotName: slot1_1@b9p15p8867.cern.ch
	CondorScratchDir = "/pool/condor/dir_3566584"
	Cpus = 1
	Disk = 13075
	GPUs = 0
	Memory = 3000
...
006 (10903354.024.000) 06/21 17:37:20 Image size of job updated: 15592
	16  -  MemoryUsage of job (MB)
	15592  -  ResidentSetSize of job (KB)
...
006 (10903354.024.000) 06/21 17:39:10 Image size of job updated: 62068
	16  -  MemoryUsage of job (MB)
	15592  -  ResidentSetSize of job (KB)
...
040 (10903354.024.000) 06/21 17:39:10 Started transferring output files
...
040 (10903354.024.000) 06/21 17:39:10 Finished transferring output files
...
005 (10903354.024.000) 06/21 17:39:11 Job terminated.
	(1) Normal termination (return value 1)
		Usr 0 00:00:06, Sys 0 00:00:02  -  Run Remote Usage
		Usr 0 00:00:00, Sys 0 00:00:00  -  Run Local Usage
		Usr 0 00:00:06, Sys 0 00:00:02  -  Total Remote Usage
		Usr 0 00:00:00, Sys 0 00:00:00  -  Total Local Usage
	2255  -  Run Bytes Sent By Job
	9642270  -  Run Bytes Received By Job
	2255  -  Total Bytes Sent By Job
	9642270  -  Total Bytes Received By Job
	Partitionable Resources :    Usage  Request Allocated 
	   Cpus                 :        0        1         1 
	   Disk (KB)            :     9444    10000     13075 
	   GPUs                 :                           0 
	   Memory (MB)          :       16     3000      3000 
	   TimeExecute (s)      :      124                    
	   TimeSlotBusy (s)     :      126                    

	Job terminated of its own accord at 2025-06-21T15:39:10Z with exit-code 1.
...
