000 (10903354.073.000) 06/21 17:34:55 Job submitted from host: <188.185.121.235:9618?addrs=188.185.121.235-9618+[2001-1458-d00-49--100-36e]-9618&alias=bigbird22.cern.ch&noUDP&sock=schedd_5086_26c4>
...
040 (10903354.073.000) 06/21 17:37:21 Started transferring input files
	Transferring to host: <188.185.194.78:9618?addrs=188.185.194.78-9618+[2001-1458-303-21--100-4a]-9618&alias=b9p20p4883.cern.ch&noUDP&sock=slot1_9_2983193_1738_4693>
...
040 (10903354.073.000) 06/21 17:37:21 Finished transferring input files
...
001 (10903354.073.000) 06/21 17:37:22 Job executing on host: <188.185.194.78:9618?addrs=188.185.194.78-9618+[2001-1458-303-21--100-4a]-9618&alias=b9p20p4883.cern.ch&noUDP&sock=startd_2983114_a85e>
	SlotName: slot1_9@b9p20p4883.cern.ch
	CondorScratchDir = "/pool/condor/dir_296957"
	Cpus = 1
	Disk = 13118
	GPUs = 0
	Memory = 3000
...
006 (10903354.073.000) 06/21 17:37:36 Image size of job updated: 59516
	59  -  MemoryUsage of job (MB)
	59516  -  ResidentSetSize of job (KB)
...
006 (10903354.073.000) 06/21 17:37:44 Image size of job updated: 59668
	59  -  MemoryUsage of job (MB)
	59668  -  ResidentSetSize of job (KB)
...
040 (10903354.073.000) 06/21 17:37:44 Started transferring output files
...
040 (10903354.073.000) 06/21 17:37:44 Finished transferring output files
...
005 (10903354.073.000) 06/21 17:37:44 Job terminated.
	(1) Normal termination (return value 1)
		Usr 0 00:00:08, Sys 0 00:00:03  -  Run Remote Usage
		Usr 0 00:00:00, Sys 0 00:00:00  -  Run Local Usage
		Usr 0 00:00:08, Sys 0 00:00:03  -  Total Remote Usage
		Usr 0 00:00:00, Sys 0 00:00:00  -  Total Local Usage
	2254  -  Run Bytes Sent By Job
	9642270  -  Run Bytes Received By Job
	2254  -  Total Bytes Sent By Job
	9642270  -  Total Bytes Received By Job
	Partitionable Resources :    Usage  Request Allocated 
	   Cpus                 :        0        1         1 
	   Disk (KB)            :     9444    10000     13118 
	   GPUs                 :                           0 
	   Memory (MB)          :       59     3000      3000 
	   TimeExecute (s)      :       22                    
	   TimeSlotBusy (s)     :       24                    

	Job terminated of its own accord at 2025-06-21T15:37:44Z with exit-code 1.
...
