000 (10903354.052.000) 06/21 17:34:55 Job submitted from host: <188.185.121.235:9618?addrs=188.185.121.235-9618+[2001-1458-d00-49--100-36e]-9618&alias=bigbird22.cern.ch&noUDP&sock=schedd_5086_26c4>
...
040 (10903354.052.000) 06/21 17:37:14 Started transferring input files
	Transferring to host: <128.142.161.136:9618?addrs=128.142.161.136-9618+[2001-1458-301-b9--100-5]-9618&alias=b9g03p2669.cern.ch&noUDP&sock=slot1_9_635918_823c_6861>
...
040 (10903354.052.000) 06/21 17:37:14 Finished transferring input files
...
001 (10903354.052.000) 06/21 17:37:15 Job executing on host: <128.142.161.136:9618?addrs=128.142.161.136-9618+[2001-1458-301-b9--100-5]-9618&alias=b9g03p2669.cern.ch&noUDP&sock=startd_635827_03c0>
	SlotName: slot1_9@b9g03p2669.cern.ch
	CondorScratchDir = "/pool/condor/dir_996425"
	Cpus = 1
	Disk = 13162
	GPUs = 0
	Memory = 3000
...
006 (10903354.052.000) 06/21 17:37:29 Image size of job updated: 38636
	38  -  MemoryUsage of job (MB)
	38636  -  ResidentSetSize of job (KB)
...
006 (10903354.052.000) 06/21 17:37:38 Image size of job updated: 71492
	39  -  MemoryUsage of job (MB)
	39356  -  ResidentSetSize of job (KB)
...
040 (10903354.052.000) 06/21 17:37:38 Started transferring output files
...
040 (10903354.052.000) 06/21 17:37:38 Finished transferring output files
...
005 (10903354.052.000) 06/21 17:37:38 Job terminated.
	(1) Normal termination (return value 1)
		Usr 0 00:00:07, Sys 0 00:00:03  -  Run Remote Usage
		Usr 0 00:00:00, Sys 0 00:00:00  -  Run Local Usage
		Usr 0 00:00:07, Sys 0 00:00:03  -  Total Remote Usage
		Usr 0 00:00:00, Sys 0 00:00:00  -  Total Local Usage
	2254  -  Run Bytes Sent By Job
	9642270  -  Run Bytes Received By Job
	2254  -  Total Bytes Sent By Job
	9642270  -  Total Bytes Received By Job
	Partitionable Resources :    Usage  Request Allocated 
	   Cpus                 :        0        1         1 
	   Disk (KB)            :     9444    10000     13162 
	   GPUs                 :                           0 
	   Memory (MB)          :       39     3000      3000 
	   TimeExecute (s)      :       23                    
	   TimeSlotBusy (s)     :       25                    

	Job terminated of its own accord at 2025-06-21T15:37:38Z with exit-code 1.
...
