000 (10903358.021.000) 06/21 17:42:46 Job submitted from host: <188.185.121.235:9618?addrs=188.185.121.235-9618+[2001-1458-d00-49--100-36e]-9618&alias=bigbird22.cern.ch&noUDP&sock=schedd_5086_26c4>
...
040 (10903358.021.000) 06/21 17:43:36 Started transferring input files
	Transferring to host: <128.142.248.80:9618?addrs=128.142.248.80-9618+[2001-1458-301-73--100-140]-9618&alias=b9g23p6060.cern.ch&noUDP&sock=slot1_34_1140692_74ab_42529>
...
040 (10903358.021.000) 06/21 17:43:36 Finished transferring input files
...
001 (10903358.021.000) 06/21 17:43:37 Job executing on host: <128.142.248.80:9618?addrs=128.142.248.80-9618+[2001-1458-301-73--100-140]-9618&alias=b9g23p6060.cern.ch&noUDP&sock=startd_8000_e9be>
	SlotName: slot1_34@b9g23p6060.cern.ch
	CondorScratchDir = "/pool/condor/dir_3276702"
	Cpus = 1
	Disk = 13098
	GPUs = 0
	Memory = 3000
...
006 (10903358.021.000) 06/21 17:43:51 Image size of job updated: 50548
	50  -  MemoryUsage of job (MB)
	50548  -  ResidentSetSize of job (KB)
...
006 (10903358.021.000) 06/21 17:43:56 Image size of job updated: 65200
	50  -  MemoryUsage of job (MB)
	50548  -  ResidentSetSize of job (KB)
...
040 (10903358.021.000) 06/21 17:43:56 Started transferring output files
...
040 (10903358.021.000) 06/21 17:43:56 Finished transferring output files
...
005 (10903358.021.000) 06/21 17:43:56 Job terminated.
	(1) Normal termination (return value 1)
		Usr 0 00:00:07, Sys 0 00:00:02  -  Run Remote Usage
		Usr 0 00:00:00, Sys 0 00:00:00  -  Run Local Usage
		Usr 0 00:00:07, Sys 0 00:00:02  -  Total Remote Usage
		Usr 0 00:00:00, Sys 0 00:00:00  -  Total Local Usage
	2317  -  Run Bytes Sent By Job
	9642281  -  Run Bytes Received By Job
	2317  -  Total Bytes Sent By Job
	9642281  -  Total Bytes Received By Job
	Partitionable Resources :    Usage  Request Allocated 
	   Cpus                 :        0        1         1 
	   Disk (KB)            :     9444    10000     13098 
	   GPUs                 :                           0 
	   Memory (MB)          :       50     3000      3000 
	   TimeExecute (s)      :       19                    
	   TimeSlotBusy (s)     :       21                    

	Job terminated of its own accord at 2025-06-21T15:43:56Z with exit-code 1.
...
