000 (10903354.063.000) 06/21 17:34:55 Job submitted from host: <188.185.121.235:9618?addrs=188.185.121.235-9618+[2001-1458-d00-49--100-36e]-9618&alias=bigbird22.cern.ch&noUDP&sock=schedd_5086_26c4>
...
040 (10903354.063.000) 06/21 17:37:18 Started transferring input files
	Transferring to host: <188.185.211.214:9618?addrs=188.185.211.214-9618+[2001-1458-303-17--100-52]-9618&alias=b9p24p6418.cern.ch&noUDP&sock=slot1_20_8377_1aae_20853>
...
040 (10903354.063.000) 06/21 17:37:18 Finished transferring input files
...
001 (10903354.063.000) 06/21 17:37:19 Job executing on host: <188.185.211.214:9618?addrs=188.185.211.214-9618+[2001-1458-303-17--100-52]-9618&alias=b9p24p6418.cern.ch&noUDP&sock=startd_8221_802c>
	SlotName: slot1_20@b9p24p6418.cern.ch
	CondorScratchDir = "/pool/condor/dir_4035966"
	Cpus = 1
	Disk = 13048
	GPUs = 0
	Memory = 3000
...
006 (10903354.063.000) 06/21 17:37:28 Image size of job updated: 99856
	98  -  MemoryUsage of job (MB)
	99856  -  ResidentSetSize of job (KB)
...
006 (10903354.063.000) 06/21 17:37:33 Image size of job updated: 102444
	101  -  MemoryUsage of job (MB)
	102444  -  ResidentSetSize of job (KB)
...
040 (10903354.063.000) 06/21 17:37:33 Started transferring output files
...
040 (10903354.063.000) 06/21 17:37:33 Finished transferring output files
...
005 (10903354.063.000) 06/21 17:37:33 Job terminated.
	(1) Normal termination (return value 1)
		Usr 0 00:00:05, Sys 0 00:00:04  -  Run Remote Usage
		Usr 0 00:00:00, Sys 0 00:00:00  -  Run Local Usage
		Usr 0 00:00:05, Sys 0 00:00:04  -  Total Remote Usage
		Usr 0 00:00:00, Sys 0 00:00:00  -  Total Local Usage
	2255  -  Run Bytes Sent By Job
	9642270  -  Run Bytes Received By Job
	2255  -  Total Bytes Sent By Job
	9642270  -  Total Bytes Received By Job
	Partitionable Resources :    Usage  Request Allocated 
	   Cpus                 :        0        1         1 
	   Disk (KB)            :     9444    10000     13048 
	   GPUs                 :                           0 
	   Memory (MB)          :      101     3000      3000 
	   TimeExecute (s)      :       14                    
	   TimeSlotBusy (s)     :       16                    

	Job terminated of its own accord at 2025-06-21T15:37:33Z with exit-code 1.
...
