000 (10903358.012.000) 06/21 17:42:46 Job submitted from host: <188.185.121.235:9618?addrs=188.185.121.235-9618+[2001-1458-d00-49--100-36e]-9618&alias=bigbird22.cern.ch&noUDP&sock=schedd_5086_26c4>
...
040 (10903358.012.000) 06/21 17:43:33 Started transferring input files
	Transferring to host: <128.142.33.47:9618?addrs=128.142.33.47-9618+[2001-1458-301-53--100-2c]-9618&alias=b9g34p6522.cern.ch&noUDP&sock=slot1_21_3334673_8c0c_29455>
...
040 (10903358.012.000) 06/21 17:43:33 Finished transferring input files
...
001 (10903358.012.000) 06/21 17:43:34 Job executing on host: <128.142.33.47:9618?addrs=128.142.33.47-9618+[2001-1458-301-53--100-2c]-9618&alias=b9g34p6522.cern.ch&noUDP&sock=startd_3090_0fbb>
	SlotName: slot1_21@b9g34p6522.cern.ch
	CondorScratchDir = "/pool/condor/dir_1371641"
	Cpus = 1
	Disk = 13084
	GPUs = 0
	Memory = 3000
...
006 (10903358.012.000) 06/21 17:43:48 Image size of job updated: 52672
	52  -  MemoryUsage of job (MB)
	52672  -  ResidentSetSize of job (KB)
...
006 (10903358.012.000) 06/21 17:43:54 Image size of job updated: 53096
	52  -  MemoryUsage of job (MB)
	53096  -  ResidentSetSize of job (KB)
...
040 (10903358.012.000) 06/21 17:43:54 Started transferring output files
...
040 (10903358.012.000) 06/21 17:43:54 Finished transferring output files
...
005 (10903358.012.000) 06/21 17:43:54 Job terminated.
	(1) Normal termination (return value 1)
		Usr 0 00:00:08, Sys 0 00:00:03  -  Run Remote Usage
		Usr 0 00:00:00, Sys 0 00:00:00  -  Run Local Usage
		Usr 0 00:00:08, Sys 0 00:00:03  -  Total Remote Usage
		Usr 0 00:00:00, Sys 0 00:00:00  -  Total Local Usage
	2317  -  Run Bytes Sent By Job
	9642281  -  Run Bytes Received By Job
	2317  -  Total Bytes Sent By Job
	9642281  -  Total Bytes Received By Job
	Partitionable Resources :    Usage  Request Allocated 
	   Cpus                 :        0        1         1 
	   Disk (KB)            :     9444    10000     13084 
	   GPUs                 :                           0 
	   Memory (MB)          :       52     3000      3000 
	   TimeExecute (s)      :       20                    
	   TimeSlotBusy (s)     :       22                    

	Job terminated of its own accord at 2025-06-21T15:43:54Z with exit-code 1.
...
