000 (10903356.083.000) 06/21 17:42:10 Job submitted from host: <188.185.121.235:9618?addrs=188.185.121.235-9618+[2001-1458-d00-49--100-36e]-9618&alias=bigbird22.cern.ch&noUDP&sock=schedd_5086_26c4>
...
040 (10903356.083.000) 06/21 17:43:28 Started transferring input files
	Transferring to host: <128.142.161.115:9618?addrs=128.142.161.115-9618+[2001-1458-301-b8--100-31]-9618&alias=b9g03p1277.cern.ch&noUDP&sock=slot1_17_4591_8654_7050>
...
040 (10903356.083.000) 06/21 17:43:28 Finished transferring input files
...
001 (10903356.083.000) 06/21 17:43:29 Job executing on host: <128.142.161.115:9618?addrs=128.142.161.115-9618+[2001-1458-301-b8--100-31]-9618&alias=b9g03p1277.cern.ch&noUDP&sock=startd_4017_e806>
	SlotName: slot1_17@b9g03p1277.cern.ch
	CondorScratchDir = "/pool/condor/dir_382436"
	Cpus = 1
	Disk = 13117
	GPUs = 0
	Memory = 3000
...
006 (10903356.083.000) 06/21 17:43:43 Image size of job updated: 53272
	53  -  MemoryUsage of job (MB)
	53272  -  ResidentSetSize of job (KB)
...
040 (10903356.083.000) 06/21 17:43:51 Started transferring output files
...
040 (10903356.083.000) 06/21 17:43:51 Finished transferring output files
...
005 (10903356.083.000) 06/21 17:43:51 Job terminated.
	(1) Normal termination (return value 1)
		Usr 0 00:00:07, Sys 0 00:00:03  -  Run Remote Usage
		Usr 0 00:00:00, Sys 0 00:00:00  -  Run Local Usage
		Usr 0 00:00:07, Sys 0 00:00:03  -  Total Remote Usage
		Usr 0 00:00:00, Sys 0 00:00:00  -  Total Local Usage
	2316  -  Run Bytes Sent By Job
	9642281  -  Run Bytes Received By Job
	2316  -  Total Bytes Sent By Job
	9642281  -  Total Bytes Received By Job
	Partitionable Resources :    Usage  Request Allocated 
	   Cpus                 :        0        1         1 
	   Disk (KB)            :     9444    10000     13117 
	   GPUs                 :                           0 
	   Memory (MB)          :       53     3000      3000 
	   TimeExecute (s)      :       22                    
	   TimeSlotBusy (s)     :       24                    

	Job terminated of its own accord at 2025-06-21T15:43:51Z with exit-code 1.
...
