000 (10903356.085.000) 06/21 17:42:10 Job submitted from host: <188.185.121.235:9618?addrs=188.185.121.235-9618+[2001-1458-d00-49--100-36e]-9618&alias=bigbird22.cern.ch&noUDP&sock=schedd_5086_26c4>
...
040 (10903356.085.000) 06/21 17:43:26 Started transferring input files
	Transferring to host: <188.185.194.60:9618?addrs=188.185.194.60-9618+[2001-1458-303-21--100-38]-9618&alias=b9p20p2494.cern.ch&noUDP&sock=slot1_24_11140_e33e_5717>
...
040 (10903356.085.000) 06/21 17:43:26 Finished transferring input files
...
001 (10903356.085.000) 06/21 17:43:27 Job executing on host: <188.185.194.60:9618?addrs=188.185.194.60-9618+[2001-1458-303-21--100-38]-9618&alias=b9p20p2494.cern.ch&noUDP&sock=startd_9498_6a9d>
	SlotName: slot1_24@b9p20p2494.cern.ch
	CondorScratchDir = "/pool/condor/dir_3728791"
	Cpus = 1
	Disk = 13184
	GPUs = 0
	Memory = 3000
...
006 (10903356.085.000) 06/21 17:43:41 Image size of job updated: 15936
	16  -  MemoryUsage of job (MB)
	15784  -  ResidentSetSize of job (KB)
...
006 (10903356.085.000) 06/21 17:43:50 Image size of job updated: 41732
	16  -  MemoryUsage of job (MB)
	15816  -  ResidentSetSize of job (KB)
...
040 (10903356.085.000) 06/21 17:43:50 Started transferring output files
...
040 (10903356.085.000) 06/21 17:43:50 Finished transferring output files
...
005 (10903356.085.000) 06/21 17:43:50 Job terminated.
	(1) Normal termination (return value 1)
		Usr 0 00:00:07, Sys 0 00:00:03  -  Run Remote Usage
		Usr 0 00:00:00, Sys 0 00:00:00  -  Run Local Usage
		Usr 0 00:00:07, Sys 0 00:00:03  -  Total Remote Usage
		Usr 0 00:00:00, Sys 0 00:00:00  -  Total Local Usage
	2316  -  Run Bytes Sent By Job
	9642281  -  Run Bytes Received By Job
	2316  -  Total Bytes Sent By Job
	9642281  -  Total Bytes Received By Job
	Partitionable Resources :    Usage  Request Allocated 
	   Cpus                 :        0        1         1 
	   Disk (KB)            :     9444    10000     13184 
	   GPUs                 :                           0 
	   Memory (MB)          :       16     3000      3000 
	   TimeExecute (s)      :       23                    
	   TimeSlotBusy (s)     :       25                    

	Job terminated of its own accord at 2025-06-21T15:43:50Z with exit-code 1.
...
