000 (10903356.001.000) 06/21 17:42:10 Job submitted from host: <188.185.121.235:9618?addrs=188.185.121.235-9618+[2001-1458-d00-49--100-36e]-9618&alias=bigbird22.cern.ch&noUDP&sock=schedd_5086_26c4>
...
040 (10903356.001.000) 06/21 17:43:01 Started transferring input files
	Transferring to host: <188.185.193.15:9618?addrs=188.185.193.15-9618+[2001-1458-303-20--100-b]-9618&alias=b9p19p1806.cern.ch&noUDP&sock=slot1_21_2840004_7c99_5084>
...
040 (10903356.001.000) 06/21 17:43:01 Finished transferring input files
...
001 (10903356.001.000) 06/21 17:43:02 Job executing on host: <188.185.193.15:9618?addrs=188.185.193.15-9618+[2001-1458-303-20--100-b]-9618&alias=b9p19p1806.cern.ch&noUDP&sock=startd_2839943_4299>
	SlotName: slot1_21@b9p19p1806.cern.ch
	CondorScratchDir = "/pool/condor/dir_2170242"
	Cpus = 1
	Disk = 13077
	GPUs = 0
	Memory = 3000
...
006 (10903356.001.000) 06/21 17:43:16 Image size of job updated: 52368
	52  -  MemoryUsage of job (MB)
	52368  -  ResidentSetSize of job (KB)
...
040 (10903356.001.000) 06/21 17:43:24 Started transferring output files
...
040 (10903356.001.000) 06/21 17:43:24 Finished transferring output files
...
005 (10903356.001.000) 06/21 17:43:24 Job terminated.
	(1) Normal termination (return value 1)
		Usr 0 00:00:08, Sys 0 00:00:03  -  Run Remote Usage
		Usr 0 00:00:00, Sys 0 00:00:00  -  Run Local Usage
		Usr 0 00:00:08, Sys 0 00:00:03  -  Total Remote Usage
		Usr 0 00:00:00, Sys 0 00:00:00  -  Total Local Usage
	2316  -  Run Bytes Sent By Job
	9642281  -  Run Bytes Received By Job
	2316  -  Total Bytes Sent By Job
	9642281  -  Total Bytes Received By Job
	Partitionable Resources :    Usage  Request Allocated 
	   Cpus                 :        0        1         1 
	   Disk (KB)            :     9444    10000     13077 
	   GPUs                 :                           0 
	   Memory (MB)          :       52     3000      3000 
	   TimeExecute (s)      :       22                    
	   TimeSlotBusy (s)     :       24                    

	Job terminated of its own accord at 2025-06-21T15:43:24Z with exit-code 1.
...
