000 (10903354.090.000) 06/21 17:34:55 Job submitted from host: <188.185.121.235:9618?addrs=188.185.121.235-9618+[2001-1458-d00-49--100-36e]-9618&alias=bigbird22.cern.ch&noUDP&sock=schedd_5086_26c4>
...
040 (10903354.090.000) 06/21 17:37:26 Started transferring input files
	Transferring to host: <188.185.212.164:9618?addrs=188.185.212.164-9618+[2001-1458-303-19--100-20]-9618&alias=b9p26p6759.cern.ch&noUDP&sock=slot1_12_8346_430c_24539>
...
040 (10903354.090.000) 06/21 17:37:26 Finished transferring input files
...
001 (10903354.090.000) 06/21 17:37:27 Job executing on host: <188.185.212.164:9618?addrs=188.185.212.164-9618+[2001-1458-303-19--100-20]-9618&alias=b9p26p6759.cern.ch&noUDP&sock=startd_7807_87f7>
	SlotName: slot1_12@b9p26p6759.cern.ch
	CondorScratchDir = "/pool/condor/dir_1212467"
	Cpus = 1
	Disk = 13040
	GPUs = 0
	Memory = 3000
...
006 (10903354.090.000) 06/21 17:37:41 Image size of job updated: 16776
	17  -  MemoryUsage of job (MB)
	16488  -  ResidentSetSize of job (KB)
...
006 (10903354.090.000) 06/21 17:39:49 Image size of job updated: 61836
	17  -  MemoryUsage of job (MB)
	16488  -  ResidentSetSize of job (KB)
...
040 (10903354.090.000) 06/21 17:39:49 Started transferring output files
...
040 (10903354.090.000) 06/21 17:39:49 Finished transferring output files
...
005 (10903354.090.000) 06/21 17:39:49 Job terminated.
	(1) Normal termination (return value 1)
		Usr 0 00:00:06, Sys 0 00:00:04  -  Run Remote Usage
		Usr 0 00:00:00, Sys 0 00:00:00  -  Run Local Usage
		Usr 0 00:00:06, Sys 0 00:00:04  -  Total Remote Usage
		Usr 0 00:00:00, Sys 0 00:00:00  -  Total Local Usage
	2255  -  Run Bytes Sent By Job
	9642270  -  Run Bytes Received By Job
	2255  -  Total Bytes Sent By Job
	9642270  -  Total Bytes Received By Job
	Partitionable Resources :    Usage  Request Allocated 
	   Cpus                 :        0        1         1 
	   Disk (KB)            :     9445    10000     13040 
	   GPUs                 :                           0 
	   Memory (MB)          :       17     3000      3000 
	   TimeExecute (s)      :      142                    
	   TimeSlotBusy (s)     :      144                    

	Job terminated of its own accord at 2025-06-21T15:39:49Z with exit-code 1.
...
