000 (10903354.026.000) 06/21 17:34:55 Job submitted from host: <188.185.121.235:9618?addrs=188.185.121.235-9618+[2001-1458-d00-49--100-36e]-9618&alias=bigbird22.cern.ch&noUDP&sock=schedd_5086_26c4>
...
040 (10903354.026.000) 06/21 17:37:06 Started transferring input files
	Transferring to host: <128.142.161.111:9618?addrs=128.142.161.111-9618+[2001-1458-301-b8--100-2d]-9618&alias=b9g03p6039.cern.ch&noUDP&sock=slot1_24_10224_7b99_5872>
...
040 (10903354.026.000) 06/21 17:37:06 Finished transferring input files
...
001 (10903354.026.000) 06/21 17:37:07 Job executing on host: <128.142.161.111:9618?addrs=128.142.161.111-9618+[2001-1458-301-b8--100-2d]-9618&alias=b9g03p6039.cern.ch&noUDP&sock=startd_8753_688f>
	SlotName: slot1_24@b9g03p6039.cern.ch
	CondorScratchDir = "/pool/condor/dir_808385"
	Cpus = 1
	Disk = 13169
	GPUs = 0
	Memory = 3000
...
006 (10903354.026.000) 06/21 17:37:21 Image size of job updated: 16444
	17  -  MemoryUsage of job (MB)
	16444  -  ResidentSetSize of job (KB)
...
006 (10903354.026.000) 06/21 17:37:26 Image size of job updated: 56360
	17  -  MemoryUsage of job (MB)
	16444  -  ResidentSetSize of job (KB)
...
040 (10903354.026.000) 06/21 17:37:26 Started transferring output files
...
040 (10903354.026.000) 06/21 17:37:26 Finished transferring output files
...
005 (10903354.026.000) 06/21 17:37:26 Job terminated.
	(1) Normal termination (return value 1)
		Usr 0 00:00:07, Sys 0 00:00:03  -  Run Remote Usage
		Usr 0 00:00:00, Sys 0 00:00:00  -  Run Local Usage
		Usr 0 00:00:07, Sys 0 00:00:03  -  Total Remote Usage
		Usr 0 00:00:00, Sys 0 00:00:00  -  Total Local Usage
	2254  -  Run Bytes Sent By Job
	9642270  -  Run Bytes Received By Job
	2254  -  Total Bytes Sent By Job
	9642270  -  Total Bytes Received By Job
	Partitionable Resources :    Usage  Request Allocated 
	   Cpus                 :        0        1         1 
	   Disk (KB)            :     9444    10000     13169 
	   GPUs                 :                           0 
	   Memory (MB)          :       17     3000      3000 
	   TimeExecute (s)      :       19                    
	   TimeSlotBusy (s)     :       21                    

	Job terminated of its own accord at 2025-06-21T15:37:26Z with exit-code 1.
...
