000 (10903356.009.000) 06/21 17:42:10 Job submitted from host: <188.185.121.235:9618?addrs=188.185.121.235-9618+[2001-1458-d00-49--100-36e]-9618&alias=bigbird22.cern.ch&noUDP&sock=schedd_5086_26c4>
...
040 (10903356.009.000) 06/21 17:43:03 Started transferring input files
	Transferring to host: <188.185.193.59:9618?addrs=188.185.193.59-9618+[2001-1458-303-20--100-37]-9618&alias=b9p19p9983.cern.ch&noUDP&sock=slot1_29_8947_b885_6362>
...
040 (10903356.009.000) 06/21 17:43:03 Finished transferring input files
...
001 (10903356.009.000) 06/21 17:43:04 Job executing on host: <188.185.193.59:9618?addrs=188.185.193.59-9618+[2001-1458-303-20--100-37]-9618&alias=b9p19p9983.cern.ch&noUDP&sock=startd_7901_01de>
	SlotName: slot1_29@b9p19p9983.cern.ch
	CondorScratchDir = "/pool/condor/dir_2952556"
	Cpus = 1
	Disk = 13192
	GPUs = 0
	Memory = 3000
...
006 (10903356.009.000) 06/21 17:43:18 Image size of job updated: 58396
	58  -  MemoryUsage of job (MB)
	58396  -  ResidentSetSize of job (KB)
...
006 (10903356.009.000) 06/21 17:43:25 Image size of job updated: 58400
	58  -  MemoryUsage of job (MB)
	58400  -  ResidentSetSize of job (KB)
...
040 (10903356.009.000) 06/21 17:43:25 Started transferring output files
...
040 (10903356.009.000) 06/21 17:43:25 Finished transferring output files
...
005 (10903356.009.000) 06/21 17:43:25 Job terminated.
	(1) Normal termination (return value 1)
		Usr 0 00:00:08, Sys 0 00:00:03  -  Run Remote Usage
		Usr 0 00:00:00, Sys 0 00:00:00  -  Run Local Usage
		Usr 0 00:00:08, Sys 0 00:00:03  -  Total Remote Usage
		Usr 0 00:00:00, Sys 0 00:00:00  -  Total Local Usage
	2316  -  Run Bytes Sent By Job
	9642281  -  Run Bytes Received By Job
	2316  -  Total Bytes Sent By Job
	9642281  -  Total Bytes Received By Job
	Partitionable Resources :    Usage  Request Allocated 
	   Cpus                 :        0        1         1 
	   Disk (KB)            :     9444    10000     13192 
	   GPUs                 :                           0 
	   Memory (MB)          :       58     3000      3000 
	   TimeExecute (s)      :       21                    
	   TimeSlotBusy (s)     :       23                    

	Job terminated of its own accord at 2025-06-21T15:43:25Z with exit-code 1.
...
