000 (10903356.047.000) 06/21 17:42:10 Job submitted from host: <188.185.121.235:9618?addrs=188.185.121.235-9618+[2001-1458-d00-49--100-36e]-9618&alias=bigbird22.cern.ch&noUDP&sock=schedd_5086_26c4>
...
040 (10903356.047.000) 06/21 17:43:15 Started transferring input files
	Transferring to host: <188.185.193.42:9618?addrs=188.185.193.42-9618+[2001-1458-303-20--100-26]-9618&alias=b9p19p9290.cern.ch&noUDP&sock=slot1_47_6121_8c52_6255>
...
040 (10903356.047.000) 06/21 17:43:15 Finished transferring input files
...
001 (10903356.047.000) 06/21 17:43:16 Job executing on host: <188.185.193.42:9618?addrs=188.185.193.42-9618+[2001-1458-303-20--100-26]-9618&alias=b9p19p9290.cern.ch&noUDP&sock=startd_5990_3862>
	SlotName: slot1_47@b9p19p9290.cern.ch
	CondorScratchDir = "/pool/condor/dir_317881"
	Cpus = 1
	Disk = 13131
	GPUs = 0
	Memory = 3000
...
006 (10903356.047.000) 06/21 17:43:30 Image size of job updated: 11936
	12  -  MemoryUsage of job (MB)
	11936  -  ResidentSetSize of job (KB)
...
006 (10903356.047.000) 06/21 17:43:34 Image size of job updated: 35932
	12  -  MemoryUsage of job (MB)
	11936  -  ResidentSetSize of job (KB)
...
040 (10903356.047.000) 06/21 17:43:34 Started transferring output files
...
040 (10903356.047.000) 06/21 17:43:34 Finished transferring output files
...
005 (10903356.047.000) 06/21 17:43:34 Job terminated.
	(1) Normal termination (return value 1)
		Usr 0 00:00:07, Sys 0 00:00:02  -  Run Remote Usage
		Usr 0 00:00:00, Sys 0 00:00:00  -  Run Local Usage
		Usr 0 00:00:07, Sys 0 00:00:02  -  Total Remote Usage
		Usr 0 00:00:00, Sys 0 00:00:00  -  Total Local Usage
	2316  -  Run Bytes Sent By Job
	9642281  -  Run Bytes Received By Job
	2316  -  Total Bytes Sent By Job
	9642281  -  Total Bytes Received By Job
	Partitionable Resources :    Usage  Request Allocated 
	   Cpus                 :        0        1         1 
	   Disk (KB)            :     9444    10000     13131 
	   GPUs                 :                           0 
	   Memory (MB)          :       12     3000      3000 
	   TimeExecute (s)      :       18                    
	   TimeSlotBusy (s)     :       20                    

	Job terminated of its own accord at 2025-06-21T15:43:34Z with exit-code 1.
...
