000 (10903358.011.000) 06/21 17:42:46 Job submitted from host: <188.185.121.235:9618?addrs=188.185.121.235-9618+[2001-1458-d00-49--100-36e]-9618&alias=bigbird22.cern.ch&noUDP&sock=schedd_5086_26c4>
...
040 (10903358.011.000) 06/21 17:43:32 Started transferring input files
	Transferring to host: <128.142.52.8:9618?addrs=128.142.52.8-9618+[2001-1458-301-1b--100-5]-9618&alias=b9g02p7484.cern.ch&noUDP&sock=slot1_16_2771669_4c1e_39775>
...
040 (10903358.011.000) 06/21 17:43:32 Finished transferring input files
...
001 (10903358.011.000) 06/21 17:43:33 Job executing on host: <128.142.52.8:9618?addrs=128.142.52.8-9618+[2001-1458-301-1b--100-5]-9618&alias=b9g02p7484.cern.ch&noUDP&sock=startd_3072_b707>
	SlotName: slot1_16@b9g02p7484.cern.ch
	CondorScratchDir = "/pool/condor/dir_645695"
	Cpus = 1
	Disk = 13005
	GPUs = 0
	Memory = 3000
...
006 (10903358.011.000) 06/21 17:43:46 Image size of job updated: 1396
	2  -  MemoryUsage of job (MB)
	1396  -  ResidentSetSize of job (KB)
...
006 (10903358.011.000) 06/21 17:44:12 Image size of job updated: 18312
	2  -  MemoryUsage of job (MB)
	1396  -  ResidentSetSize of job (KB)
...
040 (10903358.011.000) 06/21 17:44:12 Started transferring output files
...
040 (10903358.011.000) 06/21 17:44:12 Finished transferring output files
...
005 (10903358.011.000) 06/21 17:44:12 Job terminated.
	(1) Normal termination (return value 1)
		Usr 0 00:00:05, Sys 0 00:00:02  -  Run Remote Usage
		Usr 0 00:00:00, Sys 0 00:00:00  -  Run Local Usage
		Usr 0 00:00:05, Sys 0 00:00:02  -  Total Remote Usage
		Usr 0 00:00:00, Sys 0 00:00:00  -  Total Local Usage
	2316  -  Run Bytes Sent By Job
	9642281  -  Run Bytes Received By Job
	2316  -  Total Bytes Sent By Job
	9642281  -  Total Bytes Received By Job
	Partitionable Resources :    Usage  Request Allocated 
	   Cpus                 :     0.00        1         1 
	   Disk (KB)            :  9445       10000     13005 
	   GPUs                 :                           0 
	   Memory (MB)          :     2        3000      3000 
	   TimeExecute (s)      :    39                       
	   TimeSlotBusy (s)     :    41                       

	Job terminated of its own accord at 2025-06-21T15:44:12Z with exit-code 1.
...
