000 (10903354.053.000) 06/21 17:34:55 Job submitted from host: <188.185.121.235:9618?addrs=188.185.121.235-9618+[2001-1458-d00-49--100-36e]-9618&alias=bigbird22.cern.ch&noUDP&sock=schedd_5086_26c4>
...
040 (10903354.053.000) 06/21 17:37:15 Started transferring input files
	Transferring to host: <188.185.212.86:9618?addrs=188.185.212.86-9618+[2001-1458-303-18--100-52]-9618&alias=b9p25p1513.cern.ch&noUDP&sock=slot1_27_8397_322f_22262>
...
040 (10903354.053.000) 06/21 17:37:15 Finished transferring input files
...
001 (10903354.053.000) 06/21 17:37:16 Job executing on host: <188.185.212.86:9618?addrs=188.185.212.86-9618+[2001-1458-303-18--100-52]-9618&alias=b9p25p1513.cern.ch&noUDP&sock=startd_8265_ae57>
	SlotName: slot1_27@b9p25p1513.cern.ch
	CondorScratchDir = "/pool/condor/dir_1362268"
	Cpus = 1
	Disk = 13047
	GPUs = 0
	Memory = 3000
...
006 (10903354.053.000) 06/21 17:37:25 Image size of job updated: 54468
	54  -  MemoryUsage of job (MB)
	54468  -  ResidentSetSize of job (KB)
...
006 (10903354.053.000) 06/21 17:39:10 Image size of job updated: 100552
	99  -  MemoryUsage of job (MB)
	100552  -  ResidentSetSize of job (KB)
...
040 (10903354.053.000) 06/21 17:39:11 Started transferring output files
...
040 (10903354.053.000) 06/21 17:39:11 Finished transferring output files
...
005 (10903354.053.000) 06/21 17:39:11 Job terminated.
	(1) Normal termination (return value 1)
		Usr 0 00:00:05, Sys 0 00:00:04  -  Run Remote Usage
		Usr 0 00:00:00, Sys 0 00:00:00  -  Run Local Usage
		Usr 0 00:00:05, Sys 0 00:00:04  -  Total Remote Usage
		Usr 0 00:00:00, Sys 0 00:00:00  -  Total Local Usage
	2255  -  Run Bytes Sent By Job
	9642270  -  Run Bytes Received By Job
	2255  -  Total Bytes Sent By Job
	9642270  -  Total Bytes Received By Job
	Partitionable Resources :    Usage  Request Allocated 
	   Cpus                 :        0        1         1 
	   Disk (KB)            :     9444    10000     13047 
	   GPUs                 :                           0 
	   Memory (MB)          :       99     3000      3000 
	   TimeExecute (s)      :      114                    
	   TimeSlotBusy (s)     :      117                    

	Job terminated of its own accord at 2025-06-21T15:39:10Z with exit-code 1.
...
