000 (10903356.057.000) 06/21 17:42:10 Job submitted from host: <188.185.121.235:9618?addrs=188.185.121.235-9618+[2001-1458-d00-49--100-36e]-9618&alias=bigbird22.cern.ch&noUDP&sock=schedd_5086_26c4>
...
040 (10903356.057.000) 06/21 17:43:18 Started transferring input files
	Transferring to host: <188.185.195.77:9618?addrs=188.185.195.77-9618+[2001-1458-303-22--100-49]-9618&alias=b9p17p9952.cern.ch&noUDP&sock=slot1_4_7742_b074_21475>
...
040 (10903356.057.000) 06/21 17:43:18 Finished transferring input files
...
001 (10903356.057.000) 06/21 17:43:19 Job executing on host: <188.185.195.77:9618?addrs=188.185.195.77-9618+[2001-1458-303-22--100-49]-9618&alias=b9p17p9952.cern.ch&noUDP&sock=startd_6822_e72e>
	SlotName: slot1_4@b9p17p9952.cern.ch
	CondorScratchDir = "/pool/condor/dir_2186300"
	Cpus = 1
	Disk = 13189
	GPUs = 0
	Memory = 3000
...
006 (10903356.057.000) 06/21 17:43:33 Image size of job updated: 50728
	40  -  MemoryUsage of job (MB)
	40196  -  ResidentSetSize of job (KB)
...
006 (10903356.057.000) 06/21 17:43:42 Image size of job updated: 60380
	40  -  MemoryUsage of job (MB)
	40400  -  ResidentSetSize of job (KB)
...
040 (10903356.057.000) 06/21 17:43:42 Started transferring output files
...
040 (10903356.057.000) 06/21 17:43:42 Finished transferring output files
...
005 (10903356.057.000) 06/21 17:43:42 Job terminated.
	(1) Normal termination (return value 1)
		Usr 0 00:00:08, Sys 0 00:00:03  -  Run Remote Usage
		Usr 0 00:00:00, Sys 0 00:00:00  -  Run Local Usage
		Usr 0 00:00:08, Sys 0 00:00:03  -  Total Remote Usage
		Usr 0 00:00:00, Sys 0 00:00:00  -  Total Local Usage
	2317  -  Run Bytes Sent By Job
	9642281  -  Run Bytes Received By Job
	2317  -  Total Bytes Sent By Job
	9642281  -  Total Bytes Received By Job
	Partitionable Resources :    Usage  Request Allocated 
	   Cpus                 :        0        1         1 
	   Disk (KB)            :     9444    10000     13189 
	   GPUs                 :                           0 
	   Memory (MB)          :       40     3000      3000 
	   TimeExecute (s)      :       23                    
	   TimeSlotBusy (s)     :       25                    

	Job terminated of its own accord at 2025-06-21T15:43:42Z with exit-code 1.
...
