000 (10903356.029.000) 06/21 17:42:10 Job submitted from host: <188.185.121.235:9618?addrs=188.185.121.235-9618+[2001-1458-d00-49--100-36e]-9618&alias=bigbird22.cern.ch&noUDP&sock=schedd_5086_26c4>
...
040 (10903356.029.000) 06/21 17:43:10 Started transferring input files
	Transferring to host: <188.185.192.68:9618?addrs=188.185.192.68-9618+[2001-1458-303-1f--100-40]-9618&alias=b9p13p8682.cern.ch&noUDP&sock=slot1_25_8841_08c1_23186>
...
040 (10903356.029.000) 06/21 17:43:10 Finished transferring input files
...
001 (10903356.029.000) 06/21 17:43:11 Job executing on host: <188.185.192.68:9618?addrs=188.185.192.68-9618+[2001-1458-303-1f--100-40]-9618&alias=b9p13p8682.cern.ch&noUDP&sock=startd_8793_d858>
	SlotName: slot1_25@b9p13p8682.cern.ch
	CondorScratchDir = "/pool/condor/dir_1040815"
	Cpus = 1
	Disk = 13156
	GPUs = 0
	Memory = 3000
...
006 (10903356.029.000) 06/21 17:43:25 Image size of job updated: 37964
	38  -  MemoryUsage of job (MB)
	37964  -  ResidentSetSize of job (KB)
...
006 (10903356.029.000) 06/21 17:43:29 Image size of job updated: 75700
	38  -  MemoryUsage of job (MB)
	37964  -  ResidentSetSize of job (KB)
...
040 (10903356.029.000) 06/21 17:43:29 Started transferring output files
...
040 (10903356.029.000) 06/21 17:43:29 Finished transferring output files
...
005 (10903356.029.000) 06/21 17:43:29 Job terminated.
	(1) Normal termination (return value 1)
		Usr 0 00:00:07, Sys 0 00:00:02  -  Run Remote Usage
		Usr 0 00:00:00, Sys 0 00:00:00  -  Run Local Usage
		Usr 0 00:00:07, Sys 0 00:00:02  -  Total Remote Usage
		Usr 0 00:00:00, Sys 0 00:00:00  -  Total Local Usage
	2317  -  Run Bytes Sent By Job
	9642281  -  Run Bytes Received By Job
	2317  -  Total Bytes Sent By Job
	9642281  -  Total Bytes Received By Job
	Partitionable Resources :    Usage  Request Allocated 
	   Cpus                 :        0        1         1 
	   Disk (KB)            :     9475    10000     13156 
	   GPUs                 :                           0 
	   Memory (MB)          :       38     3000      3000 
	   TimeExecute (s)      :       18                    
	   TimeSlotBusy (s)     :       20                    

	Job terminated of its own accord at 2025-06-21T15:43:29Z with exit-code 1.
...
