000 (10903354.037.000) 06/21 17:34:55 Job submitted from host: <188.185.121.235:9618?addrs=188.185.121.235-9618+[2001-1458-d00-49--100-36e]-9618&alias=bigbird22.cern.ch&noUDP&sock=schedd_5086_26c4>
...
040 (10903354.037.000) 06/21 17:37:09 Started transferring input files
	Transferring to host: <188.185.193.13:9618?addrs=188.185.193.13-9618+[2001-1458-303-20--100-9]-9618&alias=b9p19p6576.cern.ch&noUDP&sock=slot1_1_6148_9273_6311>
...
040 (10903354.037.000) 06/21 17:37:09 Finished transferring input files
...
001 (10903354.037.000) 06/21 17:37:10 Job executing on host: <188.185.193.13:9618?addrs=188.185.193.13-9618+[2001-1458-303-20--100-9]-9618&alias=b9p19p6576.cern.ch&noUDP&sock=startd_5900_7cdc>
	SlotName: slot1_1@b9p19p6576.cern.ch
	CondorScratchDir = "/pool/condor/dir_3491225"
	Cpus = 1
	Disk = 13102
	GPUs = 0
	Memory = 3000
...
006 (10903354.037.000) 06/21 17:37:25 Image size of job updated: 16624
	17  -  MemoryUsage of job (MB)
	16624  -  ResidentSetSize of job (KB)
...
006 (10903354.037.000) 06/21 17:37:47 Image size of job updated: 73204
	17  -  MemoryUsage of job (MB)
	16624  -  ResidentSetSize of job (KB)
...
040 (10903354.037.000) 06/21 17:37:47 Started transferring output files
...
040 (10903354.037.000) 06/21 17:37:47 Finished transferring output files
...
005 (10903354.037.000) 06/21 17:37:47 Job terminated.
	(1) Normal termination (return value 1)
		Usr 0 00:00:09, Sys 0 00:00:03  -  Run Remote Usage
		Usr 0 00:00:00, Sys 0 00:00:00  -  Run Local Usage
		Usr 0 00:00:09, Sys 0 00:00:03  -  Total Remote Usage
		Usr 0 00:00:00, Sys 0 00:00:00  -  Total Local Usage
	2254  -  Run Bytes Sent By Job
	9642270  -  Run Bytes Received By Job
	2254  -  Total Bytes Sent By Job
	9642270  -  Total Bytes Received By Job
	Partitionable Resources :    Usage  Request Allocated 
	   Cpus                 :        0        1         1 
	   Disk (KB)            :     9444    10000     13102 
	   GPUs                 :                           0 
	   Memory (MB)          :       17     3000      3000 
	   TimeExecute (s)      :       37                    
	   TimeSlotBusy (s)     :       39                    

	Job terminated of its own accord at 2025-06-21T15:37:47Z with exit-code 1.
...
