000 (10903354.046.000) 06/21 17:34:55 Job submitted from host: <188.185.121.235:9618?addrs=188.185.121.235-9618+[2001-1458-d00-49--100-36e]-9618&alias=bigbird22.cern.ch&noUDP&sock=schedd_5086_26c4>
...
040 (10903354.046.000) 06/21 17:37:12 Started transferring input files
	Transferring to host: <188.185.212.235:9618?addrs=188.185.212.235-9618+[2001-1458-303-19--100-67]-9618&alias=b9p26p4134.cern.ch&noUDP&sock=slot1_4_8400_4f4f_21531>
...
040 (10903354.046.000) 06/21 17:37:12 Finished transferring input files
...
001 (10903354.046.000) 06/21 17:37:13 Job executing on host: <188.185.212.235:9618?addrs=188.185.212.235-9618+[2001-1458-303-19--100-67]-9618&alias=b9p26p4134.cern.ch&noUDP&sock=startd_8346_3d83>
	SlotName: slot1_4@b9p26p4134.cern.ch
	CondorScratchDir = "/pool/condor/dir_2021849"
	Cpus = 1
	Disk = 13009
	GPUs = 0
	Memory = 3000
...
006 (10903354.046.000) 06/21 17:37:27 Image size of job updated: 11688
	12  -  MemoryUsage of job (MB)
	11688  -  ResidentSetSize of job (KB)
...
006 (10903354.046.000) 06/21 17:40:57 Image size of job updated: 54220
	12  -  MemoryUsage of job (MB)
	11688  -  ResidentSetSize of job (KB)
...
040 (10903354.046.000) 06/21 17:40:57 Started transferring output files
...
040 (10903354.046.000) 06/21 17:40:57 Finished transferring output files
...
005 (10903354.046.000) 06/21 17:40:57 Job terminated.
	(1) Normal termination (return value 1)
		Usr 0 00:00:06, Sys 0 00:00:04  -  Run Remote Usage
		Usr 0 00:00:00, Sys 0 00:00:00  -  Run Local Usage
		Usr 0 00:00:06, Sys 0 00:00:04  -  Total Remote Usage
		Usr 0 00:00:00, Sys 0 00:00:00  -  Total Local Usage
	2255  -  Run Bytes Sent By Job
	9642270  -  Run Bytes Received By Job
	2255  -  Total Bytes Sent By Job
	9642270  -  Total Bytes Received By Job
	Partitionable Resources :    Usage  Request Allocated 
	   Cpus                 :        0        1         1 
	   Disk (KB)            :     9444    10000     13009 
	   GPUs                 :                           0 
	   Memory (MB)          :       12     3000      3000 
	   TimeExecute (s)      :      224                    
	   TimeSlotBusy (s)     :      226                    

	Job terminated of its own accord at 2025-06-21T15:40:57Z with exit-code 1.
...
