000 (10903354.042.000) 06/21 17:34:55 Job submitted from host: <188.185.121.235:9618?addrs=188.185.121.235-9618+[2001-1458-d00-49--100-36e]-9618&alias=bigbird22.cern.ch&noUDP&sock=schedd_5086_26c4>
...
040 (10903354.042.000) 06/21 17:37:11 Started transferring input files
	Transferring to host: <188.185.212.213:9618?addrs=188.185.212.213-9618+[2001-1458-303-19--100-51]-9618&alias=b9p26p9044.cern.ch&noUDP&sock=slot1_13_2629041_f7f6_4428>
...
040 (10903354.042.000) 06/21 17:37:11 Finished transferring input files
...
001 (10903354.042.000) 06/21 17:37:12 Job executing on host: <188.185.212.213:9618?addrs=188.185.212.213-9618+[2001-1458-303-19--100-51]-9618&alias=b9p26p9044.cern.ch&noUDP&sock=startd_2628977_21ad>
	SlotName: slot1_13@b9p26p9044.cern.ch
	CondorScratchDir = "/pool/condor/dir_3604497"
	Cpus = 1
	Disk = 13095
	GPUs = 0
	Memory = 3000
...
006 (10903354.042.000) 06/21 17:37:26 Image size of job updated: 20892
	21  -  MemoryUsage of job (MB)
	20588  -  ResidentSetSize of job (KB)
...
006 (10903354.042.000) 06/21 17:37:30 Image size of job updated: 75408
	21  -  MemoryUsage of job (MB)
	20588  -  ResidentSetSize of job (KB)
...
040 (10903354.042.000) 06/21 17:37:30 Started transferring output files
...
040 (10903354.042.000) 06/21 17:37:30 Finished transferring output files
...
005 (10903354.042.000) 06/21 17:37:30 Job terminated.
	(1) Normal termination (return value 1)
		Usr 0 00:00:05, Sys 0 00:00:04  -  Run Remote Usage
		Usr 0 00:00:00, Sys 0 00:00:00  -  Run Local Usage
		Usr 0 00:00:05, Sys 0 00:00:04  -  Total Remote Usage
		Usr 0 00:00:00, Sys 0 00:00:00  -  Total Local Usage
	2255  -  Run Bytes Sent By Job
	9642270  -  Run Bytes Received By Job
	2255  -  Total Bytes Sent By Job
	9642270  -  Total Bytes Received By Job
	Partitionable Resources :    Usage  Request Allocated 
	   Cpus                 :        0        1         1 
	   Disk (KB)            :     9444    10000     13095 
	   GPUs                 :                           0 
	   Memory (MB)          :       21     3000      3000 
	   TimeExecute (s)      :       18                    
	   TimeSlotBusy (s)     :       20                    

	Job terminated of its own accord at 2025-06-21T15:37:30Z with exit-code 1.
...
