000 (10903354.069.000) 06/21 17:34:55 Job submitted from host: <188.185.121.235:9618?addrs=188.185.121.235-9618+[2001-1458-d00-49--100-36e]-9618&alias=bigbird22.cern.ch&noUDP&sock=schedd_5086_26c4>
...
040 (10903354.069.000) 06/21 17:37:27 Started transferring input files
	Transferring to host: <188.185.212.68:9618?addrs=188.185.212.68-9618+[2001-1458-303-18--100-40]-9618&alias=b9p25p6239.cern.ch&noUDP&sock=slot1_10_4030584_cd37_4519>
...
040 (10903354.069.000) 06/21 17:37:27 Finished transferring input files
...
001 (10903354.069.000) 06/21 17:37:28 Job executing on host: <188.185.212.68:9618?addrs=188.185.212.68-9618+[2001-1458-303-18--100-40]-9618&alias=b9p25p6239.cern.ch&noUDP&sock=startd_8242_e7a9>
	SlotName: slot1_10@b9p25p6239.cern.ch
	CondorScratchDir = "/pool/condor/dir_184373"
	Cpus = 1
	Disk = 13134
	GPUs = 0
	Memory = 3000
...
006 (10903354.069.000) 06/21 17:37:42 Image size of job updated: 55580
	55  -  MemoryUsage of job (MB)
	55580  -  ResidentSetSize of job (KB)
...
040 (10903354.069.000) 06/21 17:37:49 Started transferring output files
...
040 (10903354.069.000) 06/21 17:37:49 Finished transferring output files
...
005 (10903354.069.000) 06/21 17:37:49 Job terminated.
	(1) Normal termination (return value 1)
		Usr 0 00:00:06, Sys 0 00:00:04  -  Run Remote Usage
		Usr 0 00:00:00, Sys 0 00:00:00  -  Run Local Usage
		Usr 0 00:00:06, Sys 0 00:00:04  -  Total Remote Usage
		Usr 0 00:00:00, Sys 0 00:00:00  -  Total Local Usage
	2255  -  Run Bytes Sent By Job
	9642270  -  Run Bytes Received By Job
	2255  -  Total Bytes Sent By Job
	9642270  -  Total Bytes Received By Job
	Partitionable Resources :    Usage  Request Allocated 
	   Cpus                 :        0        1         1 
	   Disk (KB)            :     9444    10000     13134 
	   GPUs                 :                           0 
	   Memory (MB)          :       55     3000      3000 
	   TimeExecute (s)      :       21                    
	   TimeSlotBusy (s)     :       23                    

	Job terminated of its own accord at 2025-06-21T15:37:49Z with exit-code 1.
...
