000 (10903358.044.000) 06/21 17:42:46 Job submitted from host: <188.185.121.235:9618?addrs=188.185.121.235-9618+[2001-1458-d00-49--100-36e]-9618&alias=bigbird22.cern.ch&noUDP&sock=schedd_5086_26c4>
...
040 (10903358.044.000) 06/21 17:43:43 Started transferring input files
	Transferring to host: <188.185.198.75:9618?addrs=188.185.198.75-9618+[2001-1458-303-25--100-47]-9618&alias=b9p15p1105.cern.ch&noUDP&sock=slot1_39_6697_6469_21357>
...
040 (10903358.044.000) 06/21 17:43:43 Finished transferring input files
...
001 (10903358.044.000) 06/21 17:43:44 Job executing on host: <188.185.198.75:9618?addrs=188.185.198.75-9618+[2001-1458-303-25--100-47]-9618&alias=b9p15p1105.cern.ch&noUDP&sock=startd_6012_4f77>
	SlotName: slot1_39@b9p15p1105.cern.ch
	CondorScratchDir = "/pool/condor/dir_3707478"
	Cpus = 1
	Disk = 13029
	GPUs = 0
	Memory = 3000
...
006 (10903358.044.000) 06/21 17:43:58 Image size of job updated: 16420
	16  -  MemoryUsage of job (MB)
	16252  -  ResidentSetSize of job (KB)
...
006 (10903358.044.000) 06/21 17:44:17 Image size of job updated: 35340
	16  -  MemoryUsage of job (MB)
	16252  -  ResidentSetSize of job (KB)
...
040 (10903358.044.000) 06/21 17:44:17 Started transferring output files
...
040 (10903358.044.000) 06/21 17:44:17 Finished transferring output files
...
005 (10903358.044.000) 06/21 17:44:17 Job terminated.
	(1) Normal termination (return value 1)
		Usr 0 00:00:08, Sys 0 00:00:03  -  Run Remote Usage
		Usr 0 00:00:00, Sys 0 00:00:00  -  Run Local Usage
		Usr 0 00:00:08, Sys 0 00:00:03  -  Total Remote Usage
		Usr 0 00:00:00, Sys 0 00:00:00  -  Total Local Usage
	2317  -  Run Bytes Sent By Job
	9642281  -  Run Bytes Received By Job
	2317  -  Total Bytes Sent By Job
	9642281  -  Total Bytes Received By Job
	Partitionable Resources :    Usage  Request Allocated 
	   Cpus                 :        0        1         1 
	   Disk (KB)            :     9444    10000     13029 
	   GPUs                 :                           0 
	   Memory (MB)          :       16     3000      3000 
	   TimeExecute (s)      :       33                    
	   TimeSlotBusy (s)     :       35                    

	Job terminated of its own accord at 2025-06-21T15:44:17Z with exit-code 1.
...
