000 (10903358.019.000) 06/21 17:42:46 Job submitted from host: <188.185.121.235:9618?addrs=188.185.121.235-9618+[2001-1458-d00-49--100-36e]-9618&alias=bigbird22.cern.ch&noUDP&sock=schedd_5086_26c4>
...
040 (10903358.019.000) 06/21 17:43:35 Started transferring input files
	Transferring to host: <188.185.204.179:9618?addrs=188.185.204.179-9618+[2001-1458-303-8--100-a7]-9618&alias=b9p02p7493.cern.ch&noUDP&sock=slot1_17_2786166_becc_5061>
...
040 (10903358.019.000) 06/21 17:43:35 Finished transferring input files
...
001 (10903358.019.000) 06/21 17:43:36 Job executing on host: <188.185.204.179:9618?addrs=188.185.204.179-9618+[2001-1458-303-8--100-a7]-9618&alias=b9p02p7493.cern.ch&noUDP&sock=startd_9034_26ab>
	SlotName: slot1_17@b9p02p7493.cern.ch
	CondorScratchDir = "/pool/condor/dir_2434028"
	Cpus = 1
	Disk = 12850
	GPUs = 0
	Memory = 3000
...
006 (10903358.019.000) 06/21 17:43:50 Image size of job updated: 16704
	17  -  MemoryUsage of job (MB)
	16704  -  ResidentSetSize of job (KB)
...
006 (10903358.019.000) 06/21 17:43:53 Image size of job updated: 74072
	17  -  MemoryUsage of job (MB)
	16704  -  ResidentSetSize of job (KB)
...
040 (10903358.019.000) 06/21 17:43:53 Started transferring output files
...
040 (10903358.019.000) 06/21 17:43:53 Finished transferring output files
...
005 (10903358.019.000) 06/21 17:43:53 Job terminated.
	(1) Normal termination (return value 1)
		Usr 0 00:00:05, Sys 0 00:00:03  -  Run Remote Usage
		Usr 0 00:00:00, Sys 0 00:00:00  -  Run Local Usage
		Usr 0 00:00:05, Sys 0 00:00:03  -  Total Remote Usage
		Usr 0 00:00:00, Sys 0 00:00:00  -  Total Local Usage
	2317  -  Run Bytes Sent By Job
	9642281  -  Run Bytes Received By Job
	2317  -  Total Bytes Sent By Job
	9642281  -  Total Bytes Received By Job
	Partitionable Resources :    Usage  Request Allocated 
	   Cpus                 :        0        1         1 
	   Disk (KB)            :     9446    10000     12850 
	   GPUs                 :                           0 
	   Memory (MB)          :       17     3000      3000 
	   TimeExecute (s)      :       17                    
	   TimeSlotBusy (s)     :       19                    

	Job terminated of its own accord at 2025-06-21T15:43:53Z with exit-code 1.
...
