000 (10903354.049.000) 06/21 17:34:55 Job submitted from host: <188.185.121.235:9618?addrs=188.185.121.235-9618+[2001-1458-d00-49--100-36e]-9618&alias=bigbird22.cern.ch&noUDP&sock=schedd_5086_26c4>
...
040 (10903354.049.000) 06/21 17:37:13 Started transferring input files
	Transferring to host: <188.185.212.95:9618?addrs=188.185.212.95-9618+[2001-1458-303-18--100-5b]-9618&alias=b9p25p6760.cern.ch&noUDP&sock=slot1_1_8404_20cf_22347>
...
040 (10903354.049.000) 06/21 17:37:13 Finished transferring input files
...
001 (10903354.049.000) 06/21 17:37:14 Job executing on host: <188.185.212.95:9618?addrs=188.185.212.95-9618+[2001-1458-303-18--100-5b]-9618&alias=b9p25p6760.cern.ch&noUDP&sock=startd_8323_76d5>
	SlotName: slot1_1@b9p25p6760.cern.ch
	CondorScratchDir = "/pool/condor/dir_134415"
	Cpus = 1
	Disk = 12993
	GPUs = 0
	Memory = 3000
...
006 (10903354.049.000) 06/21 17:37:28 Image size of job updated: 21260
	17  -  MemoryUsage of job (MB)
	16476  -  ResidentSetSize of job (KB)
...
006 (10903354.049.000) 06/21 17:39:49 Image size of job updated: 65724
	17  -  MemoryUsage of job (MB)
	16476  -  ResidentSetSize of job (KB)
...
040 (10903354.049.000) 06/21 17:39:49 Started transferring output files
...
040 (10903354.049.000) 06/21 17:39:49 Finished transferring output files
...
005 (10903354.049.000) 06/21 17:39:49 Job terminated.
	(1) Normal termination (return value 1)
		Usr 0 00:00:06, Sys 0 00:00:05  -  Run Remote Usage
		Usr 0 00:00:00, Sys 0 00:00:00  -  Run Local Usage
		Usr 0 00:00:06, Sys 0 00:00:05  -  Total Remote Usage
		Usr 0 00:00:00, Sys 0 00:00:00  -  Total Local Usage
	2255  -  Run Bytes Sent By Job
	9642270  -  Run Bytes Received By Job
	2255  -  Total Bytes Sent By Job
	9642270  -  Total Bytes Received By Job
	Partitionable Resources :    Usage  Request Allocated 
	   Cpus                 :        0        1         1 
	   Disk (KB)            :     9444    10000     12993 
	   GPUs                 :                           0 
	   Memory (MB)          :       17     3000      3000 
	   TimeExecute (s)      :      155                    
	   TimeSlotBusy (s)     :      157                    

	Job terminated of its own accord at 2025-06-21T15:39:49Z with exit-code 1.
...
