000 (10903354.000.000) 06/21 17:34:55 Job submitted from host: <188.185.121.235:9618?addrs=188.185.121.235-9618+[2001-1458-d00-49--100-36e]-9618&alias=bigbird22.cern.ch&noUDP&sock=schedd_5086_26c4>
...
040 (10903354.000.000) 06/21 17:36:57 Started transferring input files
	Transferring to host: <188.185.210.155:9618?addrs=188.185.210.155-9618+[2001-1458-303-15--100-17]-9618&alias=b9p22p2852.cern.ch&noUDP&sock=slot1_16_8406_898f_21953>
...
040 (10903354.000.000) 06/21 17:36:57 Finished transferring input files
...
001 (10903354.000.000) 06/21 17:36:58 Job executing on host: <188.185.210.155:9618?addrs=188.185.210.155-9618+[2001-1458-303-15--100-17]-9618&alias=b9p22p2852.cern.ch&noUDP&sock=startd_8257_3195>
	SlotName: slot1_16@b9p22p2852.cern.ch
	CondorScratchDir = "/pool/condor/dir_2187965"
	Cpus = 1
	Disk = 13102
	GPUs = 0
	Memory = 3000
...
006 (10903354.000.000) 06/21 17:37:08 Image size of job updated: 53072
	52  -  MemoryUsage of job (MB)
	53072  -  ResidentSetSize of job (KB)
...
006 (10903354.000.000) 06/21 17:37:21 Image size of job updated: 100296
	98  -  MemoryUsage of job (MB)
	100296  -  ResidentSetSize of job (KB)
...
040 (10903354.000.000) 06/21 17:37:21 Started transferring output files
...
040 (10903354.000.000) 06/21 17:37:21 Finished transferring output files
...
005 (10903354.000.000) 06/21 17:37:21 Job terminated.
	(1) Normal termination (return value 1)
		Usr 0 00:00:06, Sys 0 00:00:04  -  Run Remote Usage
		Usr 0 00:00:00, Sys 0 00:00:00  -  Run Local Usage
		Usr 0 00:00:06, Sys 0 00:00:04  -  Total Remote Usage
		Usr 0 00:00:00, Sys 0 00:00:00  -  Total Local Usage
	2255  -  Run Bytes Sent By Job
	9642270  -  Run Bytes Received By Job
	2255  -  Total Bytes Sent By Job
	9642270  -  Total Bytes Received By Job
	Partitionable Resources :    Usage  Request Allocated 
	   Cpus                 :        0        1         1 
	   Disk (KB)            :     9444    10000     13102 
	   GPUs                 :                           0 
	   Memory (MB)          :       98     3000      3000 
	   TimeExecute (s)      :       23                    
	   TimeSlotBusy (s)     :       25                    

	Job terminated of its own accord at 2025-06-21T15:37:21Z with exit-code 1.
...
