000 (10903354.001.000) 06/21 17:34:55 Job submitted from host: <188.185.121.235:9618?addrs=188.185.121.235-9618+[2001-1458-d00-49--100-36e]-9618&alias=bigbird22.cern.ch&noUDP&sock=schedd_5086_26c4>
...
040 (10903354.001.000) 06/21 17:36:56 Started transferring input files
	Transferring to host: <188.185.211.38:9618?addrs=188.185.211.38-9618+[2001-1458-303-16--100-22]-9618&alias=b9p23p5517.cern.ch&noUDP&sock=slot1_23_8452_f2d1_24017>
...
040 (10903354.001.000) 06/21 17:36:57 Finished transferring input files
...
001 (10903354.001.000) 06/21 17:36:58 Job executing on host: <188.185.211.38:9618?addrs=188.185.211.38-9618+[2001-1458-303-16--100-22]-9618&alias=b9p23p5517.cern.ch&noUDP&sock=startd_8394_2a0f>
	SlotName: slot1_23@b9p23p5517.cern.ch
	CondorScratchDir = "/pool/condor/dir_3925466"
	Cpus = 1
	Disk = 13061
	GPUs = 0
	Memory = 3000
...
006 (10903354.001.000) 06/21 17:37:07 Image size of job updated: 18020
	18  -  MemoryUsage of job (MB)
	18020  -  ResidentSetSize of job (KB)
...
006 (10903354.001.000) 06/21 17:40:52 Image size of job updated: 98828
	97  -  MemoryUsage of job (MB)
	98828  -  ResidentSetSize of job (KB)
...
040 (10903354.001.000) 06/21 17:40:52 Started transferring output files
...
040 (10903354.001.000) 06/21 17:40:52 Finished transferring output files
...
005 (10903354.001.000) 06/21 17:40:52 Job terminated.
	(1) Normal termination (return value 1)
		Usr 0 00:00:06, Sys 0 00:00:04  -  Run Remote Usage
		Usr 0 00:00:00, Sys 0 00:00:00  -  Run Local Usage
		Usr 0 00:00:06, Sys 0 00:00:04  -  Total Remote Usage
		Usr 0 00:00:00, Sys 0 00:00:00  -  Total Local Usage
	2255  -  Run Bytes Sent By Job
	9642270  -  Run Bytes Received By Job
	2255  -  Total Bytes Sent By Job
	9642270  -  Total Bytes Received By Job
	Partitionable Resources :    Usage  Request Allocated 
	   Cpus                 :        0        1         1 
	   Disk (KB)            :     9444    10000     13061 
	   GPUs                 :                           0 
	   Memory (MB)          :       97     3000      3000 
	   TimeExecute (s)      :      234                    
	   TimeSlotBusy (s)     :      236                    

	Job terminated of its own accord at 2025-06-21T15:40:52Z with exit-code 1.
...
