000 (10903354.017.000) 06/21 17:34:55 Job submitted from host: <188.185.121.235:9618?addrs=188.185.121.235-9618+[2001-1458-d00-49--100-36e]-9618&alias=bigbird22.cern.ch&noUDP&sock=schedd_5086_26c4>
...
040 (10903354.017.000) 06/21 17:37:03 Started transferring input files
	Transferring to host: <188.185.198.63:9618?addrs=188.185.198.63-9618+[2001-1458-303-25--100-3b]-9618&alias=b9p15p2915.cern.ch&noUDP&sock=slot1_18_6609_6366_20476>
...
040 (10903354.017.000) 06/21 17:37:03 Finished transferring input files
...
001 (10903354.017.000) 06/21 17:37:04 Job executing on host: <188.185.198.63:9618?addrs=188.185.198.63-9618+[2001-1458-303-25--100-3b]-9618&alias=b9p15p2915.cern.ch&noUDP&sock=startd_5775_bf85>
	SlotName: slot1_18@b9p15p2915.cern.ch
	CondorScratchDir = "/pool/condor/dir_1719040"
	Cpus = 1
	Disk = 13086
	GPUs = 0
	Memory = 3000
...
006 (10903354.017.000) 06/21 17:37:14 Image size of job updated: 17688
	18  -  MemoryUsage of job (MB)
	17688  -  ResidentSetSize of job (KB)
...
006 (10903354.017.000) 06/21 17:40:41 Image size of job updated: 97240
	95  -  MemoryUsage of job (MB)
	97240  -  ResidentSetSize of job (KB)
...
040 (10903354.017.000) 06/21 17:40:41 Started transferring output files
...
040 (10903354.017.000) 06/21 17:40:41 Finished transferring output files
...
005 (10903354.017.000) 06/21 17:40:41 Job terminated.
	(1) Normal termination (return value 1)
		Usr 0 00:00:08, Sys 0 00:00:03  -  Run Remote Usage
		Usr 0 00:00:00, Sys 0 00:00:00  -  Run Local Usage
		Usr 0 00:00:08, Sys 0 00:00:03  -  Total Remote Usage
		Usr 0 00:00:00, Sys 0 00:00:00  -  Total Local Usage
	2255  -  Run Bytes Sent By Job
	9642270  -  Run Bytes Received By Job
	2255  -  Total Bytes Sent By Job
	9642270  -  Total Bytes Received By Job
	Partitionable Resources :    Usage  Request Allocated 
	   Cpus                 :     0.00        1         1 
	   Disk (KB)            :  9444       10000     13086 
	   GPUs                 :                           0 
	   Memory (MB)          :    95        3000      3000 
	   TimeExecute (s)      :   217                       
	   TimeSlotBusy (s)     :   219                       

	Job terminated of its own accord at 2025-06-21T15:40:41Z with exit-code 1.
...
