000 (10903354.074.000) 06/21 17:34:55 Job submitted from host: <188.185.121.235:9618?addrs=188.185.121.235-9618+[2001-1458-d00-49--100-36e]-9618&alias=bigbird22.cern.ch&noUDP&sock=schedd_5086_26c4>
...
040 (10903354.074.000) 06/21 17:37:21 Started transferring input files
	Transferring to host: <188.185.205.206:9618?addrs=188.185.205.206-9618+[2001-1458-303-a--100-4b]-9618&alias=b9p04p2719.cern.ch&noUDP&sock=slot1_10_381138_f344_4956>
...
040 (10903354.074.000) 06/21 17:37:21 Finished transferring input files
...
001 (10903354.074.000) 06/21 17:37:22 Job executing on host: <188.185.205.206:9618?addrs=188.185.205.206-9618+[2001-1458-303-a--100-4b]-9618&alias=b9p04p2719.cern.ch&noUDP&sock=startd_380975_bd86>
	SlotName: slot1_10@b9p04p2719.cern.ch
	CondorScratchDir = "/pool/condor/dir_2338924"
	Cpus = 1
	Disk = 12743
	GPUs = 0
	Memory = 3000
...
006 (10903354.074.000) 06/21 17:37:36 Image size of job updated: 42752
	42  -  MemoryUsage of job (MB)
	42752  -  ResidentSetSize of job (KB)
...
006 (10903354.074.000) 06/21 17:37:40 Image size of job updated: 42792
	42  -  MemoryUsage of job (MB)
	42792  -  ResidentSetSize of job (KB)
...
040 (10903354.074.000) 06/21 17:37:40 Started transferring output files
...
040 (10903354.074.000) 06/21 17:37:40 Finished transferring output files
...
005 (10903354.074.000) 06/21 17:37:40 Job terminated.
	(1) Normal termination (return value 1)
		Usr 0 00:00:05, Sys 0 00:00:04  -  Run Remote Usage
		Usr 0 00:00:00, Sys 0 00:00:00  -  Run Local Usage
		Usr 0 00:00:05, Sys 0 00:00:04  -  Total Remote Usage
		Usr 0 00:00:00, Sys 0 00:00:00  -  Total Local Usage
	2255  -  Run Bytes Sent By Job
	9642270  -  Run Bytes Received By Job
	2255  -  Total Bytes Sent By Job
	9642270  -  Total Bytes Received By Job
	Partitionable Resources :    Usage  Request Allocated 
	   Cpus                 :        0        1         1 
	   Disk (KB)            :     9477    10000     12743 
	   GPUs                 :                           0 
	   Memory (MB)          :       42     3000      3000 
	   TimeExecute (s)      :       18                    
	   TimeSlotBusy (s)     :       20                    

	Job terminated of its own accord at 2025-06-21T15:37:40Z with exit-code 1.
...
