000 (10903356.030.000) 06/21 17:42:10 Job submitted from host: <188.185.121.235:9618?addrs=188.185.121.235-9618+[2001-1458-d00-49--100-36e]-9618&alias=bigbird22.cern.ch&noUDP&sock=schedd_5086_26c4>
...
040 (10903356.030.000) 06/21 17:43:10 Started transferring input files
	Transferring to host: <188.185.194.127:9618?addrs=188.185.194.127-9618+[2001-1458-303-21--100-7b]-9618&alias=b9p20p8214.cern.ch&noUDP&sock=slot1_15_4201_bc04_5864>
...
040 (10903356.030.000) 06/21 17:43:10 Finished transferring input files
...
001 (10903356.030.000) 06/21 17:43:11 Job executing on host: <188.185.194.127:9618?addrs=188.185.194.127-9618+[2001-1458-303-21--100-7b]-9618&alias=b9p20p8214.cern.ch&noUDP&sock=startd_3676_023b>
	SlotName: slot1_15@b9p20p8214.cern.ch
	CondorScratchDir = "/pool/condor/dir_1725314"
	Cpus = 1
	Disk = 13154
	GPUs = 0
	Memory = 3000
...
006 (10903356.030.000) 06/21 17:43:25 Image size of job updated: 15520
	16  -  MemoryUsage of job (MB)
	15520  -  ResidentSetSize of job (KB)
...
006 (10903356.030.000) 06/21 17:47:12 Image size of job updated: 63612
	16  -  MemoryUsage of job (MB)
	15520  -  ResidentSetSize of job (KB)
...
040 (10903356.030.000) 06/21 17:47:12 Started transferring output files
...
040 (10903356.030.000) 06/21 17:47:12 Finished transferring output files
...
005 (10903356.030.000) 06/21 17:47:12 Job terminated.
	(1) Normal termination (return value 1)
		Usr 0 00:00:08, Sys 0 00:00:03  -  Run Remote Usage
		Usr 0 00:00:00, Sys 0 00:00:00  -  Run Local Usage
		Usr 0 00:00:08, Sys 0 00:00:03  -  Total Remote Usage
		Usr 0 00:00:00, Sys 0 00:00:00  -  Total Local Usage
	2316  -  Run Bytes Sent By Job
	9642281  -  Run Bytes Received By Job
	2316  -  Total Bytes Sent By Job
	9642281  -  Total Bytes Received By Job
	Partitionable Resources :    Usage  Request Allocated 
	   Cpus                 :        0        1         1 
	   Disk (KB)            :     9444    10000     13154 
	   GPUs                 :                           0 
	   Memory (MB)          :       16     3000      3000 
	   TimeExecute (s)      :      241                    
	   TimeSlotBusy (s)     :      243                    

	Job terminated of its own accord at 2025-06-21T15:47:12Z with exit-code 1.
...
