000 (10903356.011.000) 06/21 17:42:10 Job submitted from host: <188.185.121.235:9618?addrs=188.185.121.235-9618+[2001-1458-d00-49--100-36e]-9618&alias=bigbird22.cern.ch&noUDP&sock=schedd_5086_26c4>
...
040 (10903356.011.000) 06/21 17:43:04 Started transferring input files
	Transferring to host: <188.185.192.112:9618?addrs=188.185.192.112-9618+[2001-1458-303-1f--100-6c]-9618&alias=b9p13p2520.cern.ch&noUDP&sock=slot1_54_8858_0321_22836>
...
040 (10903356.011.000) 06/21 17:43:04 Finished transferring input files
...
001 (10903356.011.000) 06/21 17:43:05 Job executing on host: <188.185.192.112:9618?addrs=188.185.192.112-9618+[2001-1458-303-1f--100-6c]-9618&alias=b9p13p2520.cern.ch&noUDP&sock=startd_8718_66be>
	SlotName: slot1_54@b9p13p2520.cern.ch
	CondorScratchDir = "/pool/condor/dir_3223190"
	Cpus = 1
	Disk = 12943
	GPUs = 0
	Memory = 3000
...
006 (10903356.011.000) 06/21 17:43:14 Image size of job updated: 62892
	62  -  MemoryUsage of job (MB)
	62892  -  ResidentSetSize of job (KB)
...
006 (10903356.011.000) 06/21 17:43:21 Image size of job updated: 104720
	103  -  MemoryUsage of job (MB)
	104720  -  ResidentSetSize of job (KB)
...
040 (10903356.011.000) 06/21 17:43:21 Started transferring output files
...
040 (10903356.011.000) 06/21 17:43:21 Finished transferring output files
...
005 (10903356.011.000) 06/21 17:43:21 Job terminated.
	(1) Normal termination (return value 1)
		Usr 0 00:00:08, Sys 0 00:00:03  -  Run Remote Usage
		Usr 0 00:00:00, Sys 0 00:00:00  -  Run Local Usage
		Usr 0 00:00:08, Sys 0 00:00:03  -  Total Remote Usage
		Usr 0 00:00:00, Sys 0 00:00:00  -  Total Local Usage
	2317  -  Run Bytes Sent By Job
	9642281  -  Run Bytes Received By Job
	2317  -  Total Bytes Sent By Job
	9642281  -  Total Bytes Received By Job
	Partitionable Resources :    Usage  Request Allocated 
	   Cpus                 :        0        1         1 
	   Disk (KB)            :     9445    10000     12943 
	   GPUs                 :                           0 
	   Memory (MB)          :      103     3000      3000 
	   TimeExecute (s)      :       16                    
	   TimeSlotBusy (s)     :       18                    

	Job terminated of its own accord at 2025-06-21T15:43:21Z with exit-code 1.
...
