000 (10903356.081.000) 06/21 17:42:10 Job submitted from host: <188.185.121.235:9618?addrs=188.185.121.235-9618+[2001-1458-d00-49--100-36e]-9618&alias=bigbird22.cern.ch&noUDP&sock=schedd_5086_26c4>
...
040 (10903356.081.000) 06/21 17:43:25 Started transferring input files
	Transferring to host: <188.185.194.164:9618?addrs=188.185.194.164-9618+[2001-1458-303-21--100-a0]-9618&alias=b9p20p8139.cern.ch&noUDP&sock=slot1_38_2220255_4047_4793>
...
040 (10903356.081.000) 06/21 17:43:25 Finished transferring input files
...
001 (10903356.081.000) 06/21 17:43:26 Job executing on host: <188.185.194.164:9618?addrs=188.185.194.164-9618+[2001-1458-303-21--100-a0]-9618&alias=b9p20p8139.cern.ch&noUDP&sock=startd_2220217_c54f>
	SlotName: slot1_38@b9p20p8139.cern.ch
	CondorScratchDir = "/pool/condor/dir_2344437"
	Cpus = 1
	Disk = 13159
	GPUs = 0
	Memory = 3000
...
006 (10903356.081.000) 06/21 17:43:40 Image size of job updated: 20476
	20  -  MemoryUsage of job (MB)
	20476  -  ResidentSetSize of job (KB)
...
006 (10903356.081.000) 06/21 17:43:48 Image size of job updated: 49920
	21  -  MemoryUsage of job (MB)
	20948  -  ResidentSetSize of job (KB)
...
040 (10903356.081.000) 06/21 17:43:48 Started transferring output files
...
040 (10903356.081.000) 06/21 17:43:48 Finished transferring output files
...
005 (10903356.081.000) 06/21 17:43:48 Job terminated.
	(1) Normal termination (return value 1)
		Usr 0 00:00:08, Sys 0 00:00:03  -  Run Remote Usage
		Usr 0 00:00:00, Sys 0 00:00:00  -  Run Local Usage
		Usr 0 00:00:08, Sys 0 00:00:03  -  Total Remote Usage
		Usr 0 00:00:00, Sys 0 00:00:00  -  Total Local Usage
	2316  -  Run Bytes Sent By Job
	9642281  -  Run Bytes Received By Job
	2316  -  Total Bytes Sent By Job
	9642281  -  Total Bytes Received By Job
	Partitionable Resources :    Usage  Request Allocated 
	   Cpus                 :        0        1         1 
	   Disk (KB)            :     9444    10000     13159 
	   GPUs                 :                           0 
	   Memory (MB)          :       21     3000      3000 
	   TimeExecute (s)      :       22                    
	   TimeSlotBusy (s)     :       24                    

	Job terminated of its own accord at 2025-06-21T15:43:48Z with exit-code 1.
...
