000 (10903358.034.000) 06/21 17:42:46 Job submitted from host: <188.185.121.235:9618?addrs=188.185.121.235-9618+[2001-1458-d00-49--100-36e]-9618&alias=bigbird22.cern.ch&noUDP&sock=schedd_5086_26c4>
...
040 (10903358.034.000) 06/21 17:43:40 Started transferring input files
	Transferring to host: <128.142.248.84:9618?addrs=128.142.248.84-9618+[2001-1458-301-73--100-144]-9618&alias=b9g23p6084.cern.ch&noUDP&sock=slot1_30_7054_ee58_41735>
...
040 (10903358.034.000) 06/21 17:43:40 Finished transferring input files
...
001 (10903358.034.000) 06/21 17:43:41 Job executing on host: <128.142.248.84:9618?addrs=128.142.248.84-9618+[2001-1458-301-73--100-144]-9618&alias=b9g23p6084.cern.ch&noUDP&sock=startd_6281_d271>
	SlotName: slot1_30@b9g23p6084.cern.ch
	CondorScratchDir = "/pool/condor/dir_1614620"
	Cpus = 1
	Disk = 12944
	GPUs = 0
	Memory = 3000
...
006 (10903358.034.000) 06/21 17:43:55 Image size of job updated: 12976
	13  -  MemoryUsage of job (MB)
	12976  -  ResidentSetSize of job (KB)
...
006 (10903358.034.000) 06/21 17:43:59 Image size of job updated: 58180
	13  -  MemoryUsage of job (MB)
	13084  -  ResidentSetSize of job (KB)
...
040 (10903358.034.000) 06/21 17:43:59 Started transferring output files
...
040 (10903358.034.000) 06/21 17:43:59 Finished transferring output files
...
005 (10903358.034.000) 06/21 17:43:59 Job terminated.
	(1) Normal termination (return value 1)
		Usr 0 00:00:07, Sys 0 00:00:03  -  Run Remote Usage
		Usr 0 00:00:00, Sys 0 00:00:00  -  Run Local Usage
		Usr 0 00:00:07, Sys 0 00:00:03  -  Total Remote Usage
		Usr 0 00:00:00, Sys 0 00:00:00  -  Total Local Usage
	2317  -  Run Bytes Sent By Job
	9642281  -  Run Bytes Received By Job
	2317  -  Total Bytes Sent By Job
	9642281  -  Total Bytes Received By Job
	Partitionable Resources :    Usage  Request Allocated 
	   Cpus                 :     0.07        1         1 
	   Disk (KB)            :  9444       10000     12944 
	   GPUs                 :                           0 
	   Memory (MB)          :    13        3000      3000 
	   TimeExecute (s)      :    18                       
	   TimeSlotBusy (s)     :    20                       

	Job terminated of its own accord at 2025-06-21T15:43:59Z with exit-code 1.
...
