000 (10903356.004.000) 06/21 17:42:10 Job submitted from host: <188.185.121.235:9618?addrs=188.185.121.235-9618+[2001-1458-d00-49--100-36e]-9618&alias=bigbird22.cern.ch&noUDP&sock=schedd_5086_26c4>
...
040 (10903356.004.000) 06/21 17:43:02 Started transferring input files
	Transferring to host: <188.185.195.20:9618?addrs=188.185.195.20-9618+[2001-1458-303-22--100-10]-9618&alias=b9p17p9751.cern.ch&noUDP&sock=slot1_24_6636_6987_6098>
...
040 (10903356.004.000) 06/21 17:43:02 Finished transferring input files
...
001 (10903356.004.000) 06/21 17:43:03 Job executing on host: <188.185.195.20:9618?addrs=188.185.195.20-9618+[2001-1458-303-22--100-10]-9618&alias=b9p17p9751.cern.ch&noUDP&sock=startd_4773_75a0>
	SlotName: slot1_24@b9p17p9751.cern.ch
	CondorScratchDir = "/pool/condor/dir_4054649"
	Cpus = 1
	Disk = 13110
	GPUs = 0
	Memory = 3000
...
006 (10903356.004.000) 06/21 17:43:17 Image size of job updated: 53628
	19  -  MemoryUsage of job (MB)
	18876  -  ResidentSetSize of job (KB)
...
040 (10903356.004.000) 06/21 17:43:24 Started transferring output files
...
040 (10903356.004.000) 06/21 17:43:24 Finished transferring output files
...
005 (10903356.004.000) 06/21 17:43:25 Job terminated.
	(1) Normal termination (return value 1)
		Usr 0 00:00:07, Sys 0 00:00:03  -  Run Remote Usage
		Usr 0 00:00:00, Sys 0 00:00:00  -  Run Local Usage
		Usr 0 00:00:07, Sys 0 00:00:03  -  Total Remote Usage
		Usr 0 00:00:00, Sys 0 00:00:00  -  Total Local Usage
	2316  -  Run Bytes Sent By Job
	9642281  -  Run Bytes Received By Job
	2316  -  Total Bytes Sent By Job
	9642281  -  Total Bytes Received By Job
	Partitionable Resources :    Usage  Request Allocated 
	   Cpus                 :        0        1         1 
	   Disk (KB)            :     9444    10000     13110 
	   GPUs                 :                           0 
	   Memory (MB)          :       19     3000      3000 
	   TimeExecute (s)      :       21                    
	   TimeSlotBusy (s)     :       23                    

	Job terminated of its own accord at 2025-06-21T15:43:24Z with exit-code 1.
...
