Starting job on \n
Running on: Linux b9p15p3661.cern.ch 5.14.0-570.18.1.el9_6.x86_64 #1 SMP PREEMPT_DYNAMIC Tue May 20 07:50:24 EDT 2025 x86_64 x86_64 x86_64 GNU/Linux\n
System software: CentOS Linux release 7.9.2009 (Core) \n
Setting up CROWN for CentOS Version 7.9.2009
subject   : /DC=ch/DC=cern/OU=Organic Units/OU=Users/CN=jiahua/CN=851532/CN=Jiahua Chen/CN=1121402588
issuer    : /DC=ch/DC=cern/OU=Organic Units/OU=Users/CN=jiahua/CN=851532/CN=Jiahua Chen
identity  : /DC=ch/DC=cern/OU=Organic Units/OU=Users/CN=jiahua/CN=851532/CN=Jiahua Chen
type      : RFC3820 compliant impersonation proxy
strength  : 2048
path      : /afs/cern.ch/user/j/jiahua/proxy/x509up_u139833
timeleft  : 199:48:06
key usage : Digital Signature, Key Encipherment
=== VO cms extension information ===
VO        : cms
subject   : /DC=ch/DC=cern/OU=Organic Units/OU=Users/CN=jiahua/CN=851532/CN=Jiahua Chen
issuer    : /DC=ch/DC=cern/OU=computers/CN=cms-auth.cern.ch
attribute : /cms/Role=NULL/Capability=NULL
timeleft  : 191:48:06
uri       : voms-cms-auth.cern.ch:15000

subject   : /DC=ch/DC=cern/OU=Organic Units/OU=Users/CN=jiahua/CN=851532/CN=Jiahua Chen/CN=1121402588
issuer    : /DC=ch/DC=cern/OU=Organic Units/OU=Users/CN=jiahua/CN=851532/CN=Jiahua Chen
identity  : /DC=ch/DC=cern/OU=Organic Units/OU=Users/CN=jiahua/CN=851532/CN=Jiahua Chen
type      : RFC3820 compliant impersonation proxy
strength  : 2048
path      : /afs/cern.ch/user/j/jiahua/proxy/x509up_u139833
timeleft  : 199:48:05
key usage : Digital Signature, Key Encipherment
=== VO cms extension information ===
VO        : cms
subject   : /DC=ch/DC=cern/OU=Organic Units/OU=Users/CN=jiahua/CN=851532/CN=Jiahua Chen
issuer    : /DC=ch/DC=cern/OU=computers/CN=cms-auth.cern.ch
attribute : /cms/Role=NULL/Capability=NULL
timeleft  : 191:48:05
uri       : voms-cms-auth.cern.ch:15000

/eos/user/j/jiahua/MC_2022_inc/Muon_UL22C-16Dec2023-v1/6046dec3-e9fc-4f65-b05e-e4a35e561d08.root
[2025-06-21 17:43:41.906] [main] [info] Checking input files
