000 (10903354.060.000) 06/21 17:34:55 Job submitted from host: <188.185.121.235:9618?addrs=188.185.121.235-9618+[2001-1458-d00-49--100-36e]-9618&alias=bigbird22.cern.ch&noUDP&sock=schedd_5086_26c4>
...
040 (10903354.060.000) 06/21 17:37:17 Started transferring input files
	Transferring to host: <188.185.195.115:9618?addrs=188.185.195.115-9618+[2001-1458-303-22--100-6f]-9618&alias=b9p17p9555.cern.ch&noUDP&sock=slot1_32_1531601_35a3_3712>
...
040 (10903354.060.000) 06/21 17:37:17 Finished transferring input files
...
001 (10903354.060.000) 06/21 17:37:18 Job executing on host: <188.185.195.115:9618?addrs=188.185.195.115-9618+[2001-1458-303-22--100-6f]-9618&alias=b9p17p9555.cern.ch&noUDP&sock=startd_1531423_60d0>
	SlotName: slot1_32@b9p17p9555.cern.ch
	CondorScratchDir = "/pool/condor/dir_3334538"
	Cpus = 1
	Disk = 13069
	GPUs = 0
	Memory = 3000
...
006 (10903354.060.000) 06/21 17:37:28 Image size of job updated: 92888
	91  -  MemoryUsage of job (MB)
	92888  -  ResidentSetSize of job (KB)
...
006 (10903354.060.000) 06/21 17:37:37 Image size of job updated: 104104
	102  -  MemoryUsage of job (MB)
	104104  -  ResidentSetSize of job (KB)
...
040 (10903354.060.000) 06/21 17:37:37 Started transferring output files
...
040 (10903354.060.000) 06/21 17:37:37 Finished transferring output files
...
005 (10903354.060.000) 06/21 17:37:37 Job terminated.
	(1) Normal termination (return value 1)
		Usr 0 00:00:08, Sys 0 00:00:03  -  Run Remote Usage
		Usr 0 00:00:00, Sys 0 00:00:00  -  Run Local Usage
		Usr 0 00:00:08, Sys 0 00:00:03  -  Total Remote Usage
		Usr 0 00:00:00, Sys 0 00:00:00  -  Total Local Usage
	2255  -  Run Bytes Sent By Job
	9642270  -  Run Bytes Received By Job
	2255  -  Total Bytes Sent By Job
	9642270  -  Total Bytes Received By Job
	Partitionable Resources :    Usage  Request Allocated 
	   Cpus                 :        0        1         1 
	   Disk (KB)            :     9444    10000     13069 
	   GPUs                 :                           0 
	   Memory (MB)          :      102     3000      3000 
	   TimeExecute (s)      :       19                    
	   TimeSlotBusy (s)     :       21                    

	Job terminated of its own accord at 2025-06-21T15:37:37Z with exit-code 1.
...
