000 (10903354.084.000) 06/21 17:34:55 Job submitted from host: <188.185.121.235:9618?addrs=188.185.121.235-9618+[2001-1458-d00-49--100-36e]-9618&alias=bigbird22.cern.ch&noUDP&sock=schedd_5086_26c4>
...
040 (10903354.084.000) 06/21 17:37:24 Started transferring input files
	Transferring to host: <188.185.213.167:9618?addrs=188.185.213.167-9618+[2001-1458-303-1b--100-23]-9618&alias=b9p28p1049.cern.ch&noUDP&sock=slot1_8_6603_2926_27520>
...
040 (10903354.084.000) 06/21 17:37:24 Finished transferring input files
...
001 (10903354.084.000) 06/21 17:37:25 Job executing on host: <188.185.213.167:9618?addrs=188.185.213.167-9618+[2001-1458-303-1b--100-23]-9618&alias=b9p28p1049.cern.ch&noUDP&sock=startd_6389_e6ab>
	SlotName: slot1_8@b9p28p1049.cern.ch
	CondorScratchDir = "/pool/condor/dir_1455393"
	Cpus = 1
	Disk = 13059
	GPUs = 0
	Memory = 3000
...
006 (10903354.084.000) 06/21 17:37:35 Image size of job updated: 34440
	34  -  MemoryUsage of job (MB)
	34440  -  ResidentSetSize of job (KB)
...
006 (10903354.084.000) 06/21 17:37:55 Image size of job updated: 104400
	102  -  MemoryUsage of job (MB)
	104400  -  ResidentSetSize of job (KB)
...
040 (10903354.084.000) 06/21 17:37:55 Started transferring output files
...
040 (10903354.084.000) 06/21 17:37:55 Finished transferring output files
...
005 (10903354.084.000) 06/21 17:37:55 Job terminated.
	(1) Normal termination (return value 1)
		Usr 0 00:00:06, Sys 0 00:00:04  -  Run Remote Usage
		Usr 0 00:00:00, Sys 0 00:00:00  -  Run Local Usage
		Usr 0 00:00:06, Sys 0 00:00:04  -  Total Remote Usage
		Usr 0 00:00:00, Sys 0 00:00:00  -  Total Local Usage
	2255  -  Run Bytes Sent By Job
	9642270  -  Run Bytes Received By Job
	2255  -  Total Bytes Sent By Job
	9642270  -  Total Bytes Received By Job
	Partitionable Resources :    Usage  Request Allocated 
	   Cpus                 :     0.01        1         1 
	   Disk (KB)            :  9444       10000     13059 
	   GPUs                 :                           0 
	   Memory (MB)          :   102        3000      3000 
	   TimeExecute (s)      :    30                       
	   TimeSlotBusy (s)     :    32                       

	Job terminated of its own accord at 2025-06-21T15:37:55Z with exit-code 1.
...
