000 (10903356.021.000) 06/21 17:42:10 Job submitted from host: <188.185.121.235:9618?addrs=188.185.121.235-9618+[2001-1458-d00-49--100-36e]-9618&alias=bigbird22.cern.ch&noUDP&sock=schedd_5086_26c4>
...
040 (10903356.021.000) 06/21 17:43:07 Started transferring input files
	Transferring to host: <188.185.198.107:9618?addrs=188.185.198.107-9618+[2001-1458-303-25--100-67]-9618&alias=b9p15p3457.cern.ch&noUDP&sock=slot1_28_8992_6d67_20710>
...
040 (10903356.021.000) 06/21 17:43:07 Finished transferring input files
...
001 (10903356.021.000) 06/21 17:43:08 Job executing on host: <188.185.198.107:9618?addrs=188.185.198.107-9618+[2001-1458-303-25--100-67]-9618&alias=b9p15p3457.cern.ch&noUDP&sock=startd_8492_6257>
	SlotName: slot1_28@b9p15p3457.cern.ch
	CondorScratchDir = "/pool/condor/dir_197364"
	Cpus = 1
	Disk = 12982
	GPUs = 0
	Memory = 3000
...
006 (10903356.021.000) 06/21 17:43:22 Image size of job updated: 51264
	51  -  MemoryUsage of job (MB)
	51264  -  ResidentSetSize of job (KB)
...
006 (10903356.021.000) 06/21 17:43:29 Image size of job updated: 51368
	51  -  MemoryUsage of job (MB)
	51368  -  ResidentSetSize of job (KB)
...
040 (10903356.021.000) 06/21 17:43:29 Started transferring output files
...
040 (10903356.021.000) 06/21 17:43:29 Finished transferring output files
...
005 (10903356.021.000) 06/21 17:43:29 Job terminated.
	(1) Normal termination (return value 1)
		Usr 0 00:00:07, Sys 0 00:00:03  -  Run Remote Usage
		Usr 0 00:00:00, Sys 0 00:00:00  -  Run Local Usage
		Usr 0 00:00:07, Sys 0 00:00:03  -  Total Remote Usage
		Usr 0 00:00:00, Sys 0 00:00:00  -  Total Local Usage
	2317  -  Run Bytes Sent By Job
	9642281  -  Run Bytes Received By Job
	2317  -  Total Bytes Sent By Job
	9642281  -  Total Bytes Received By Job
	Partitionable Resources :    Usage  Request Allocated 
	   Cpus                 :        0        1         1 
	   Disk (KB)            :     9444    10000     12982 
	   GPUs                 :                           0 
	   Memory (MB)          :       51     3000      3000 
	   TimeExecute (s)      :       21                    
	   TimeSlotBusy (s)     :       23                    

	Job terminated of its own accord at 2025-06-21T15:43:29Z with exit-code 1.
...
