000 (10903354.027.000) 06/21 17:34:55 Job submitted from host: <188.185.121.235:9618?addrs=188.185.121.235-9618+[2001-1458-d00-49--100-36e]-9618&alias=bigbird22.cern.ch&noUDP&sock=schedd_5086_26c4>
...
040 (10903354.027.000) 06/21 17:37:06 Started transferring input files
	Transferring to host: <188.185.215.183:9618?addrs=188.185.215.183-9618+[2001-1458-303-26--100-33]-9618&alias=b9p18p2721.cern.ch&noUDP&sock=slot1_14_8318_888b_22318>
...
040 (10903354.027.000) 06/21 17:37:06 Finished transferring input files
...
001 (10903354.027.000) 06/21 17:37:07 Job executing on host: <188.185.215.183:9618?addrs=188.185.215.183-9618+[2001-1458-303-26--100-33]-9618&alias=b9p18p2721.cern.ch&noUDP&sock=startd_7638_9c75>
	SlotName: slot1_14@b9p18p2721.cern.ch
	CondorScratchDir = "/pool/condor/dir_1669358"
	Cpus = 1
	Disk = 13026
	GPUs = 0
	Memory = 3000
...
006 (10903354.027.000) 06/21 17:37:16 Image size of job updated: 17948
	18  -  MemoryUsage of job (MB)
	17948  -  ResidentSetSize of job (KB)
...
006 (10903354.027.000) 06/21 17:38:07 Image size of job updated: 97688
	96  -  MemoryUsage of job (MB)
	97688  -  ResidentSetSize of job (KB)
...
040 (10903354.027.000) 06/21 17:38:07 Started transferring output files
...
040 (10903354.027.000) 06/21 17:38:07 Finished transferring output files
...
005 (10903354.027.000) 06/21 17:38:07 Job terminated.
	(1) Normal termination (return value 1)
		Usr 0 00:00:06, Sys 0 00:00:04  -  Run Remote Usage
		Usr 0 00:00:00, Sys 0 00:00:00  -  Run Local Usage
		Usr 0 00:00:06, Sys 0 00:00:04  -  Total Remote Usage
		Usr 0 00:00:00, Sys 0 00:00:00  -  Total Local Usage
	2255  -  Run Bytes Sent By Job
	9642270  -  Run Bytes Received By Job
	2255  -  Total Bytes Sent By Job
	9642270  -  Total Bytes Received By Job
	Partitionable Resources :    Usage  Request Allocated 
	   Cpus                 :        0        1         1 
	   Disk (KB)            :     9444    10000     13026 
	   GPUs                 :                           0 
	   Memory (MB)          :       96     3000      3000 
	   TimeExecute (s)      :       60                    
	   TimeSlotBusy (s)     :       62                    

	Job terminated of its own accord at 2025-06-21T15:38:07Z with exit-code 1.
...
