000 (10903356.031.000) 06/21 17:42:10 Job submitted from host: <188.185.121.235:9618?addrs=188.185.121.235-9618+[2001-1458-d00-49--100-36e]-9618&alias=bigbird22.cern.ch&noUDP&sock=schedd_5086_26c4>
...
040 (10903356.031.000) 06/21 17:43:10 Started transferring input files
	Transferring to host: <188.185.192.104:9618?addrs=188.185.192.104-9618+[2001-1458-303-1f--100-64]-9618&alias=b9p13p1802.cern.ch&noUDP&sock=slot1_50_9028_cae8_22602>
...
040 (10903356.031.000) 06/21 17:43:10 Finished transferring input files
...
001 (10903356.031.000) 06/21 17:43:11 Job executing on host: <188.185.192.104:9618?addrs=188.185.192.104-9618+[2001-1458-303-1f--100-64]-9618&alias=b9p13p1802.cern.ch&noUDP&sock=startd_8880_8516>
	SlotName: slot1_50@b9p13p1802.cern.ch
	CondorScratchDir = "/pool/condor/dir_3439218"
	Cpus = 1
	Disk = 13029
	GPUs = 0
	Memory = 3000
...
006 (10903356.031.000) 06/21 17:43:20 Image size of job updated: 90944
	89  -  MemoryUsage of job (MB)
	90944  -  ResidentSetSize of job (KB)
...
006 (10903356.031.000) 06/21 17:43:26 Image size of job updated: 101852
	100  -  MemoryUsage of job (MB)
	101852  -  ResidentSetSize of job (KB)
...
040 (10903356.031.000) 06/21 17:43:27 Started transferring output files
...
040 (10903356.031.000) 06/21 17:43:27 Finished transferring output files
...
005 (10903356.031.000) 06/21 17:43:27 Job terminated.
	(1) Normal termination (return value 1)
		Usr 0 00:00:07, Sys 0 00:00:03  -  Run Remote Usage
		Usr 0 00:00:00, Sys 0 00:00:00  -  Run Local Usage
		Usr 0 00:00:07, Sys 0 00:00:03  -  Total Remote Usage
		Usr 0 00:00:00, Sys 0 00:00:00  -  Total Local Usage
	2317  -  Run Bytes Sent By Job
	9642281  -  Run Bytes Received By Job
	2317  -  Total Bytes Sent By Job
	9642281  -  Total Bytes Received By Job
	Partitionable Resources :    Usage  Request Allocated 
	   Cpus                 :        0        1         1 
	   Disk (KB)            :     9445    10000     13029 
	   GPUs                 :                           0 
	   Memory (MB)          :      100     3000      3000 
	   TimeExecute (s)      :       15                    
	   TimeSlotBusy (s)     :       18                    

	Job terminated of its own accord at 2025-06-21T15:43:26Z with exit-code 1.
...
